{"meta": {"format": 3, "version": "7.14.1", "timestamp": "2026-07-21T20:48:15.544006", "branch_coverage": false, "show_contexts": false}, "files": {"src\\loats\\alerts.py": {"executed_lines": [6, 7, 8, 10, 11, 19, 20, 21, 22, 23, 24, 29, 31, 34, 37, 39, 40, 41, 42, 43, 44, 46, 48, 49, 50, 53, 54, 55, 58, 60, 61, 63, 64, 65, 66, 67, 68, 69, 70, 71, 75, 76, 77, 78, 80, 86, 87, 88, 91, 93, 95, 96, 97, 102, 104, 105, 106, 108, 110, 111, 112, 117, 121, 125, 126, 127, 136, 144, 146, 147, 148, 151, 152, 153, 156, 157, 159, 160, 161, 166, 167, 168, 169, 174, 175, 176, 177, 178, 179, 180, 181, 183, 185, 187, 188, 189, 190, 191, 192, 193, 198, 201, 209, 219, 220, 221, 222, 224, 226, 227, 228, 229, 230, 233, 237, 238, 240, 242, 255, 256, 257, 258, 259, 260, 262, 263, 264, 265, 267, 269, 270, 271, 272, 273, 274, 275, 276, 280, 281, 282, 287, 299, 300, 301, 302, 303, 304, 305, 308, 309, 310, 311, 312, 313, 315, 316, 317, 318, 320, 322, 323, 329, 330, 331, 332, 333, 335, 337, 338, 343, 346, 347, 348, 350, 352, 353, 356, 359, 360, 361, 363, 365, 366, 367, 368, 370, 371, 372, 373, 374, 382, 387, 389, 390, 391, 392, 396, 397, 404, 409, 411, 412, 417, 420, 421, 422, 424, 426, 427, 432, 440, 442, 443, 444, 445, 446, 447, 450, 451, 453, 454, 455, 457, 458, 459, 460, 461, 463, 469, 475, 477, 478, 479, 480, 481, 482, 483, 489, 490, 491, 492, 494, 496, 498, 509, 511, 513, 517, 519, 522, 523, 526, 528, 529, 541, 542, 546, 548, 549, 552, 557, 558, 562, 566, 568, 580, 581, 582, 583, 585, 590, 591, 592, 593, 603, 605, 607, 608, 612, 613, 617, 619, 624, 629, 630, 631, 632, 642, 646, 647, 648, 649, 655, 657, 658, 659, 660, 661, 662, 664, 665, 666, 667, 668, 678, 679, 685, 689, 690, 691, 692, 693, 694, 696, 697, 698, 704, 710, 711, 717, 719, 720, 726, 730, 731, 732, 733, 734, 735, 736, 737, 738, 739, 740, 741, 742, 743, 744, 746, 747, 757], "summary": {"covered_lines": 341, "num_statements": 435, "percent_covered": 78.39080459770115, "percent_covered_display": "78", "missing_lines": 94, "excluded_lines": 0, "percent_statements_covered": 78.39080459770115, "percent_statements_covered_display": "78"}, "missing_lines": [89, 90, 98, 99, 100, 107, 113, 114, 115, 122, 137, 138, 139, 140, 141, 142, 170, 171, 172, 195, 196, 231, 232, 234, 235, 278, 279, 284, 285, 344, 345, 357, 358, 383, 384, 385, 405, 406, 407, 418, 419, 433, 434, 435, 436, 437, 438, 470, 471, 472, 473, 504, 520, 543, 544, 559, 560, 569, 573, 574, 578, 597, 598, 599, 600, 601, 620, 621, 622, 636, 637, 638, 639, 640, 650, 651, 652, 653, 680, 681, 682, 683, 712, 713, 714, 715, 721, 722, 723, 724, 750, 751, 752, 753], "excluded_lines": [], "functions": {"AlertSystem.__init__": {"executed_lines": [39, 40, 41, 42, 43, 44], "summary": {"covered_lines": 6, "num_statements": 6, "percent_covered": 100.0, "percent_covered_display": "100", "missing_lines": 0, "excluded_lines": 0, "percent_statements_covered": 100.0, "percent_statements_covered_display": "100"}, "missing_lines": [], "excluded_lines": [], "start_line": 37}, "AlertSystem.initialize": {"executed_lines": [48, 49, 50, 53, 54, 55, 58, 60, 61, 63, 64, 65, 66, 67, 68, 69, 70, 71, 75, 76, 77, 78], "summary": {"covered_lines": 22, "num_statements": 22, "percent_covered": 100.0, "percent_covered_display": "100", "missing_lines": 0, "excluded_lines": 0, "percent_statements_covered": 100.0, "percent_statements_covered_display": "100"}, "missing_lines": [], "excluded_lines": [], "start_line": 46}, "AlertSystem.start": {"executed_lines": [86, 87, 88, 91, 93, 95, 96, 97], "summary": {"covered_lines": 8, "num_statements": 13, "percent_covered": 61.53846153846154, "percent_covered_display": "62", "missing_lines": 5, "excluded_lines": 0, "percent_statements_covered": 61.53846153846154, "percent_statements_covered_display": "62"}, "missing_lines": [89, 90, 98, 99, 100], "excluded_lines": [], "start_line": 80}, "AlertSystem.shutdown": {"executed_lines": [104, 105, 106, 108, 110, 111, 112], "summary": {"covered_lines": 7, "num_statements": 11, "percent_covered": 63.63636363636363, "percent_covered_display": "64", "missing_lines": 4, "excluded_lines": 0, "percent_statements_covered": 63.63636363636363, "percent_statements_covered_display": "64"}, "missing_lines": [107, 113, 114, 115], "excluded_lines": [], "start_line": 102}, "AlertSystem._safe_send_message": {"executed_lines": [121, 125, 126, 127, 136], "summary": {"covered_lines": 5, "num_statements": 12, "percent_covered": 41.666666666666664, "percent_covered_display": "42", "missing_lines": 7, "excluded_lines": 0, "percent_statements_covered": 41.666666666666664, "percent_statements_covered_display": "42"}, "missing_lines": [122, 137, 138, 139, 140, 141, 142], "excluded_lines": [], "start_line": 117}, "AlertSystem.send_alert": {"executed_lines": [146, 147, 148, 151, 152, 153, 156, 157, 159, 160, 161, 166, 167, 168, 169], "summary": {"covered_lines": 15, "num_statements": 18, "percent_covered": 83.33333333333333, "percent_covered_display": "83", "missing_lines": 3, "excluded_lines": 0, "percent_statements_covered": 83.33333333333333, "percent_statements_covered_display": "83"}, "missing_lines": [170, 171, 172], "excluded_lines": [], "start_line": 144}, "AlertSystem._format_alert_message": {"executed_lines": [175, 176, 177, 178, 179, 180, 181, 183], "summary": {"covered_lines": 8, "num_statements": 8, "percent_covered": 100.0, "percent_covered_display": "100", "missing_lines": 0, "excluded_lines": 0, "percent_statements_covered": 100.0, "percent_statements_covered_display": "100"}, "missing_lines": [], "excluded_lines": [], "start_line": 174}, "AlertSystem.send_signal_alert": {"executed_lines": [187, 188, 189, 190, 191, 192, 193, 198, 201, 209, 219, 220, 221, 222], "summary": {"covered_lines": 14, "num_statements": 16, "percent_covered": 87.5, "percent_covered_display": "88", "missing_lines": 2, "excluded_lines": 0, "percent_statements_covered": 87.5, "percent_statements_covered_display": "88"}, "missing_lines": [195, 196], "excluded_lines": [], "start_line": 185}, "AlertSystem.send_order_alert": {"executed_lines": [226, 227, 228, 229, 230, 233, 237, 238, 240, 242, 255, 256, 257, 258, 259, 260, 262, 263, 264, 265], "summary": {"covered_lines": 20, "num_statements": 24, "percent_covered": 83.33333333333333, "percent_covered_display": "83", "missing_lines": 4, "excluded_lines": 0, "percent_statements_covered": 83.33333333333333, "percent_statements_covered_display": "83"}, "missing_lines": [231, 232, 234, 235], "excluded_lines": [], "start_line": 224}, "AlertSystem.send_trade_alert": {"executed_lines": [269, 270, 271, 272, 273, 274, 275, 276, 280, 281, 282, 287, 299, 300, 301, 302, 303, 304, 305, 308, 309, 310, 311, 312, 313, 315, 316, 317, 318], "summary": {"covered_lines": 29, "num_statements": 33, "percent_covered": 87.87878787878788, "percent_covered_display": "88", "missing_lines": 4, "excluded_lines": 0, "percent_statements_covered": 87.87878787878788, "percent_statements_covered_display": "88"}, "missing_lines": [278, 279, 284, 285], "excluded_lines": [], "start_line": 267}, "AlertSystem.send_system_alert": {"executed_lines": [322, 323, 329, 330, 331, 332, 333], "summary": {"covered_lines": 7, "num_statements": 7, "percent_covered": 100.0, "percent_covered_display": "100", "missing_lines": 0, "excluded_lines": 0, "percent_statements_covered": 100.0, "percent_statements_covered_display": "100"}, "missing_lines": [], "excluded_lines": [], "start_line": 320}, "AlertSystem._safe_get_position_book": {"executed_lines": [337, 338, 343, 346, 347, 348], "summary": {"covered_lines": 6, "num_statements": 8, "percent_covered": 75.0, "percent_covered_display": "75", "missing_lines": 2, "excluded_lines": 0, "percent_statements_covered": 75.0, "percent_statements_covered_display": "75"}, "missing_lines": [344, 345], "excluded_lines": [], "start_line": 335}, "AlertSystem._safe_get_funds": {"executed_lines": [352, 353, 356, 359, 360, 361], "summary": {"covered_lines": 6, "num_statements": 8, "percent_covered": 75.0, "percent_covered_display": "75", "missing_lines": 2, "excluded_lines": 0, "percent_statements_covered": 75.0, "percent_statements_covered_display": "75"}, "missing_lines": [357, 358], "excluded_lines": [], "start_line": 350}, "AlertSystem.send_position_alert": {"executed_lines": [365, 366, 367, 368, 370, 371, 372, 373, 374, 382], "summary": {"covered_lines": 10, "num_statements": 13, "percent_covered": 76.92307692307692, "percent_covered_display": "77", "missing_lines": 3, "excluded_lines": 0, "percent_statements_covered": 76.92307692307692, "percent_statements_covered_display": "77"}, "missing_lines": [383, 384, 385], "excluded_lines": [], "start_line": 363}, "AlertSystem.send_funds_alert": {"executed_lines": [389, 390, 391, 392, 396, 397, 404], "summary": {"covered_lines": 7, "num_statements": 10, "percent_covered": 70.0, "percent_covered_display": "70", "missing_lines": 3, "excluded_lines": 0, "percent_statements_covered": 70.0, "percent_statements_covered_display": "70"}, "missing_lines": [405, 406, 407], "excluded_lines": [], "start_line": 387}, "AlertSystem._safe_get_all_orders": {"executed_lines": [411, 412, 417, 420, 421, 422], "summary": {"covered_lines": 6, "num_statements": 8, "percent_covered": 75.0, "percent_covered_display": "75", "missing_lines": 2, "excluded_lines": 0, "percent_statements_covered": 75.0, "percent_statements_covered_display": "75"}, "missing_lines": [418, 419], "excluded_lines": [], "start_line": 409}, "AlertSystem._safe_cancel_order": {"executed_lines": [426, 427, 432], "summary": {"covered_lines": 3, "num_statements": 9, "percent_covered": 33.333333333333336, "percent_covered_display": "33", "missing_lines": 6, "excluded_lines": 0, "percent_statements_covered": 33.333333333333336, "percent_statements_covered_display": "33"}, "missing_lines": [433, 434, 435, 436, 437, 438], "excluded_lines": [], "start_line": 424}, "AlertSystem.activate_kill_switch": {"executed_lines": [442, 443, 444, 445, 446, 447, 450, 451, 453, 454, 455, 457, 458, 459, 460, 461, 463, 469], "summary": {"covered_lines": 18, "num_statements": 22, "percent_covered": 81.81818181818181, "percent_covered_display": "82", "missing_lines": 4, "excluded_lines": 0, "percent_statements_covered": 81.81818181818181, "percent_statements_covered_display": "82"}, "missing_lines": [470, 471, 472, 473], "excluded_lines": [], "start_line": 440}, "AlertSystem.deactivate_kill_switch": {"executed_lines": [477, 478, 479, 480, 481, 482, 483, 489, 490, 491, 492], "summary": {"covered_lines": 11, "num_statements": 11, "percent_covered": 100.0, "percent_covered_display": "100", "missing_lines": 0, "excluded_lines": 0, "percent_statements_covered": 100.0, "percent_statements_covered_display": "100"}, "missing_lines": [], "excluded_lines": [], "start_line": 475}, "AlertSystem.is_kill_switch_active": {"executed_lines": [496], "summary": {"covered_lines": 1, "num_statements": 1, "percent_covered": 100.0, "percent_covered_display": "100", "missing_lines": 0, "excluded_lines": 0, "percent_statements_covered": 100.0, "percent_statements_covered_display": "100"}, "missing_lines": [], "excluded_lines": [], "start_line": 494}, "AlertSystem.get_circuit_breaker_status": {"executed_lines": [], "summary": {"covered_lines": 0, "num_statements": 1, "percent_covered": 0.0, "percent_covered_display": "0", "missing_lines": 1, "excluded_lines": 0, "percent_statements_covered": 0.0, "percent_statements_covered_display": "0"}, "missing_lines": [504], "excluded_lines": [], "start_line": 498}, "AlertSystem._is_authorized_admin": {"executed_lines": [511, 513, 517, 519, 522, 523], "summary": {"covered_lines": 6, "num_statements": 7, "percent_covered": 85.71428571428571, "percent_covered_display": "86", "missing_lines": 1, "excluded_lines": 0, "percent_statements_covered": 85.71428571428571, "percent_statements_covered_display": "86"}, "missing_lines": [520], "excluded_lines": [], "start_line": 509}, "AlertSystem._start": {"executed_lines": [528, 529, 541, 542], "summary": {"covered_lines": 4, "num_statements": 6, "percent_covered": 66.66666666666667, "percent_covered_display": "67", "missing_lines": 2, "excluded_lines": 0, "percent_statements_covered": 66.66666666666667, "percent_statements_covered_display": "67"}, "missing_lines": [543, 544], "excluded_lines": [], "start_line": 526}, "AlertSystem._status": {"executed_lines": [548, 549, 552, 557, 558], "summary": {"covered_lines": 5, "num_statements": 7, "percent_covered": 71.42857142857143, "percent_covered_display": "71", "missing_lines": 2, "excluded_lines": 0, "percent_statements_covered": 71.42857142857143, "percent_statements_covered_display": "71"}, "missing_lines": [559, 560], "excluded_lines": [], "start_line": 546}, "AlertSystem._kill_switch": {"executed_lines": [566, 568, 580, 581, 582, 583, 585, 590, 591, 592, 593], "summary": {"covered_lines": 11, "num_statements": 20, "percent_covered": 55.0, "percent_covered_display": "55", "missing_lines": 9, "excluded_lines": 0, "percent_statements_covered": 55.0, "percent_statements_covered_display": "55"}, "missing_lines": [569, 573, 574, 578, 597, 598, 599, 600, 601], "excluded_lines": [], "start_line": 562}, "AlertSystem._resume": {"executed_lines": [605, 607, 608, 612, 613, 617, 619, 624, 629, 630, 631, 632], "summary": {"covered_lines": 12, "num_statements": 20, "percent_covered": 60.0, "percent_covered_display": "60", "missing_lines": 8, "excluded_lines": 0, "percent_statements_covered": 60.0, "percent_statements_covered_display": "60"}, "missing_lines": [620, 621, 622, 636, 637, 638, 639, 640], "excluded_lines": [], "start_line": 603}, "AlertSystem._positions": {"executed_lines": [646, 647, 648, 649], "summary": {"covered_lines": 4, "num_statements": 8, "percent_covered": 50.0, "percent_covered_display": "50", "missing_lines": 4, "excluded_lines": 0, "percent_statements_covered": 50.0, "percent_statements_covered_display": "50"}, "missing_lines": [650, 651, 652, 653], "excluded_lines": [], "start_line": 642}, "AlertSystem._orders": {"executed_lines": [657, 658, 659, 660, 661, 662, 664, 665, 666, 667, 668, 678, 679], "summary": {"covered_lines": 13, "num_statements": 17, "percent_covered": 76.47058823529412, "percent_covered_display": "76", "missing_lines": 4, "excluded_lines": 0, "percent_statements_covered": 76.47058823529412, "percent_statements_covered_display": "76"}, "missing_lines": [680, 681, 682, 683], "excluded_lines": [], "start_line": 655}, "AlertSystem._signals": {"executed_lines": [689, 690, 691, 692, 693, 694, 696, 697, 698, 704, 710, 711], "summary": {"covered_lines": 12, "num_statements": 16, "percent_covered": 75.0, "percent_covered_display": "75", "missing_lines": 4, "excluded_lines": 0, "percent_statements_covered": 75.0, "percent_statements_covered_display": "75"}, "missing_lines": [712, 713, 714, 715], "excluded_lines": [], "start_line": 685}, "AlertSystem._help": {"executed_lines": [719, 720], "summary": {"covered_lines": 2, "num_statements": 6, "percent_covered": 33.333333333333336, "percent_covered_display": "33", "missing_lines": 4, "excluded_lines": 0, "percent_statements_covered": 33.333333333333336, "percent_statements_covered_display": "33"}, "missing_lines": [721, 722, 723, 724], "excluded_lines": [], "start_line": 717}, "AlertSystem._handle_message": {"executed_lines": [730, 731, 732, 733, 734, 735, 736, 737, 738, 739, 740, 741, 742, 743, 744, 746, 747], "summary": {"covered_lines": 17, "num_statements": 21, "percent_covered": 80.95238095238095, "percent_covered_display": "81", "missing_lines": 4, "excluded_lines": 0, "percent_statements_covered": 80.95238095238095, "percent_statements_covered_display": "81"}, "missing_lines": [750, 751, 752, 753], "excluded_lines": [], "start_line": 726}, "": {"executed_lines": [6, 7, 8, 10, 11, 19, 20, 21, 22, 23, 24, 29, 31, 34, 37, 46, 80, 102, 117, 144, 174, 185, 224, 267, 320, 335, 350, 363, 387, 409, 424, 440, 475, 494, 498, 509, 526, 546, 562, 603, 642, 655, 685, 717, 726, 757], "summary": {"covered_lines": 46, "num_statements": 46, "percent_covered": 100.0, "percent_covered_display": "100", "missing_lines": 0, "excluded_lines": 0, "percent_statements_covered": 100.0, "percent_statements_covered_display": "100"}, "missing_lines": [], "excluded_lines": [], "start_line": 1}}, "classes": {"AlertSystem": {"executed_lines": [39, 40, 41, 42, 43, 44, 48, 49, 50, 53, 54, 55, 58, 60, 61, 63, 64, 65, 66, 67, 68, 69, 70, 71, 75, 76, 77, 78, 86, 87, 88, 91, 93, 95, 96, 97, 104, 105, 106, 108, 110, 111, 112, 121, 125, 126, 127, 136, 146, 147, 148, 151, 152, 153, 156, 157, 159, 160, 161, 166, 167, 168, 169, 175, 176, 177, 178, 179, 180, 181, 183, 187, 188, 189, 190, 191, 192, 193, 198, 201, 209, 219, 220, 221, 222, 226, 227, 228, 229, 230, 233, 237, 238, 240, 242, 255, 256, 257, 258, 259, 260, 262, 263, 264, 265, 269, 270, 271, 272, 273, 274, 275, 276, 280, 281, 282, 287, 299, 300, 301, 302, 303, 304, 305, 308, 309, 310, 311, 312, 313, 315, 316, 317, 318, 322, 323, 329, 330, 331, 332, 333, 337, 338, 343, 346, 347, 348, 352, 353, 356, 359, 360, 361, 365, 366, 367, 368, 370, 371, 372, 373, 374, 382, 389, 390, 391, 392, 396, 397, 404, 411, 412, 417, 420, 421, 422, 426, 427, 432, 442, 443, 444, 445, 446, 447, 450, 451, 453, 454, 455, 457, 458, 459, 460, 461, 463, 469, 477, 478, 479, 480, 481, 482, 483, 489, 490, 491, 492, 496, 511, 513, 517, 519, 522, 523, 528, 529, 541, 542, 548, 549, 552, 557, 558, 566, 568, 580, 581, 582, 583, 585, 590, 591, 592, 593, 605, 607, 608, 612, 613, 617, 619, 624, 629, 630, 631, 632, 646, 647, 648, 649, 657, 658, 659, 660, 661, 662, 664, 665, 666, 667, 668, 678, 679, 689, 690, 691, 692, 693, 694, 696, 697, 698, 704, 710, 711, 719, 720, 730, 731, 732, 733, 734, 735, 736, 737, 738, 739, 740, 741, 742, 743, 744, 746, 747], "summary": {"covered_lines": 295, "num_statements": 389, "percent_covered": 75.83547557840618, "percent_covered_display": "76", "missing_lines": 94, "excluded_lines": 0, "percent_statements_covered": 75.83547557840618, "percent_statements_covered_display": "76"}, "missing_lines": [89, 90, 98, 99, 100, 107, 113, 114, 115, 122, 137, 138, 139, 140, 141, 142, 170, 171, 172, 195, 196, 231, 232, 234, 235, 278, 279, 284, 285, 344, 345, 357, 358, 383, 384, 385, 405, 406, 407, 418, 419, 433, 434, 435, 436, 437, 438, 470, 471, 472, 473, 504, 520, 543, 544, 559, 560, 569, 573, 574, 578, 597, 598, 599, 600, 601, 620, 621, 622, 636, 637, 638, 639, 640, 650, 651, 652, 653, 680, 681, 682, 683, 712, 713, 714, 715, 721, 722, 723, 724, 750, 751, 752, 753], "excluded_lines": [], "start_line": 34}, "": {"executed_lines": [6, 7, 8, 10, 11, 19, 20, 21, 22, 23, 24, 29, 31, 34, 37, 46, 80, 102, 117, 144, 174, 185, 224, 267, 320, 335, 350, 363, 387, 409, 424, 440, 475, 494, 498, 509, 526, 546, 562, 603, 642, 655, 685, 717, 726, 757], "summary": {"covered_lines": 46, "num_statements": 46, "percent_covered": 100.0, "percent_covered_display": "100", "missing_lines": 0, "excluded_lines": 0, "percent_statements_covered": 100.0, "percent_statements_covered_display": "100"}, "missing_lines": [], "excluded_lines": [], "start_line": 1}}}, "src\\loats\\config\\_settings.py": {"executed_lines": [3, 4, 5, 6, 8, 9, 12, 15, 23, 26, 29, 32, 37, 40, 43, 46, 47, 48, 51, 54, 59, 62, 67, 70, 71, 76, 77, 80, 81, 82, 87, 90, 95, 98, 101, 106, 110, 111, 112, 114, 116, 117, 118, 120, 122, 123, 124, 126, 130, 132, 133, 134, 136, 137, 138, 140, 143, 144, 146, 147, 148, 150, 151, 152, 154, 155, 156, 158, 159, 160, 162, 163, 164, 166, 167, 168, 170, 171, 175, 177, 179, 183, 184, 190], "summary": {"covered_lines": 84, "num_statements": 86, "percent_covered": 97.67441860465117, "percent_covered_display": "98", "missing_lines": 2, "excluded_lines": 0, "percent_statements_covered": 97.67441860465117, "percent_statements_covered_display": "98"}, "missing_lines": [127, 172], "excluded_lines": [], "functions": {"Settings.validate_decimals": {"executed_lines": [114], "summary": {"covered_lines": 1, "num_statements": 1, "percent_covered": 100.0, "percent_covered_display": "100", "missing_lines": 0, "excluded_lines": 0, "percent_statements_covered": 100.0, "percent_statements_covered_display": "100"}, "missing_lines": [], "excluded_lines": [], "start_line": 112}, "Settings.validate_nim_gap": {"executed_lines": [120], "summary": {"covered_lines": 1, "num_statements": 1, "percent_covered": 100.0, "percent_covered_display": "100", "missing_lines": 0, "excluded_lines": 0, "percent_statements_covered": 100.0, "percent_statements_covered_display": "100"}, "missing_lines": [], "excluded_lines": [], "start_line": 118}, "Settings.validate_environment": {"executed_lines": [126, 130], "summary": {"covered_lines": 2, "num_statements": 3, "percent_covered": 66.66666666666667, "percent_covered_display": "67", "missing_lines": 1, "excluded_lines": 0, "percent_statements_covered": 66.66666666666667, "percent_statements_covered_display": "67"}, "missing_lines": [127], "excluded_lines": [], "start_line": 124}, "Settings.validate_retention_days": {"executed_lines": [136, 137, 138], "summary": {"covered_lines": 3, "num_statements": 3, "percent_covered": 100.0, "percent_covered_display": "100", "missing_lines": 0, "excluded_lines": 0, "percent_statements_covered": 100.0, "percent_statements_covered_display": "100"}, "missing_lines": [], "excluded_lines": [], "start_line": 134}, "Settings.validate_scan_intervals": {"executed_lines": [146, 147, 148], "summary": {"covered_lines": 3, "num_statements": 3, "percent_covered": 100.0, "percent_covered_display": "100", "missing_lines": 0, "excluded_lines": 0, "percent_statements_covered": 100.0, "percent_statements_covered_display": "100"}, "missing_lines": [], "excluded_lines": [], "start_line": 144}, "Settings.validate_sentiment_threshold": {"executed_lines": [154, 155, 156], "summary": {"covered_lines": 3, "num_statements": 3, "percent_covered": 100.0, "percent_covered_display": "100", "missing_lines": 0, "excluded_lines": 0, "percent_statements_covered": 100.0, "percent_statements_covered_display": "100"}, "missing_lines": [], "excluded_lines": [], "start_line": 152}, "Settings.validate_request_timeout": {"executed_lines": [162, 163, 164], "summary": {"covered_lines": 3, "num_statements": 3, "percent_covered": 100.0, "percent_covered_display": "100", "missing_lines": 0, "excluded_lines": 0, "percent_statements_covered": 100.0, "percent_statements_covered_display": "100"}, "missing_lines": [], "excluded_lines": [], "start_line": 160}, "Settings.validate_openalgo_api_key": {"executed_lines": [170, 171, 175], "summary": {"covered_lines": 3, "num_statements": 4, "percent_covered": 75.0, "percent_covered_display": "75", "missing_lines": 1, "excluded_lines": 0, "percent_statements_covered": 75.0, "percent_statements_covered_display": "75"}, "missing_lines": [172], "excluded_lines": [], "start_line": 168}, "Settings.initialize": {"executed_lines": [179], "summary": {"covered_lines": 1, "num_statements": 1, "percent_covered": 100.0, "percent_covered_display": "100", "missing_lines": 0, "excluded_lines": 0, "percent_statements_covered": 100.0, "percent_statements_covered_display": "100"}, "missing_lines": [], "excluded_lines": [], "start_line": 177}, "get_settings": {"executed_lines": [190], "summary": {"covered_lines": 1, "num_statements": 1, "percent_covered": 100.0, "percent_covered_display": "100", "missing_lines": 0, "excluded_lines": 0, "percent_statements_covered": 100.0, "percent_statements_covered_display": "100"}, "missing_lines": [], "excluded_lines": [], "start_line": 184}, "": {"executed_lines": [3, 4, 5, 6, 8, 9, 12, 15, 23, 26, 29, 32, 37, 40, 43, 46, 47, 48, 51, 54, 59, 62, 67, 70, 71, 76, 77, 80, 81, 82, 87, 90, 95, 98, 101, 106, 110, 111, 112, 116, 117, 118, 122, 123, 124, 132, 133, 134, 140, 143, 144, 150, 151, 152, 158, 159, 160, 166, 167, 168, 177, 183, 184], "summary": {"covered_lines": 63, "num_statements": 63, "percent_covered": 100.0, "percent_covered_display": "100", "missing_lines": 0, "excluded_lines": 0, "percent_statements_covered": 100.0, "percent_statements_covered_display": "100"}, "missing_lines": [], "excluded_lines": [], "start_line": 1}}, "classes": {"Settings": {"executed_lines": [114, 120, 126, 130, 136, 137, 138, 146, 147, 148, 154, 155, 156, 162, 163, 164, 170, 171, 175, 179], "summary": {"covered_lines": 20, "num_statements": 22, "percent_covered": 90.9090909090909, "percent_covered_display": "91", "missing_lines": 2, "excluded_lines": 0, "percent_statements_covered": 90.9090909090909, "percent_statements_covered_display": "91"}, "missing_lines": [127, 172], "excluded_lines": [], "start_line": 12}, "": {"executed_lines": [3, 4, 5, 6, 8, 9, 12, 15, 23, 26, 29, 32, 37, 40, 43, 46, 47, 48, 51, 54, 59, 62, 67, 70, 71, 76, 77, 80, 81, 82, 87, 90, 95, 98, 101, 106, 110, 111, 112, 116, 117, 118, 122, 123, 124, 132, 133, 134, 140, 143, 144, 150, 151, 152, 158, 159, 160, 166, 167, 168, 177, 183, 184, 190], "summary": {"covered_lines": 64, "num_statements": 64, "percent_covered": 100.0, "percent_covered_display": "100", "missing_lines": 0, "excluded_lines": 0, "percent_statements_covered": 100.0, "percent_statements_covered_display": "100"}, "missing_lines": [], "excluded_lines": [], "start_line": 1}}}, "src\\loats\\database.py": {"executed_lines": [6, 7, 8, 9, 10, 11, 12, 13, 14, 16, 18, 19, 20, 31, 33, 42, 51, 52, 55, 58, 72, 73, 74, 75, 81, 82, 85, 86, 89, 90, 93, 95, 97, 99, 101, 103, 105, 106, 107, 109, 111, 112, 115, 142, 158, 174, 192, 212, 231, 246, 273, 274, 275, 278, 281, 284, 287, 288, 292, 294, 314, 315, 320, 321, 323, 324, 325, 326, 330, 331, 332, 334, 335, 336, 338, 340, 341, 343, 345, 347, 349, 371, 373, 390, 392, 393, 394, 395, 398, 399, 400, 401, 402, 403, 405, 407, 422, 423, 425, 447, 448, 460, 462, 463, 466, 469, 470, 471, 492, 495, 496, 498, 503, 504, 506, 507, 510, 515, 520, 526, 530, 531, 537, 546, 547, 548, 550, 555, 561, 562, 563, 605, 607, 613, 615, 624, 625, 626, 627, 628, 629, 630, 632, 641, 642, 643, 646, 647, 649, 654, 660, 661, 662, 703, 705, 712, 714, 723, 724, 725, 726, 731, 734, 735, 737, 739, 741, 742, 743, 749, 750, 751, 752, 755, 778, 787, 788, 789, 790, 792, 793, 794, 815, 817, 823, 825, 835, 836, 837, 843, 844, 846, 848, 850, 851, 852, 856, 871, 880, 881, 882, 884, 885, 886, 887, 888, 909, 910, 912, 926, 927, 929, 930, 931, 940, 942, 943, 944, 945, 946, 950, 962, 968, 977, 978, 979, 980, 982, 983, 984, 1007, 1008, 1010, 1019, 1020, 1021, 1029, 1030, 1031, 1033, 1034, 1035, 1039, 1056, 1065, 1066, 1067, 1070, 1071, 1072, 1074, 1075, 1077, 1078, 1079, 1102, 1103, 1105, 1114, 1116, 1117, 1118, 1126, 1127, 1128, 1132, 1147, 1156, 1157, 1158, 1159, 1161, 1162, 1163, 1181, 1182, 1184, 1191, 1192, 1193, 1198, 1199, 1202, 1203, 1204, 1208, 1220, 1229, 1230, 1231, 1232, 1234, 1235, 1236, 1270, 1272, 1278, 1280, 1289, 1290, 1291, 1292, 1293, 1294, 1295, 1297, 1307, 1308, 1309, 1311, 1312, 1313, 1317, 1318, 1320, 1329, 1330, 1331, 1332, 1337, 1340, 1341, 1343, 1345, 1353, 1354, 1355, 1359, 1382, 1394, 1395, 1396, 1397, 1402, 1405, 1406, 1408, 1410, 1411, 1412, 1416, 1429, 1435, 1436, 1437, 1438, 1439, 1441, 1442, 1443, 1444, 1447, 1448, 1450, 1452, 1456, 1458, 1459, 1460, 1462, 1497, 1509, 1513, 1517, 1521, 1525, 1529, 1533, 1537, 1541, 1547, 1554], "summary": {"covered_lines": 372, "num_statements": 417, "percent_covered": 89.20863309352518, "percent_covered_display": "89", "missing_lines": 45, "excluded_lines": 0, "percent_statements_covered": 89.20863309352518, "percent_statements_covered_display": "89"}, "missing_lines": [342, 397, 744, 745, 747, 753, 854, 948, 1037, 1200, 1206, 1357, 1414, 1440, 1451, 1453, 1454, 1472, 1475, 1476, 1477, 1478, 1479, 1480, 1481, 1484, 1485, 1486, 1487, 1488, 1489, 1490, 1493, 1495, 1503, 1511, 1515, 1519, 1523, 1527, 1531, 1535, 1539, 1545, 1549], "excluded_lines": [], "functions": {"Database.__init__": {"executed_lines": [72, 73, 74, 75, 81, 82, 85, 86, 89, 90, 93], "summary": {"covered_lines": 11, "num_statements": 11, "percent_covered": 100.0, "percent_covered_display": "100", "missing_lines": 0, "excluded_lines": 0, "percent_statements_covered": 100.0, "percent_statements_covered_display": "100"}, "missing_lines": [], "excluded_lines": [], "start_line": 58}, "Database.initialize": {"executed_lines": [97], "summary": {"covered_lines": 1, "num_statements": 1, "percent_covered": 100.0, "percent_covered_display": "100", "missing_lines": 0, "excluded_lines": 0, "percent_statements_covered": 100.0, "percent_statements_covered_display": "100"}, "missing_lines": [], "excluded_lines": [], "start_line": 95}, "Database.cleanup": {"executed_lines": [101], "summary": {"covered_lines": 1, "num_statements": 1, "percent_covered": 100.0, "percent_covered_display": "100", "missing_lines": 0, "excluded_lines": 0, "percent_statements_covered": 100.0, "percent_statements_covered_display": "100"}, "missing_lines": [], "excluded_lines": [], "start_line": 99}, "Database.vacuum": {"executed_lines": [105, 106, 107], "summary": {"covered_lines": 3, "num_statements": 3, "percent_covered": 100.0, "percent_covered_display": "100", "missing_lines": 0, "excluded_lines": 0, "percent_statements_covered": 100.0, "percent_statements_covered_display": "100"}, "missing_lines": [], "excluded_lines": [], "start_line": 103}, "Database._initialize_database": {"executed_lines": [111, 112, 115, 142, 158, 174, 192, 212, 231, 246, 273, 274, 275, 278, 281, 284, 287, 288, 292], "summary": {"covered_lines": 19, "num_statements": 19, "percent_covered": 100.0, "percent_covered_display": "100", "missing_lines": 0, "excluded_lines": 0, "percent_statements_covered": 100.0, "percent_statements_covered_display": "100"}, "missing_lines": [], "excluded_lines": [], "start_line": 109}, "Database._get_connection": {"executed_lines": [314, 315, 320, 321, 323, 324, 325, 326, 330, 331, 332, 334, 335, 336], "summary": {"covered_lines": 14, "num_statements": 14, "percent_covered": 100.0, "percent_covered_display": "100", "missing_lines": 0, "excluded_lines": 0, "percent_statements_covered": 100.0, "percent_statements_covered_display": "100"}, "missing_lines": [], "excluded_lines": [], "start_line": 294}, "Database._model_to_dict": {"executed_lines": [340, 341, 343], "summary": {"covered_lines": 3, "num_statements": 4, "percent_covered": 75.0, "percent_covered_display": "75", "missing_lines": 1, "excluded_lines": 0, "percent_statements_covered": 75.0, "percent_statements_covered_display": "75"}, "missing_lines": [342], "excluded_lines": [], "start_line": 338}, "Database._dict_to_model": {"executed_lines": [347], "summary": {"covered_lines": 1, "num_statements": 1, "percent_covered": 100.0, "percent_covered_display": "100", "missing_lines": 0, "excluded_lines": 0, "percent_statements_covered": 100.0, "percent_statements_covered_display": "100"}, "missing_lines": [], "excluded_lines": [], "start_line": 345}, "Database._canonical_serialize": {"executed_lines": [371], "summary": {"covered_lines": 1, "num_statements": 1, "percent_covered": 100.0, "percent_covered_display": "100", "missing_lines": 0, "excluded_lines": 0, "percent_statements_covered": 100.0, "percent_statements_covered_display": "100"}, "missing_lines": [], "excluded_lines": [], "start_line": 349}, "Database._canonical_normalize": {"executed_lines": [390, 392, 393, 394, 395, 398, 399, 400, 401, 402, 403, 405], "summary": {"covered_lines": 12, "num_statements": 13, "percent_covered": 92.3076923076923, "percent_covered_display": "92", "missing_lines": 1, "excluded_lines": 0, "percent_statements_covered": 92.3076923076923, "percent_statements_covered_display": "92"}, "missing_lines": [397], "excluded_lines": [], "start_line": 373}, "Database._calculate_sha256": {"executed_lines": [422, 423], "summary": {"covered_lines": 2, "num_statements": 2, "percent_covered": 100.0, "percent_covered_display": "100", "missing_lines": 0, "excluded_lines": 0, "percent_statements_covered": 100.0, "percent_statements_covered_display": "100"}, "missing_lines": [], "excluded_lines": [], "start_line": 407}, "Database._log_audit": {"executed_lines": [447, 448, 460, 462, 463, 466, 469, 470, 471, 492, 495, 496], "summary": {"covered_lines": 12, "num_statements": 12, "percent_covered": 100.0, "percent_covered_display": "100", "missing_lines": 0, "excluded_lines": 0, "percent_statements_covered": 100.0, "percent_statements_covered_display": "100"}, "missing_lines": [], "excluded_lines": [], "start_line": 425}, "Database._cleanup_old_data": {"executed_lines": [503, 504, 506, 507, 510, 515, 520, 526, 530, 531], "summary": {"covered_lines": 10, "num_statements": 10, "percent_covered": 100.0, "percent_covered_display": "100", "missing_lines": 0, "excluded_lines": 0, "percent_statements_covered": 100.0, "percent_statements_covered_display": "100"}, "missing_lines": [], "excluded_lines": [], "start_line": 498}, "Database.create_trade": {"executed_lines": [546, 547, 548, 550, 555, 561, 562, 563, 605, 607, 613], "summary": {"covered_lines": 11, "num_statements": 11, "percent_covered": 100.0, "percent_covered_display": "100", "missing_lines": 0, "excluded_lines": 0, "percent_statements_covered": 100.0, "percent_statements_covered_display": "100"}, "missing_lines": [], "excluded_lines": [], "start_line": 537}, "Database.get_trade": {"executed_lines": [624, 625, 626, 627, 628, 629, 630], "summary": {"covered_lines": 7, "num_statements": 7, "percent_covered": 100.0, "percent_covered_display": "100", "missing_lines": 0, "excluded_lines": 0, "percent_statements_covered": 100.0, "percent_statements_covered_display": "100"}, "missing_lines": [], "excluded_lines": [], "start_line": 615}, "Database.update_trade": {"executed_lines": [641, 642, 643, 646, 647, 649, 654, 660, 661, 662, 703, 705, 712], "summary": {"covered_lines": 13, "num_statements": 13, "percent_covered": 100.0, "percent_covered_display": "100", "missing_lines": 0, "excluded_lines": 0, "percent_statements_covered": 100.0, "percent_statements_covered_display": "100"}, "missing_lines": [], "excluded_lines": [], "start_line": 632}, "Database.get_open_trades": {"executed_lines": [723, 724, 725, 726, 731, 734, 735], "summary": {"covered_lines": 7, "num_statements": 7, "percent_covered": 100.0, "percent_covered_display": "100", "missing_lines": 0, "excluded_lines": 0, "percent_statements_covered": 100.0, "percent_statements_covered_display": "100"}, "missing_lines": [], "excluded_lines": [], "start_line": 714}, "Database._row_to_trade": {"executed_lines": [739, 741, 742, 743, 749, 750, 751, 752, 755], "summary": {"covered_lines": 9, "num_statements": 13, "percent_covered": 69.23076923076923, "percent_covered_display": "69", "missing_lines": 4, "excluded_lines": 0, "percent_statements_covered": 69.23076923076923, "percent_statements_covered_display": "69"}, "missing_lines": [744, 745, 747, 753], "excluded_lines": [], "start_line": 737}, "Database.create_signal": {"executed_lines": [787, 788, 789, 790, 792, 793, 794, 815, 817, 823], "summary": {"covered_lines": 10, "num_statements": 10, "percent_covered": 100.0, "percent_covered_display": "100", "missing_lines": 0, "excluded_lines": 0, "percent_statements_covered": 100.0, "percent_statements_covered_display": "100"}, "missing_lines": [], "excluded_lines": [], "start_line": 778}, "Database.get_latest_signals": {"executed_lines": [835, 836, 837, 843, 844], "summary": {"covered_lines": 5, "num_statements": 5, "percent_covered": 100.0, "percent_covered_display": "100", "missing_lines": 0, "excluded_lines": 0, "percent_statements_covered": 100.0, "percent_statements_covered_display": "100"}, "missing_lines": [], "excluded_lines": [], "start_line": 825}, "Database._row_to_signal": {"executed_lines": [848, 850, 851, 852, 856], "summary": {"covered_lines": 5, "num_statements": 6, "percent_covered": 83.33333333333333, "percent_covered_display": "83", "missing_lines": 1, "excluded_lines": 0, "percent_statements_covered": 83.33333333333333, "percent_statements_covered_display": "83"}, "missing_lines": [854], "excluded_lines": [], "start_line": 846}, "Database.store_historical_data": {"executed_lines": [880, 881, 882, 884, 885, 886, 887, 888, 909, 910], "summary": {"covered_lines": 10, "num_statements": 10, "percent_covered": 100.0, "percent_covered_display": "100", "missing_lines": 0, "excluded_lines": 0, "percent_statements_covered": 100.0, "percent_statements_covered_display": "100"}, "missing_lines": [], "excluded_lines": [], "start_line": 871}, "Database.get_historical_data": {"executed_lines": [926, 927, 929, 930, 931, 940, 942, 943, 944, 945, 946, 950, 962], "summary": {"covered_lines": 13, "num_statements": 14, "percent_covered": 92.85714285714286, "percent_covered_display": "93", "missing_lines": 1, "excluded_lines": 0, "percent_statements_covered": 92.85714285714286, "percent_statements_covered_display": "93"}, "missing_lines": [948], "excluded_lines": [], "start_line": 912}, "Database.store_quote": {"executed_lines": [977, 978, 979, 980, 982, 983, 984, 1007, 1008], "summary": {"covered_lines": 9, "num_statements": 9, "percent_covered": 100.0, "percent_covered_display": "100", "missing_lines": 0, "excluded_lines": 0, "percent_statements_covered": 100.0, "percent_statements_covered_display": "100"}, "missing_lines": [], "excluded_lines": [], "start_line": 968}, "Database.get_latest_quote": {"executed_lines": [1019, 1020, 1021, 1029, 1030, 1031, 1033, 1034, 1035, 1039], "summary": {"covered_lines": 10, "num_statements": 11, "percent_covered": 90.9090909090909, "percent_covered_display": "91", "missing_lines": 1, "excluded_lines": 0, "percent_statements_covered": 90.9090909090909, "percent_statements_covered_display": "91"}, "missing_lines": [1037], "excluded_lines": [], "start_line": 1010}, "Database.store_position": {"executed_lines": [1065, 1066, 1067, 1070, 1071, 1072, 1074, 1075, 1077, 1078, 1079, 1102, 1103], "summary": {"covered_lines": 13, "num_statements": 13, "percent_covered": 100.0, "percent_covered_display": "100", "missing_lines": 0, "excluded_lines": 0, "percent_statements_covered": 100.0, "percent_statements_covered_display": "100"}, "missing_lines": [], "excluded_lines": [], "start_line": 1056}, "Database.get_position": {"executed_lines": [1114, 1116, 1117, 1118, 1126, 1127, 1128, 1132], "summary": {"covered_lines": 8, "num_statements": 8, "percent_covered": 100.0, "percent_covered_display": "100", "missing_lines": 0, "excluded_lines": 0, "percent_statements_covered": 100.0, "percent_statements_covered_display": "100"}, "missing_lines": [], "excluded_lines": [], "start_line": 1105}, "Database.store_funds": {"executed_lines": [1156, 1157, 1158, 1159, 1161, 1162, 1163, 1181, 1182], "summary": {"covered_lines": 9, "num_statements": 9, "percent_covered": 100.0, "percent_covered_display": "100", "missing_lines": 0, "excluded_lines": 0, "percent_statements_covered": 100.0, "percent_statements_covered_display": "100"}, "missing_lines": [], "excluded_lines": [], "start_line": 1147}, "Database.get_latest_funds": {"executed_lines": [1191, 1192, 1193, 1198, 1199, 1202, 1203, 1204, 1208], "summary": {"covered_lines": 9, "num_statements": 11, "percent_covered": 81.81818181818181, "percent_covered_display": "82", "missing_lines": 2, "excluded_lines": 0, "percent_statements_covered": 81.81818181818181, "percent_statements_covered_display": "82"}, "missing_lines": [1200, 1206], "excluded_lines": [], "start_line": 1184}, "Database.store_order": {"executed_lines": [1229, 1230, 1231, 1232, 1234, 1235, 1236, 1270, 1272, 1278], "summary": {"covered_lines": 10, "num_statements": 10, "percent_covered": 100.0, "percent_covered_display": "100", "missing_lines": 0, "excluded_lines": 0, "percent_statements_covered": 100.0, "percent_statements_covered_display": "100"}, "missing_lines": [], "excluded_lines": [], "start_line": 1220}, "Database.get_order": {"executed_lines": [1289, 1290, 1291, 1292, 1293, 1294, 1295], "summary": {"covered_lines": 7, "num_statements": 7, "percent_covered": 100.0, "percent_covered_display": "100", "missing_lines": 0, "excluded_lines": 0, "percent_statements_covered": 100.0, "percent_statements_covered_display": "100"}, "missing_lines": [], "excluded_lines": [], "start_line": 1280}, "Database.update_order_status": {"executed_lines": [1307, 1308, 1309, 1311, 1312, 1313, 1317, 1318], "summary": {"covered_lines": 8, "num_statements": 8, "percent_covered": 100.0, "percent_covered_display": "100", "missing_lines": 0, "excluded_lines": 0, "percent_statements_covered": 100.0, "percent_statements_covered_display": "100"}, "missing_lines": [], "excluded_lines": [], "start_line": 1297}, "Database.get_open_orders": {"executed_lines": [1329, 1330, 1331, 1332, 1337, 1340, 1341], "summary": {"covered_lines": 7, "num_statements": 7, "percent_covered": 100.0, "percent_covered_display": "100", "missing_lines": 0, "excluded_lines": 0, "percent_statements_covered": 100.0, "percent_statements_covered_display": "100"}, "missing_lines": [], "excluded_lines": [], "start_line": 1320}, "Database._row_to_order": {"executed_lines": [1345, 1353, 1354, 1355, 1359], "summary": {"covered_lines": 5, "num_statements": 6, "percent_covered": 83.33333333333333, "percent_covered_display": "83", "missing_lines": 1, "excluded_lines": 0, "percent_statements_covered": 83.33333333333333, "percent_statements_covered_display": "83"}, "missing_lines": [1357], "excluded_lines": [], "start_line": 1343}, "Database.get_audit_log": {"executed_lines": [1394, 1395, 1396, 1397, 1402, 1405, 1406], "summary": {"covered_lines": 7, "num_statements": 7, "percent_covered": 100.0, "percent_covered_display": "100", "missing_lines": 0, "excluded_lines": 0, "percent_statements_covered": 100.0, "percent_statements_covered_display": "100"}, "missing_lines": [], "excluded_lines": [], "start_line": 1382}, "Database._row_to_audit_entry": {"executed_lines": [1410, 1411, 1412, 1416], "summary": {"covered_lines": 4, "num_statements": 5, "percent_covered": 80.0, "percent_covered_display": "80", "missing_lines": 1, "excluded_lines": 0, "percent_statements_covered": 80.0, "percent_statements_covered_display": "80"}, "missing_lines": [1414], "excluded_lines": [], "start_line": 1408}, "Database.verify_audit_log_integrity": {"executed_lines": [1435, 1436, 1437, 1438, 1439, 1441, 1442, 1443, 1444, 1447, 1448, 1450, 1452], "summary": {"covered_lines": 13, "num_statements": 17, "percent_covered": 76.47058823529412, "percent_covered_display": "76", "missing_lines": 4, "excluded_lines": 0, "percent_statements_covered": 76.47058823529412, "percent_statements_covered_display": "76"}, "missing_lines": [1440, 1451, 1453, 1454], "excluded_lines": [], "start_line": 1429}, "Database.close": {"executed_lines": [1458, 1459, 1460], "summary": {"covered_lines": 3, "num_statements": 3, "percent_covered": 100.0, "percent_covered_display": "100", "missing_lines": 0, "excluded_lines": 0, "percent_statements_covered": 100.0, "percent_statements_covered_display": "100"}, "missing_lines": [], "excluded_lines": [], "start_line": 1456}, "Database.close_all": {"executed_lines": [], "summary": {"covered_lines": 0, "num_statements": 17, "percent_covered": 0.0, "percent_covered_display": "0", "missing_lines": 17, "excluded_lines": 0, "percent_statements_covered": 0.0, "percent_statements_covered_display": "0"}, "missing_lines": [1472, 1475, 1476, 1477, 1478, 1479, 1480, 1481, 1484, 1485, 1486, 1487, 1488, 1489, 1490, 1493, 1495], "excluded_lines": [], "start_line": 1462}, "Database.async_close_all": {"executed_lines": [], "summary": {"covered_lines": 0, "num_statements": 1, "percent_covered": 0.0, "percent_covered_display": "0", "missing_lines": 1, "excluded_lines": 0, "percent_statements_covered": 0.0, "percent_statements_covered_display": "0"}, "missing_lines": [1503], "excluded_lines": [], "start_line": 1497}, "Database.async_initialize": {"executed_lines": [], "summary": {"covered_lines": 0, "num_statements": 1, "percent_covered": 0.0, "percent_covered_display": "0", "missing_lines": 1, "excluded_lines": 0, "percent_statements_covered": 0.0, "percent_statements_covered_display": "0"}, "missing_lines": [1511], "excluded_lines": [], "start_line": 1509}, "Database.async_cleanup": {"executed_lines": [], "summary": {"covered_lines": 0, "num_statements": 1, "percent_covered": 0.0, "percent_covered_display": "0", "missing_lines": 1, "excluded_lines": 0, "percent_statements_covered": 0.0, "percent_statements_covered_display": "0"}, "missing_lines": [1515], "excluded_lines": [], "start_line": 1513}, "Database.async_vacuum": {"executed_lines": [], "summary": {"covered_lines": 0, "num_statements": 1, "percent_covered": 0.0, "percent_covered_display": "0", "missing_lines": 1, "excluded_lines": 0, "percent_statements_covered": 0.0, "percent_statements_covered_display": "0"}, "missing_lines": [1519], "excluded_lines": [], "start_line": 1517}, "Database.async_create_signal": {"executed_lines": [], "summary": {"covered_lines": 0, "num_statements": 1, "percent_covered": 0.0, "percent_covered_display": "0", "missing_lines": 1, "excluded_lines": 0, "percent_statements_covered": 0.0, "percent_statements_covered_display": "0"}, "missing_lines": [1523], "excluded_lines": [], "start_line": 1521}, "Database.async_store_historical_data": {"executed_lines": [], "summary": {"covered_lines": 0, "num_statements": 1, "percent_covered": 0.0, "percent_covered_display": "0", "missing_lines": 1, "excluded_lines": 0, "percent_statements_covered": 0.0, "percent_statements_covered_display": "0"}, "missing_lines": [1527], "excluded_lines": [], "start_line": 1525}, "Database.async_store_quote": {"executed_lines": [], "summary": {"covered_lines": 0, "num_statements": 1, "percent_covered": 0.0, "percent_covered_display": "0", "missing_lines": 1, "excluded_lines": 0, "percent_statements_covered": 0.0, "percent_statements_covered_display": "0"}, "missing_lines": [1531], "excluded_lines": [], "start_line": 1529}, "Database.async_store_position": {"executed_lines": [], "summary": {"covered_lines": 0, "num_statements": 1, "percent_covered": 0.0, "percent_covered_display": "0", "missing_lines": 1, "excluded_lines": 0, "percent_statements_covered": 0.0, "percent_statements_covered_display": "0"}, "missing_lines": [1535], "excluded_lines": [], "start_line": 1533}, "Database.async_store_funds": {"executed_lines": [], "summary": {"covered_lines": 0, "num_statements": 1, "percent_covered": 0.0, "percent_covered_display": "0", "missing_lines": 1, "excluded_lines": 0, "percent_statements_covered": 0.0, "percent_statements_covered_display": "0"}, "missing_lines": [1539], "excluded_lines": [], "start_line": 1537}, "Database.async_get_latest_signals": {"executed_lines": [], "summary": {"covered_lines": 0, "num_statements": 1, "percent_covered": 0.0, "percent_covered_display": "0", "missing_lines": 1, "excluded_lines": 0, "percent_statements_covered": 0.0, "percent_statements_covered_display": "0"}, "missing_lines": [1545], "excluded_lines": [], "start_line": 1541}, "Database.async_verify_audit_log_integrity": {"executed_lines": [], "summary": {"covered_lines": 0, "num_statements": 1, "percent_covered": 0.0, "percent_covered_display": "0", "missing_lines": 1, "excluded_lines": 0, "percent_statements_covered": 0.0, "percent_statements_covered_display": "0"}, "missing_lines": [1549], "excluded_lines": [], "start_line": 1547}, "": {"executed_lines": [6, 7, 8, 9, 10, 11, 12, 13, 14, 16, 18, 19, 20, 31, 33, 42, 51, 52, 55, 58, 95, 99, 103, 109, 294, 338, 345, 349, 373, 407, 425, 498, 537, 615, 632, 714, 737, 778, 825, 846, 871, 912, 968, 1010, 1056, 1105, 1147, 1184, 1220, 1280, 1297, 1320, 1343, 1382, 1408, 1429, 1456, 1462, 1497, 1509, 1513, 1517, 1521, 1525, 1529, 1533, 1537, 1541, 1547, 1554], "summary": {"covered_lines": 70, "num_statements": 70, "percent_covered": 100.0, "percent_covered_display": "100", "missing_lines": 0, "excluded_lines": 0, "percent_statements_covered": 100.0, "percent_statements_covered_display": "100"}, "missing_lines": [], "excluded_lines": [], "start_line": 1}}, "classes": {"Database": {"executed_lines": [72, 73, 74, 75, 81, 82, 85, 86, 89, 90, 93, 97, 101, 105, 106, 107, 111, 112, 115, 142, 158, 174, 192, 212, 231, 246, 273, 274, 275, 278, 281, 284, 287, 288, 292, 314, 315, 320, 321, 323, 324, 325, 326, 330, 331, 332, 334, 335, 336, 340, 341, 343, 347, 371, 390, 392, 393, 394, 395, 398, 399, 400, 401, 402, 403, 405, 422, 423, 447, 448, 460, 462, 463, 466, 469, 470, 471, 492, 495, 496, 503, 504, 506, 507, 510, 515, 520, 526, 530, 531, 546, 547, 548, 550, 555, 561, 562, 563, 605, 607, 613, 624, 625, 626, 627, 628, 629, 630, 641, 642, 643, 646, 647, 649, 654, 660, 661, 662, 703, 705, 712, 723, 724, 725, 726, 731, 734, 735, 739, 741, 742, 743, 749, 750, 751, 752, 755, 787, 788, 789, 790, 792, 793, 794, 815, 817, 823, 835, 836, 837, 843, 844, 848, 850, 851, 852, 856, 880, 881, 882, 884, 885, 886, 887, 888, 909, 910, 926, 927, 929, 930, 931, 940, 942, 943, 944, 945, 946, 950, 962, 977, 978, 979, 980, 982, 983, 984, 1007, 1008, 1019, 1020, 1021, 1029, 1030, 1031, 1033, 1034, 1035, 1039, 1065, 1066, 1067, 1070, 1071, 1072, 1074, 1075, 1077, 1078, 1079, 1102, 1103, 1114, 1116, 1117, 1118, 1126, 1127, 1128, 1132, 1156, 1157, 1158, 1159, 1161, 1162, 1163, 1181, 1182, 1191, 1192, 1193, 1198, 1199, 1202, 1203, 1204, 1208, 1229, 1230, 1231, 1232, 1234, 1235, 1236, 1270, 1272, 1278, 1289, 1290, 1291, 1292, 1293, 1294, 1295, 1307, 1308, 1309, 1311, 1312, 1313, 1317, 1318, 1329, 1330, 1331, 1332, 1337, 1340, 1341, 1345, 1353, 1354, 1355, 1359, 1394, 1395, 1396, 1397, 1402, 1405, 1406, 1410, 1411, 1412, 1416, 1435, 1436, 1437, 1438, 1439, 1441, 1442, 1443, 1444, 1447, 1448, 1450, 1452, 1458, 1459, 1460], "summary": {"covered_lines": 302, "num_statements": 347, "percent_covered": 87.03170028818444, "percent_covered_display": "87", "missing_lines": 45, "excluded_lines": 0, "percent_statements_covered": 87.03170028818444, "percent_statements_covered_display": "87"}, "missing_lines": [342, 397, 744, 745, 747, 753, 854, 948, 1037, 1200, 1206, 1357, 1414, 1440, 1451, 1453, 1454, 1472, 1475, 1476, 1477, 1478, 1479, 1480, 1481, 1484, 1485, 1486, 1487, 1488, 1489, 1490, 1493, 1495, 1503, 1511, 1515, 1519, 1523, 1527, 1531, 1535, 1539, 1545, 1549], "excluded_lines": [], "start_line": 55}, "": {"executed_lines": [6, 7, 8, 9, 10, 11, 12, 13, 14, 16, 18, 19, 20, 31, 33, 42, 51, 52, 55, 58, 95, 99, 103, 109, 294, 338, 345, 349, 373, 407, 425, 498, 537, 615, 632, 714, 737, 778, 825, 846, 871, 912, 968, 1010, 1056, 1105, 1147, 1184, 1220, 1280, 1297, 1320, 1343, 1382, 1408, 1429, 1456, 1462, 1497, 1509, 1513, 1517, 1521, 1525, 1529, 1533, 1537, 1541, 1547, 1554], "summary": {"covered_lines": 70, "num_statements": 70, "percent_covered": 100.0, "percent_covered_display": "100", "missing_lines": 0, "excluded_lines": 0, "percent_statements_covered": 100.0, "percent_statements_covered_display": "100"}, "missing_lines": [], "excluded_lines": [], "start_line": 1}}}, "src\\loats\\initialization.py": {"executed_lines": [5, 7, 10, 19, 22], "summary": {"covered_lines": 5, "num_statements": 6, "percent_covered": 83.33333333333333, "percent_covered_display": "83", "missing_lines": 1, "excluded_lines": 0, "percent_statements_covered": 83.33333333333333, "percent_statements_covered_display": "83"}, "missing_lines": [20], "excluded_lines": [], "functions": {"initialize_system": {"executed_lines": [19, 22], "summary": {"covered_lines": 2, "num_statements": 3, "percent_covered": 66.66666666666667, "percent_covered_display": "67", "missing_lines": 1, "excluded_lines": 0, "percent_statements_covered": 66.66666666666667, "percent_statements_covered_display": "67"}, "missing_lines": [20], "excluded_lines": [], "start_line": 10}, "": {"executed_lines": [5, 7, 10], "summary": {"covered_lines": 3, "num_statements": 3, "percent_covered": 100.0, "percent_covered_display": "100", "missing_lines": 0, "excluded_lines": 0, "percent_statements_covered": 100.0, "percent_statements_covered_display": "100"}, "missing_lines": [], "excluded_lines": [], "start_line": 1}}, "classes": {"": {"executed_lines": [5, 7, 10, 19, 22], "summary": {"covered_lines": 5, "num_statements": 6, "percent_covered": 83.33333333333333, "percent_covered_display": "83", "missing_lines": 1, "excluded_lines": 0, "percent_statements_covered": 83.33333333333333, "percent_statements_covered_display": "83"}, "missing_lines": [20], "excluded_lines": [], "start_line": 1}}}, "src\\loats\\logging.py": {"executed_lines": [5, 6, 7, 8, 10, 11, 14, 21, 22, 23, 26, 40, 52, 61, 62, 71, 107, 110, 112, 116], "summary": {"covered_lines": 20, "num_statements": 20, "percent_covered": 100.0, "percent_covered_display": "100", "missing_lines": 0, "excluded_lines": 0, "percent_statements_covered": 100.0, "percent_statements_covered_display": "100"}, "missing_lines": [], "excluded_lines": [], "functions": {"configure_logging": {"executed_lines": [21, 22, 23, 26, 40, 52, 61, 62, 71, 107], "summary": {"covered_lines": 10, "num_statements": 10, "percent_covered": 100.0, "percent_covered_display": "100", "missing_lines": 0, "excluded_lines": 0, "percent_statements_covered": 100.0, "percent_statements_covered_display": "100"}, "missing_lines": [], "excluded_lines": [], "start_line": 14}, "get_logger": {"executed_lines": [112], "summary": {"covered_lines": 1, "num_statements": 1, "percent_covered": 100.0, "percent_covered_display": "100", "missing_lines": 0, "excluded_lines": 0, "percent_statements_covered": 100.0, "percent_statements_covered_display": "100"}, "missing_lines": [], "excluded_lines": [], "start_line": 110}, "": {"executed_lines": [5, 6, 7, 8, 10, 11, 14, 110, 116], "summary": {"covered_lines": 9, "num_statements": 9, "percent_covered": 100.0, "percent_covered_display": "100", "missing_lines": 0, "excluded_lines": 0, "percent_statements_covered": 100.0, "percent_statements_covered_display": "100"}, "missing_lines": [], "excluded_lines": [], "start_line": 1}}, "classes": {"": {"executed_lines": [5, 6, 7, 8, 10, 11, 14, 21, 22, 23, 26, 40, 52, 61, 62, 71, 107, 110, 112, 116], "summary": {"covered_lines": 20, "num_statements": 20, "percent_covered": 100.0, "percent_covered_display": "100", "missing_lines": 0, "excluded_lines": 0, "percent_statements_covered": 100.0, "percent_statements_covered_display": "100"}, "missing_lines": [], "excluded_lines": [], "start_line": 1}}}, "src\\loats\\main.py": {"executed_lines": [3, 4, 5, 6, 8, 9, 10, 11, 12, 15, 18, 20, 21, 23, 25, 26, 29, 32, 33, 37, 40, 42, 43, 44, 45, 47, 49, 50, 51, 53, 54, 57, 60, 63, 67, 68, 71, 72, 73, 74, 76, 99, 101, 102, 104, 106, 107, 108, 110, 111, 114, 119, 122, 125, 127, 128, 129, 134, 136, 137, 140, 143, 146, 148, 149, 150, 151, 154, 156, 157, 158, 159, 160, 161, 162, 163, 166], "summary": {"covered_lines": 77, "num_statements": 98, "percent_covered": 78.57142857142857, "percent_covered_display": "79", "missing_lines": 21, "excluded_lines": 0, "percent_statements_covered": 78.57142857142857, "percent_statements_covered_display": "79"}, "missing_lines": [34, 78, 80, 81, 82, 84, 86, 87, 93, 94, 97, 130, 131, 132, 167, 168, 169, 170, 171, 172, 173], "excluded_lines": [], "functions": {"TradingSystem.__init__": {"executed_lines": [20, 21], "summary": {"covered_lines": 2, "num_statements": 2, "percent_covered": 100.0, "percent_covered_display": "100", "missing_lines": 0, "excluded_lines": 0, "percent_statements_covered": 100.0, "percent_statements_covered_display": "100"}, "missing_lines": [], "excluded_lines": [], "start_line": 18}, "TradingSystem.initialize": {"executed_lines": [25, 26, 29, 32, 33, 37, 40, 42, 43, 44, 45], "summary": {"covered_lines": 11, "num_statements": 12, "percent_covered": 91.66666666666667, "percent_covered_display": "92", "missing_lines": 1, "excluded_lines": 0, "percent_statements_covered": 91.66666666666667, "percent_statements_covered_display": "92"}, "missing_lines": [34], "excluded_lines": [], "start_line": 23}, "TradingSystem.start": {"executed_lines": [49, 50, 51, 53, 54, 57, 60, 63, 67, 68, 71, 72, 73, 74], "summary": {"covered_lines": 14, "num_statements": 14, "percent_covered": 100.0, "percent_covered_display": "100", "missing_lines": 0, "excluded_lines": 0, "percent_statements_covered": 100.0, "percent_statements_covered_display": "100"}, "missing_lines": [], "excluded_lines": [], "start_line": 47}, "TradingSystem._wait_for_shutdown": {"executed_lines": [], "summary": {"covered_lines": 0, "num_statements": 8, "percent_covered": 0.0, "percent_covered_display": "0", "missing_lines": 8, "excluded_lines": 0, "percent_statements_covered": 0.0, "percent_statements_covered_display": "0"}, "missing_lines": [78, 80, 84, 86, 87, 93, 94, 97], "excluded_lines": [], "start_line": 76}, "TradingSystem._wait_for_shutdown.signal_handler": {"executed_lines": [], "summary": {"covered_lines": 0, "num_statements": 2, "percent_covered": 0.0, "percent_covered_display": "0", "missing_lines": 2, "excluded_lines": 0, "percent_statements_covered": 0.0, "percent_statements_covered_display": "0"}, "missing_lines": [81, 82], "excluded_lines": [], "start_line": 80}, "TradingSystem._handle_shutdown_signal": {"executed_lines": [101, 102], "summary": {"covered_lines": 2, "num_statements": 2, "percent_covered": 100.0, "percent_covered_display": "100", "missing_lines": 0, "excluded_lines": 0, "percent_statements_covered": 100.0, "percent_statements_covered_display": "100"}, "missing_lines": [], "excluded_lines": [], "start_line": 99}, "TradingSystem.shutdown": {"executed_lines": [106, 107, 108, 110, 111, 114, 119, 122, 125, 127, 128, 129], "summary": {"covered_lines": 12, "num_statements": 15, "percent_covered": 80.0, "percent_covered_display": "80", "missing_lines": 3, "excluded_lines": 0, "percent_statements_covered": 80.0, "percent_statements_covered_display": "80"}, "missing_lines": [130, 131, 132], "excluded_lines": [], "start_line": 104}, "TradingSystem.run_once": {"executed_lines": [136, 137, 140, 143, 146, 148, 149, 150, 151], "summary": {"covered_lines": 9, "num_statements": 9, "percent_covered": 100.0, "percent_covered_display": "100", "missing_lines": 0, "excluded_lines": 0, "percent_statements_covered": 100.0, "percent_statements_covered_display": "100"}, "missing_lines": [], "excluded_lines": [], "start_line": 134}, "main": {"executed_lines": [156, 157, 158, 159, 160, 161, 162, 163], "summary": {"covered_lines": 8, "num_statements": 8, "percent_covered": 100.0, "percent_covered_display": "100", "missing_lines": 0, "excluded_lines": 0, "percent_statements_covered": 100.0, "percent_statements_covered_display": "100"}, "missing_lines": [], "excluded_lines": [], "start_line": 154}, "": {"executed_lines": [3, 4, 5, 6, 8, 9, 10, 11, 12, 15, 18, 23, 47, 76, 99, 104, 134, 154, 166], "summary": {"covered_lines": 19, "num_statements": 26, "percent_covered": 73.07692307692308, "percent_covered_display": "73", "missing_lines": 7, "excluded_lines": 0, "percent_statements_covered": 73.07692307692308, "percent_statements_covered_display": "73"}, "missing_lines": [167, 168, 169, 170, 171, 172, 173], "excluded_lines": [], "start_line": 1}}, "classes": {"TradingSystem": {"executed_lines": [20, 21, 25, 26, 29, 32, 33, 37, 40, 42, 43, 44, 45, 49, 50, 51, 53, 54, 57, 60, 63, 67, 68, 71, 72, 73, 74, 101, 102, 106, 107, 108, 110, 111, 114, 119, 122, 125, 127, 128, 129, 136, 137, 140, 143, 146, 148, 149, 150, 151], "summary": {"covered_lines": 50, "num_statements": 64, "percent_covered": 78.125, "percent_covered_display": "78", "missing_lines": 14, "excluded_lines": 0, "percent_statements_covered": 78.125, "percent_statements_covered_display": "78"}, "missing_lines": [34, 78, 80, 81, 82, 84, 86, 87, 93, 94, 97, 130, 131, 132], "excluded_lines": [], "start_line": 15}, "": {"executed_lines": [3, 4, 5, 6, 8, 9, 10, 11, 12, 15, 18, 23, 47, 76, 99, 104, 134, 154, 156, 157, 158, 159, 160, 161, 162, 163, 166], "summary": {"covered_lines": 27, "num_statements": 34, "percent_covered": 79.41176470588235, "percent_covered_display": "79", "missing_lines": 7, "excluded_lines": 0, "percent_statements_covered": 79.41176470588235, "percent_statements_covered_display": "79"}, "missing_lines": [167, 168, 169, 170, 171, 172, 173], "excluded_lines": [], "start_line": 1}}}, "src\\loats\\models.py": {"executed_lines": [5, 6, 7, 8, 10, 13, 16, 17, 18, 19, 22, 25, 26, 29, 32, 33, 34, 37, 40, 41, 44, 47, 48, 49, 50, 51, 54, 57, 58, 59, 60, 61, 62, 63, 64, 65, 66, 68, 70, 71, 72, 73, 74, 75, 77, 78, 79, 80, 83, 85, 90, 91, 92, 93, 98, 99, 100, 101, 103, 106, 109, 110, 111, 112, 113, 114, 115, 116, 119, 122, 123, 126, 129, 130, 131, 132, 133, 134, 135, 136, 137, 138, 139, 140, 141, 142, 144, 145, 146, 147, 149, 150, 151, 152, 153, 154, 155, 158, 161, 162, 163, 164, 165, 166, 169, 172, 173, 174, 175, 176, 177, 178, 179, 182, 185, 186, 187, 188, 189, 192, 195, 196, 197, 198, 199, 200, 201, 202, 203, 204, 205, 206, 207, 208, 209, 210, 213, 216, 221, 222, 223, 224, 225, 226, 227, 228, 229, 230, 231, 232, 233, 234, 235, 237, 238, 240, 241, 242, 243, 244, 246, 261, 264, 265, 266, 267, 270, 273, 278, 279, 280, 281, 282, 283, 284, 287, 290, 291, 292, 293, 294, 295, 296, 299, 302, 307, 308, 309, 310, 311, 312, 313, 314, 315, 318, 321, 322, 323, 324, 327, 330, 331, 332, 333, 334, 335, 338, 341, 342, 343, 344, 345, 346, 347, 350, 353, 354, 355, 356, 357, 358, 359, 360, 361], "summary": {"covered_lines": 224, "num_statements": 232, "percent_covered": 96.55172413793103, "percent_covered_display": "97", "missing_lines": 8, "excluded_lines": 0, "percent_statements_covered": 96.55172413793103, "percent_statements_covered_display": "97"}, "missing_lines": [81, 148, 248, 249, 250, 255, 256, 258], "excluded_lines": [], "functions": {"QuoteData.validate_symbol": {"executed_lines": [73, 74, 75], "summary": {"covered_lines": 3, "num_statements": 3, "percent_covered": 100.0, "percent_covered_display": "100", "missing_lines": 0, "excluded_lines": 0, "percent_statements_covered": 100.0, "percent_statements_covered_display": "100"}, "missing_lines": [], "excluded_lines": [], "start_line": 72}, "QuoteData._compute_change_percent": {"executed_lines": [80, 83, 85, 90, 91, 92, 93, 98, 99, 100, 101, 103], "summary": {"covered_lines": 12, "num_statements": 13, "percent_covered": 92.3076923076923, "percent_covered_display": "92", "missing_lines": 1, "excluded_lines": 0, "percent_statements_covered": 92.3076923076923, "percent_statements_covered_display": "92"}, "missing_lines": [81], "excluded_lines": [], "start_line": 79}, "OptionContract.validate_last_price": {"executed_lines": [147, 149, 150, 151, 152, 153, 154, 155], "summary": {"covered_lines": 8, "num_statements": 9, "percent_covered": 88.88888888888889, "percent_covered_display": "89", "missing_lines": 1, "excluded_lines": 0, "percent_statements_covered": 88.88888888888889, "percent_statements_covered_display": "89"}, "missing_lines": [148], "excluded_lines": [], "start_line": 146}, "Trade.calculate_pnl_validator": {"executed_lines": [240, 241, 242, 243, 244], "summary": {"covered_lines": 5, "num_statements": 5, "percent_covered": 100.0, "percent_covered_display": "100", "missing_lines": 0, "excluded_lines": 0, "percent_statements_covered": 100.0, "percent_statements_covered_display": "100"}, "missing_lines": [], "excluded_lines": [], "start_line": 238}, "Trade.calculate_pnl_method": {"executed_lines": [], "summary": {"covered_lines": 0, "num_statements": 6, "percent_covered": 0.0, "percent_covered_display": "0", "missing_lines": 6, "excluded_lines": 0, "percent_statements_covered": 0.0, "percent_statements_covered_display": "0"}, "missing_lines": [248, 249, 250, 255, 256, 258], "excluded_lines": [], "start_line": 246}, "": {"executed_lines": [5, 6, 7, 8, 10, 13, 16, 17, 18, 19, 22, 25, 26, 29, 32, 33, 34, 37, 40, 41, 44, 47, 48, 49, 50, 51, 54, 57, 58, 59, 60, 61, 62, 63, 64, 65, 66, 68, 70, 71, 72, 77, 78, 79, 106, 109, 110, 111, 112, 113, 114, 115, 116, 119, 122, 123, 126, 129, 130, 131, 132, 133, 134, 135, 136, 137, 138, 139, 140, 141, 142, 144, 145, 146, 158, 161, 162, 163, 164, 165, 166, 169, 172, 173, 174, 175, 176, 177, 178, 179, 182, 185, 186, 187, 188, 189, 192, 195, 196, 197, 198, 199, 200, 201, 202, 203, 204, 205, 206, 207, 208, 209, 210, 213, 216, 221, 222, 223, 224, 225, 226, 227, 228, 229, 230, 231, 232, 233, 234, 235, 237, 238, 246, 261, 264, 265, 266, 267, 270, 273, 278, 279, 280, 281, 282, 283, 284, 287, 290, 291, 292, 293, 294, 295, 296, 299, 302, 307, 308, 309, 310, 311, 312, 313, 314, 315, 318, 321, 322, 323, 324, 327, 330, 331, 332, 333, 334, 335, 338, 341, 342, 343, 344, 345, 346, 347, 350, 353, 354, 355, 356, 357, 358, 359, 360, 361], "summary": {"covered_lines": 196, "num_statements": 196, "percent_covered": 100.0, "percent_covered_display": "100", "missing_lines": 0, "excluded_lines": 0, "percent_statements_covered": 100.0, "percent_statements_covered_display": "100"}, "missing_lines": [], "excluded_lines": [], "start_line": 1}}, "classes": {"OrderType": {"executed_lines": [], "summary": {"covered_lines": 0, "num_statements": 0, "percent_covered": 100.0, "percent_covered_display": "100", "missing_lines": 0, "excluded_lines": 0, "percent_statements_covered": 100.0, "percent_statements_covered_display": "100"}, "missing_lines": [], "excluded_lines": [], "start_line": 13}, "TransactionType": {"executed_lines": [], "summary": {"covered_lines": 0, "num_statements": 0, "percent_covered": 100.0, "percent_covered_display": "100", "missing_lines": 0, "excluded_lines": 0, "percent_statements_covered": 100.0, "percent_statements_covered_display": "100"}, "missing_lines": [], "excluded_lines": [], "start_line": 22}, "ProductType": {"executed_lines": [], "summary": {"covered_lines": 0, "num_statements": 0, "percent_covered": 100.0, "percent_covered_display": "100", "missing_lines": 0, "excluded_lines": 0, "percent_statements_covered": 100.0, "percent_statements_covered_display": "100"}, "missing_lines": [], "excluded_lines": [], "start_line": 29}, "OrderVariety": {"executed_lines": [], "summary": {"covered_lines": 0, "num_statements": 0, "percent_covered": 100.0, "percent_covered_display": "100", "missing_lines": 0, "excluded_lines": 0, "percent_statements_covered": 100.0, "percent_statements_covered_display": "100"}, "missing_lines": [], "excluded_lines": [], "start_line": 37}, "OrderStatus": {"executed_lines": [], "summary": {"covered_lines": 0, "num_statements": 0, "percent_covered": 100.0, "percent_covered_display": "100", "missing_lines": 0, "excluded_lines": 0, "percent_statements_covered": 100.0, "percent_statements_covered_display": "100"}, "missing_lines": [], "excluded_lines": [], "start_line": 44}, "QuoteData": {"executed_lines": [73, 74, 75, 80, 83, 85, 90, 91, 92, 93, 98, 99, 100, 101, 103], "summary": {"covered_lines": 15, "num_statements": 16, "percent_covered": 93.75, "percent_covered_display": "94", "missing_lines": 1, "excluded_lines": 0, "percent_statements_covered": 93.75, "percent_statements_covered_display": "94"}, "missing_lines": [81], "excluded_lines": [], "start_line": 54}, "HistoricalData": {"executed_lines": [], "summary": {"covered_lines": 0, "num_statements": 0, "percent_covered": 100.0, "percent_covered_display": "100", "missing_lines": 0, "excluded_lines": 0, "percent_statements_covered": 100.0, "percent_statements_covered_display": "100"}, "missing_lines": [], "excluded_lines": [], "start_line": 106}, "OptionType": {"executed_lines": [], "summary": {"covered_lines": 0, "num_statements": 0, "percent_covered": 100.0, "percent_covered_display": "100", "missing_lines": 0, "excluded_lines": 0, "percent_statements_covered": 100.0, "percent_statements_covered_display": "100"}, "missing_lines": [], "excluded_lines": [], "start_line": 119}, "OptionContract": {"executed_lines": [147, 149, 150, 151, 152, 153, 154, 155], "summary": {"covered_lines": 8, "num_statements": 9, "percent_covered": 88.88888888888889, "percent_covered_display": "89", "missing_lines": 1, "excluded_lines": 0, "percent_statements_covered": 88.88888888888889, "percent_statements_covered_display": "89"}, "missing_lines": [148], "excluded_lines": [], "start_line": 126}, "OptionChain": {"executed_lines": [], "summary": {"covered_lines": 0, "num_statements": 0, "percent_covered": 100.0, "percent_covered_display": "100", "missing_lines": 0, "excluded_lines": 0, "percent_statements_covered": 100.0, "percent_statements_covered_display": "100"}, "missing_lines": [], "excluded_lines": [], "start_line": 158}, "Position": {"executed_lines": [], "summary": {"covered_lines": 0, "num_statements": 0, "percent_covered": 100.0, "percent_covered_display": "100", "missing_lines": 0, "excluded_lines": 0, "percent_statements_covered": 100.0, "percent_statements_covered_display": "100"}, "missing_lines": [], "excluded_lines": [], "start_line": 169}, "FundsData": {"executed_lines": [], "summary": {"covered_lines": 0, "num_statements": 0, "percent_covered": 100.0, "percent_covered_display": "100", "missing_lines": 0, "excluded_lines": 0, "percent_statements_covered": 100.0, "percent_statements_covered_display": "100"}, "missing_lines": [], "excluded_lines": [], "start_line": 182}, "Order": {"executed_lines": [], "summary": {"covered_lines": 0, "num_statements": 0, "percent_covered": 100.0, "percent_covered_display": "100", "missing_lines": 0, "excluded_lines": 0, "percent_statements_covered": 100.0, "percent_statements_covered_display": "100"}, "missing_lines": [], "excluded_lines": [], "start_line": 192}, "Trade": {"executed_lines": [240, 241, 242, 243, 244], "summary": {"covered_lines": 5, "num_statements": 11, "percent_covered": 45.45454545454545, "percent_covered_display": "45", "missing_lines": 6, "excluded_lines": 0, "percent_statements_covered": 45.45454545454545, "percent_statements_covered_display": "45"}, "missing_lines": [248, 249, 250, 255, 256, 258], "excluded_lines": [], "start_line": 213}, "SignalType": {"executed_lines": [], "summary": {"covered_lines": 0, "num_statements": 0, "percent_covered": 100.0, "percent_covered_display": "100", "missing_lines": 0, "excluded_lines": 0, "percent_statements_covered": 100.0, "percent_statements_covered_display": "100"}, "missing_lines": [], "excluded_lines": [], "start_line": 261}, "Signal": {"executed_lines": [], "summary": {"covered_lines": 0, "num_statements": 0, "percent_covered": 100.0, "percent_covered_display": "100", "missing_lines": 0, "excluded_lines": 0, "percent_statements_covered": 100.0, "percent_statements_covered_display": "100"}, "missing_lines": [], "excluded_lines": [], "start_line": 270}, "NewsItem": {"executed_lines": [], "summary": {"covered_lines": 0, "num_statements": 0, "percent_covered": 100.0, "percent_covered_display": "100", "missing_lines": 0, "excluded_lines": 0, "percent_statements_covered": 100.0, "percent_statements_covered_display": "100"}, "missing_lines": [], "excluded_lines": [], "start_line": 287}, "AuditLogEntry": {"executed_lines": [], "summary": {"covered_lines": 0, "num_statements": 0, "percent_covered": 100.0, "percent_covered_display": "100", "missing_lines": 0, "excluded_lines": 0, "percent_statements_covered": 100.0, "percent_statements_covered_display": "100"}, "missing_lines": [], "excluded_lines": [], "start_line": 299}, "TAIndicator": {"executed_lines": [], "summary": {"covered_lines": 0, "num_statements": 0, "percent_covered": 100.0, "percent_covered_display": "100", "missing_lines": 0, "excluded_lines": 0, "percent_statements_covered": 100.0, "percent_statements_covered_display": "100"}, "missing_lines": [], "excluded_lines": [], "start_line": 318}, "Greeks": {"executed_lines": [], "summary": {"covered_lines": 0, "num_statements": 0, "percent_covered": 100.0, "percent_covered_display": "100", "missing_lines": 0, "excluded_lines": 0, "percent_statements_covered": 100.0, "percent_statements_covered_display": "100"}, "missing_lines": [], "excluded_lines": [], "start_line": 327}, "VaRResult": {"executed_lines": [], "summary": {"covered_lines": 0, "num_statements": 0, "percent_covered": 100.0, "percent_covered_display": "100", "missing_lines": 0, "excluded_lines": 0, "percent_statements_covered": 100.0, "percent_statements_covered_display": "100"}, "missing_lines": [], "excluded_lines": [], "start_line": 338}, "SentimentAnalysisResult": {"executed_lines": [], "summary": {"covered_lines": 0, "num_statements": 0, "percent_covered": 100.0, "percent_covered_display": "100", "missing_lines": 0, "excluded_lines": 0, "percent_statements_covered": 100.0, "percent_statements_covered_display": "100"}, "missing_lines": [], "excluded_lines": [], "start_line": 350}, "": {"executed_lines": [5, 6, 7, 8, 10, 13, 16, 17, 18, 19, 22, 25, 26, 29, 32, 33, 34, 37, 40, 41, 44, 47, 48, 49, 50, 51, 54, 57, 58, 59, 60, 61, 62, 63, 64, 65, 66, 68, 70, 71, 72, 77, 78, 79, 106, 109, 110, 111, 112, 113, 114, 115, 116, 119, 122, 123, 126, 129, 130, 131, 132, 133, 134, 135, 136, 137, 138, 139, 140, 141, 142, 144, 145, 146, 158, 161, 162, 163, 164, 165, 166, 169, 172, 173, 174, 175, 176, 177, 178, 179, 182, 185, 186, 187, 188, 189, 192, 195, 196, 197, 198, 199, 200, 201, 202, 203, 204, 205, 206, 207, 208, 209, 210, 213, 216, 221, 222, 223, 224, 225, 226, 227, 228, 229, 230, 231, 232, 233, 234, 235, 237, 238, 246, 261, 264, 265, 266, 267, 270, 273, 278, 279, 280, 281, 282, 283, 284, 287, 290, 291, 292, 293, 294, 295, 296, 299, 302, 307, 308, 309, 310, 311, 312, 313, 314, 315, 318, 321, 322, 323, 324, 327, 330, 331, 332, 333, 334, 335, 338, 341, 342, 343, 344, 345, 346, 347, 350, 353, 354, 355, 356, 357, 358, 359, 360, 361], "summary": {"covered_lines": 196, "num_statements": 196, "percent_covered": 100.0, "percent_covered_display": "100", "missing_lines": 0, "excluded_lines": 0, "percent_statements_covered": 100.0, "percent_statements_covered_display": "100"}, "missing_lines": [], "excluded_lines": [], "start_line": 1}}}, "src\\loats\\openalgo.py": {"executed_lines": [5, 7, 8, 10, 12, 13, 14, 29, 32, 36, 44, 47, 48, 51, 54, 60, 61, 62, 63, 66, 68, 70, 73, 79, 80, 85, 97, 100, 110, 112, 113, 114, 116, 118, 123, 125, 127, 128, 129, 131, 141, 157, 158, 160, 161, 162, 167, 168, 174, 175, 176, 177, 178, 179, 181, 190, 191, 192, 193, 194, 195, 196, 198, 207, 209, 222, 226, 227, 228, 232, 243, 245, 256, 258, 259, 260, 264, 287, 297, 298, 300, 319, 325, 327, 342, 343, 345, 347, 349, 351, 353, 390, 393, 394, 395, 397, 398, 399, 400, 402, 412, 413, 414, 416, 417, 418, 419, 420, 421, 423, 425, 464, 467, 468, 469, 470, 471, 472, 474, 483, 484, 485, 487, 488, 489, 490, 491, 492, 493, 494, 496, 498, 525, 526, 528, 530, 531, 532, 533, 534, 535, 536, 538, 539, 540, 541, 542, 543, 545, 547, 557, 558, 560, 570, 571, 573, 580, 582, 589, 593, 596, 599, 609, 610, 611, 612, 614, 616, 621, 623, 625, 626, 627, 629, 639, 657, 658, 660, 661, 662, 667, 668, 674, 675, 676, 677, 678, 679, 681, 688, 689, 690, 691, 692, 693, 694, 695, 696, 702, 704, 705, 707, 726, 732, 734, 749, 750, 752, 754, 756, 758, 760, 797, 800, 801, 802, 804, 805, 806, 807, 809, 819, 820, 821, 823, 824, 825, 826, 827, 828, 830, 832, 871, 874, 875, 876, 877, 878, 879, 881, 890, 891, 892, 894, 895, 896, 897, 898, 899, 900, 901, 903, 905, 932, 933, 935, 937, 938, 939, 940, 941, 942, 943, 945, 946, 947, 948, 949, 950, 952, 954, 956, 957, 959, 961, 962, 964, 966, 968, 970, 974], "summary": {"covered_lines": 281, "num_statements": 312, "percent_covered": 90.06410256410257, "percent_covered_display": "90", "missing_lines": 31, "excluded_lines": 2, "percent_statements_covered": 90.06410256410257, "percent_statements_covered_display": "90"}, "missing_lines": [81, 82, 91, 92, 93, 94, 133, 134, 139, 164, 184, 185, 199, 200, 201, 230, 262, 396, 415, 486, 537, 631, 632, 637, 664, 682, 683, 803, 822, 893, 944], "excluded_lines": [26, 27], "functions": {"KillSwitchError.__init__": {"executed_lines": [47, 48], "summary": {"covered_lines": 2, "num_statements": 2, "percent_covered": 100.0, "percent_covered_display": "100", "missing_lines": 0, "excluded_lines": 0, "percent_statements_covered": 100.0, "percent_statements_covered_display": "100"}, "missing_lines": [], "excluded_lines": [], "start_line": 44}, "OpenAlgoAPIError.__init__": {"executed_lines": [60, 61, 62, 63], "summary": {"covered_lines": 4, "num_statements": 4, "percent_covered": 100.0, "percent_covered_display": "100", "missing_lines": 0, "excluded_lines": 0, "percent_statements_covered": 100.0, "percent_statements_covered_display": "100"}, "missing_lines": [], "excluded_lines": [], "start_line": 54}, "_get_alerts": {"executed_lines": [68, 70], "summary": {"covered_lines": 2, "num_statements": 2, "percent_covered": 100.0, "percent_covered_display": "100", "missing_lines": 0, "excluded_lines": 0, "percent_statements_covered": 100.0, "percent_statements_covered_display": "100"}, "missing_lines": [], "excluded_lines": [], "start_line": 66}, "_check_kill_switch": {"executed_lines": [79, 80], "summary": {"covered_lines": 2, "num_statements": 4, "percent_covered": 50.0, "percent_covered_display": "50", "missing_lines": 2, "excluded_lines": 0, "percent_statements_covered": 50.0, "percent_statements_covered_display": "50"}, "missing_lines": [81, 82], "excluded_lines": [], "start_line": 73}, "_async_check_kill_switch": {"executed_lines": [], "summary": {"covered_lines": 0, "num_statements": 4, "percent_covered": 0.0, "percent_covered_display": "0", "missing_lines": 4, "excluded_lines": 0, "percent_statements_covered": 0.0, "percent_statements_covered_display": "0"}, "missing_lines": [91, 92, 93, 94], "excluded_lines": [], "start_line": 85}, "OpenAlgoClient.__init__": {"executed_lines": [110, 112, 113, 114], "summary": {"covered_lines": 4, "num_statements": 4, "percent_covered": 100.0, "percent_covered_display": "100", "missing_lines": 0, "excluded_lines": 0, "percent_statements_covered": 100.0, "percent_statements_covered_display": "100"}, "missing_lines": [], "excluded_lines": [], "start_line": 100}, "OpenAlgoClient.__enter__": {"executed_lines": [118, 123], "summary": {"covered_lines": 2, "num_statements": 2, "percent_covered": 100.0, "percent_covered_display": "100", "missing_lines": 0, "excluded_lines": 0, "percent_statements_covered": 100.0, "percent_statements_covered_display": "100"}, "missing_lines": [], "excluded_lines": [], "start_line": 116}, "OpenAlgoClient.__exit__": {"executed_lines": [127, 128, 129], "summary": {"covered_lines": 3, "num_statements": 3, "percent_covered": 100.0, "percent_covered_display": "100", "missing_lines": 0, "excluded_lines": 0, "percent_statements_covered": 100.0, "percent_statements_covered_display": "100"}, "missing_lines": [], "excluded_lines": [], "start_line": 125}, "OpenAlgoClient._ensure_client": {"executed_lines": [], "summary": {"covered_lines": 0, "num_statements": 3, "percent_covered": 0.0, "percent_covered_display": "0", "missing_lines": 3, "excluded_lines": 0, "percent_statements_covered": 0.0, "percent_statements_covered_display": "0"}, "missing_lines": [133, 134, 139], "excluded_lines": [], "start_line": 131}, "OpenAlgoClient._request": {"executed_lines": [157, 158, 160, 161, 162, 167, 168, 174, 175, 176, 177, 178, 179, 181, 190, 191, 192, 193, 194, 195, 196, 198], "summary": {"covered_lines": 22, "num_statements": 28, "percent_covered": 78.57142857142857, "percent_covered_display": "79", "missing_lines": 6, "excluded_lines": 0, "percent_statements_covered": 78.57142857142857, "percent_statements_covered_display": "79"}, "missing_lines": [164, 184, 185, 199, 200, 201], "excluded_lines": [], "start_line": 141}, "OpenAlgoClient._convert_to_quote": {"executed_lines": [209], "summary": {"covered_lines": 1, "num_statements": 1, "percent_covered": 100.0, "percent_covered_display": "100", "missing_lines": 0, "excluded_lines": 0, "percent_statements_covered": 100.0, "percent_statements_covered_display": "100"}, "missing_lines": [], "excluded_lines": [], "start_line": 207}, "OpenAlgoClient._convert_to_historical_data": {"executed_lines": [226, 227, 228, 232], "summary": {"covered_lines": 4, "num_statements": 5, "percent_covered": 80.0, "percent_covered_display": "80", "missing_lines": 1, "excluded_lines": 0, "percent_statements_covered": 80.0, "percent_statements_covered_display": "80"}, "missing_lines": [230], "excluded_lines": [], "start_line": 222}, "OpenAlgoClient._
[...]
59, 360, 361, 372, 381], "summary": {"covered_lines": 17, "num_statements": 19, "percent_covered": 89.47368421052632, "percent_covered_display": "89", "missing_lines": 2, "excluded_lines": 0, "percent_statements_covered": 89.47368421052632, "percent_statements_covered_display": "89"}, "missing_lines": [341, 350], "excluded_lines": [], "start_line": 308}, "TechnicalAnalysis.generate_signal": {"executed_lines": [386, 387, 389, 390, 391, 394, 401, 404, 411, 413], "summary": {"covered_lines": 10, "num_statements": 10, "percent_covered": 100.0, "percent_covered_display": "100", "missing_lines": 0, "excluded_lines": 0, "percent_statements_covered": 100.0, "percent_statements_covered_display": "100"}, "missing_lines": [], "excluded_lines": [], "start_line": 383}, "": {"executed_lines": [7, 8, 10, 11, 13, 16, 42, 71, 90, 163, 178, 196, 199, 202, 209, 216, 223, 228, 263, 287, 300, 308, 383, 417, 418], "summary": {"covered_lines": 25, "num_statements": 25, "percent_covered": 100.0, "percent_covered_display": "100", "missing_lines": 0, "excluded_lines": 0, "percent_statements_covered": 100.0, "percent_statements_covered_display": "100"}, "missing_lines": [], "excluded_lines": [], "start_line": 1}}, "classes": {"TechnicalAnalysis": {"executed_lines": [200, 203, 204, 205, 206, 207, 212, 213, 214, 219, 220, 221, 224, 226, 231, 234, 235, 237, 242, 244, 249, 251, 254, 257, 258, 266, 269, 271, 274, 276, 279, 281, 282, 283, 284, 288, 291, 293, 294, 296, 297, 298, 303, 304, 305, 306, 311, 312, 313, 315, 326, 327, 328, 337, 338, 339, 340, 349, 359, 360, 361, 372, 381, 386, 387, 389, 390, 391, 394, 401, 404, 411, 413], "summary": {"covered_lines": 73, "num_statements": 84, "percent_covered": 86.9047619047619, "percent_covered_display": "87", "missing_lines": 11, "excluded_lines": 0, "percent_statements_covered": 86.9047619047619, "percent_statements_covered_display": "87"}, "missing_lines": [225, 232, 259, 260, 261, 267, 277, 285, 289, 341, 350], "excluded_lines": [], "start_line": 196}, "": {"executed_lines": [7, 8, 10, 11, 13, 16, 18, 19, 21, 22, 23, 24, 26, 27, 29, 30, 33, 36, 38, 39, 42, 49, 50, 56, 57, 58, 59, 60, 61, 64, 65, 66, 68, 71, 73, 74, 76, 77, 78, 80, 81, 82, 83, 84, 86, 87, 90, 103, 105, 112, 113, 114, 117, 118, 121, 122, 123, 126, 127, 130, 133, 135, 137, 140, 143, 144, 146, 147, 148, 157, 158, 160, 163, 165, 166, 167, 168, 170, 171, 172, 174, 175, 178, 180, 183, 184, 185, 186, 188, 189, 190, 192, 193, 196, 199, 202, 209, 216, 223, 228, 263, 287, 300, 308, 383, 417, 418], "summary": {"covered_lines": 107, "num_statements": 116, "percent_covered": 92.24137931034483, "percent_covered_display": "92", "missing_lines": 9, "excluded_lines": 0, "percent_statements_covered": 92.24137931034483, "percent_statements_covered_display": "92"}, "missing_lines": [34, 106, 136, 138, 150, 152, 153, 154, 181], "excluded_lines": [], "start_line": 1}}}, "src\\loats\\utils\\circuit_breaker.py": {"executed_lines": [8, 10, 11, 12, 13, 14, 15, 17, 19, 21, 24, 27, 28, 29, 32, 33, 43, 44, 45, 46, 49, 50, 53, 54, 55, 56, 57, 58, 59, 60, 63, 66, 75, 89, 101, 102, 103, 104, 105, 106, 107, 109, 110, 112, 113, 117, 119, 120, 134, 141, 143, 144, 145, 146, 147, 150, 158, 160, 161, 162, 163, 164, 167, 176, 180, 222, 240, 242, 251, 252, 253, 254, 255, 257, 263, 264, 266, 276, 297, 306], "summary": {"covered_lines": 80, "num_statements": 136, "percent_covered": 58.8235294117647, "percent_covered_display": "59", "missing_lines": 56, "excluded_lines": 0, "percent_statements_covered": 58.8235294117647, "percent_statements_covered_display": "59"}, "missing_lines": [67, 68, 69, 114, 115, 116, 122, 123, 136, 137, 138, 139, 151, 152, 153, 154, 155, 156, 168, 169, 170, 171, 178, 196, 198, 199, 200, 201, 202, 205, 207, 208, 209, 210, 211, 213, 214, 217, 219, 220, 243, 244, 245, 246, 249, 258, 261, 268, 269, 270, 271, 272, 273, 274, 278, 279], "excluded_lines": [], "functions": {"CircuitBreakerOpenError.__init__": {"executed_lines": [], "summary": {"covered_lines": 0, "num_statements": 3, "percent_covered": 0.0, "percent_covered_display": "0", "missing_lines": 3, "excluded_lines": 0, "percent_statements_covered": 0.0, "percent_statements_covered_display": "0"}, "missing_lines": [67, 68, 69], "excluded_lines": [], "start_line": 66}, "CircuitBreaker.__init__": {"executed_lines": [101, 102, 103, 104, 105, 106, 107], "summary": {"covered_lines": 7, "num_statements": 7, "percent_covered": 100.0, "percent_covered_display": "100", "missing_lines": 0, "excluded_lines": 0, "percent_statements_covered": 100.0, "percent_statements_covered_display": "100"}, "missing_lines": [], "excluded_lines": [], "start_line": 89}, "CircuitBreaker.state": {"executed_lines": [112, 113, 117], "summary": {"covered_lines": 3, "num_statements": 6, "percent_covered": 50.0, "percent_covered_display": "50", "missing_lines": 3, "excluded_lines": 0, "percent_statements_covered": 50.0, "percent_statements_covered_display": "50"}, "missing_lines": [114, 115, 116], "excluded_lines": [], "start_line": 110}, "CircuitBreaker.stats": {"executed_lines": [], "summary": {"covered_lines": 0, "num_statements": 2, "percent_covered": 0.0, "percent_covered_display": "0", "missing_lines": 2, "excluded_lines": 0, "percent_statements_covered": 0.0, "percent_statements_covered_display": "0"}, "missing_lines": [122, 123], "excluded_lines": [], "start_line": 120}, "CircuitBreaker._should_attempt_reset": {"executed_lines": [], "summary": {"covered_lines": 0, "num_statements": 4, "percent_covered": 0.0, "percent_covered_display": "0", "missing_lines": 4, "excluded_lines": 0, "percent_statements_covered": 0.0, "percent_statements_covered_display": "0"}, "missing_lines": [136, 137, 138, 139], "excluded_lines": [], "start_line": 134}, "CircuitBreaker._record_success": {"executed_lines": [143, 144, 145, 146, 147, 150], "summary": {"covered_lines": 6, "num_statements": 12, "percent_covered": 50.0, "percent_covered_display": "50", "missing_lines": 6, "excluded_lines": 0, "percent_statements_covered": 50.0, "percent_statements_covered_display": "50"}, "missing_lines": [151, 152, 153, 154, 155, 156], "excluded_lines": [], "start_line": 141}, "CircuitBreaker._record_failure": {"executed_lines": [160, 161, 162, 163, 164, 167], "summary": {"covered_lines": 6, "num_statements": 10, "percent_covered": 60.0, "percent_covered_display": "60", "missing_lines": 4, "excluded_lines": 0, "percent_statements_covered": 60.0, "percent_statements_covered_display": "60"}, "missing_lines": [168, 169, 170, 171], "excluded_lines": [], "start_line": 158}, "CircuitBreaker._record_rejection": {"executed_lines": [], "summary": {"covered_lines": 0, "num_statements": 1, "percent_covered": 0.0, "percent_covered_display": "0", "missing_lines": 1, "excluded_lines": 0, "percent_statements_covered": 0.0, "percent_statements_covered_display": "0"}, "missing_lines": [178], "excluded_lines": [], "start_line": 176}, "CircuitBreaker.call": {"executed_lines": [], "summary": {"covered_lines": 0, "num_statements": 17, "percent_covered": 0.0, "percent_covered_display": "0", "missing_lines": 17, "excluded_lines": 0, "percent_statements_covered": 0.0, "percent_statements_covered_display": "0"}, "missing_lines": [196, 198, 199, 200, 201, 202, 205, 207, 208, 209, 210, 211, 213, 214, 217, 219, 220], "excluded_lines": [], "start_line": 180}, "CircuitBreaker.call_async": {"executed_lines": [240, 242, 251, 252, 253, 254, 255, 257, 263, 264], "summary": {"covered_lines": 10, "num_statements": 17, "percent_covered": 58.8235294117647, "percent_covered_display": "59", "missing_lines": 7, "excluded_lines": 0, "percent_statements_covered": 58.8235294117647, "percent_statements_covered_display": "59"}, "missing_lines": [243, 244, 245, 246, 249, 258, 261], "excluded_lines": [], "start_line": 222}, "CircuitBreaker.reset": {"executed_lines": [], "summary": {"covered_lines": 0, "num_statements": 7, "percent_covered": 0.0, "percent_covered_display": "0", "missing_lines": 7, "excluded_lines": 0, "percent_statements_covered": 0.0, "percent_statements_covered_display": "0"}, "missing_lines": [268, 269, 270, 271, 272, 273, 274], "excluded_lines": [], "start_line": 266}, "CircuitBreaker.get_status": {"executed_lines": [], "summary": {"covered_lines": 0, "num_statements": 2, "percent_covered": 0.0, "percent_covered_display": "0", "missing_lines": 2, "excluded_lines": 0, "percent_statements_covered": 0.0, "percent_statements_covered_display": "0"}, "missing_lines": [278, 279], "excluded_lines": [], "start_line": 276}, "": {"executed_lines": [8, 10, 11, 12, 13, 14, 15, 17, 19, 21, 24, 27, 28, 29, 32, 33, 43, 44, 45, 46, 49, 50, 53, 54, 55, 56, 57, 58, 59, 60, 63, 66, 75, 89, 109, 110, 119, 120, 134, 141, 158, 176, 180, 222, 266, 276, 297, 306], "summary": {"covered_lines": 48, "num_statements": 48, "percent_covered": 100.0, "percent_covered_display": "100", "missing_lines": 0, "excluded_lines": 0, "percent_statements_covered": 100.0, "percent_statements_covered_display": "100"}, "missing_lines": [], "excluded_lines": [], "start_line": 1}}, "classes": {"CircuitState": {"executed_lines": [], "summary": {"covered_lines": 0, "num_statements": 0, "percent_covered": 100.0, "percent_covered_display": "100", "missing_lines": 0, "excluded_lines": 0, "percent_statements_covered": 100.0, "percent_statements_covered_display": "100"}, "missing_lines": [], "excluded_lines": [], "start_line": 24}, "CircuitBreakerConfig": {"executed_lines": [], "summary": {"covered_lines": 0, "num_statements": 0, "percent_covered": 100.0, "percent_covered_display": "100", "missing_lines": 0, "excluded_lines": 0, "percent_statements_covered": 100.0, "percent_statements_covered_display": "100"}, "missing_lines": [], "excluded_lines": [], "start_line": 33}, "CircuitBreakerStats": {"executed_lines": [], "summary": {"covered_lines": 0, "num_statements": 0, "percent_covered": 100.0, "percent_covered_display": "100", "missing_lines": 0, "excluded_lines": 0, "percent_statements_covered": 100.0, "percent_statements_covered_display": "100"}, "missing_lines": [], "excluded_lines": [], "start_line": 50}, "CircuitBreakerOpenError": {"executed_lines": [], "summary": {"covered_lines": 0, "num_statements": 3, "percent_covered": 0.0, "percent_covered_display": "0", "missing_lines": 3, "excluded_lines": 0, "percent_statements_covered": 0.0, "percent_statements_covered_display": "0"}, "missing_lines": [67, 68, 69], "excluded_lines": [], "start_line": 63}, "CircuitBreaker": {"executed_lines": [101, 102, 103, 104, 105, 106, 107, 112, 113, 117, 143, 144, 145, 146, 147, 150, 160, 161, 162, 163, 164, 167, 240, 242, 251, 252, 253, 254, 255, 257, 263, 264], "summary": {"covered_lines": 32, "num_statements": 85, "percent_covered": 37.64705882352941, "percent_covered_display": "38", "missing_lines": 53, "excluded_lines": 0, "percent_statements_covered": 37.64705882352941, "percent_statements_covered_display": "38"}, "missing_lines": [114, 115, 116, 122, 123, 136, 137, 138, 139, 151, 152, 153, 154, 155, 156, 168, 169, 170, 171, 178, 196, 198, 199, 200, 201, 202, 205, 207, 208, 209, 210, 211, 213, 214, 217, 219, 220, 243, 244, 245, 246, 249, 258, 261, 268, 269, 270, 271, 272, 273, 274, 278, 279], "excluded_lines": [], "start_line": 75}, "": {"executed_lines": [8, 10, 11, 12, 13, 14, 15, 17, 19, 21, 24, 27, 28, 29, 32, 33, 43, 44, 45, 46, 49, 50, 53, 54, 55, 56, 57, 58, 59, 60, 63, 66, 75, 89, 109, 110, 119, 120, 134, 141, 158, 176, 180, 222, 266, 276, 297, 306], "summary": {"covered_lines": 48, "num_statements": 48, "percent_covered": 100.0, "percent_covered_display": "100", "missing_lines": 0, "excluded_lines": 0, "percent_statements_covered": 100.0, "percent_statements_covered_display": "100"}, "missing_lines": [], "excluded_lines": [], "start_line": 1}}}, "src\\loats\\utils\\nim_rate_guard.py": {"executed_lines": [], "summary": {"covered_lines": 0, "num_statements": 50, "percent_covered": 0.0, "percent_covered_display": "0", "missing_lines": 50, "excluded_lines": 0, "percent_statements_covered": 0.0, "percent_statements_covered_display": "0"}, "missing_lines": [3, 4, 5, 6, 7, 9, 11, 13, 16, 23, 24, 25, 27, 29, 30, 31, 33, 39, 40, 43, 44, 45, 46, 51, 54, 55, 56, 58, 59, 60, 65, 67, 68, 69, 73, 76, 96, 98, 99, 100, 101, 102, 103, 108, 109, 115, 116, 117, 120, 127], "excluded_lines": [], "functions": {"NimRateGuard.__init__": {"executed_lines": [], "summary": {"covered_lines": 0, "num_statements": 3, "percent_covered": 0.0, "percent_covered_display": "0", "missing_lines": 3, "excluded_lines": 0, "percent_statements_covered": 0.0, "percent_statements_covered_display": "0"}, "missing_lines": [29, 30, 31], "excluded_lines": [], "start_line": 27}, "NimRateGuard.acquire": {"executed_lines": [], "summary": {"covered_lines": 0, "num_statements": 18, "percent_covered": 0.0, "percent_covered_display": "0", "missing_lines": 18, "excluded_lines": 0, "percent_statements_covered": 0.0, "percent_statements_covered_display": "0"}, "missing_lines": [39, 40, 43, 44, 45, 46, 51, 54, 55, 56, 58, 59, 60, 65, 67, 68, 69, 73], "excluded_lines": [], "start_line": 33}, "nim_call_with_backoff": {"executed_lines": [], "summary": {"covered_lines": 0, "num_statements": 13, "percent_covered": 0.0, "percent_covered_display": "0", "missing_lines": 13, "excluded_lines": 0, "percent_statements_covered": 0.0, "percent_statements_covered_display": "0"}, "missing_lines": [96, 98, 99, 100, 101, 102, 103, 108, 109, 115, 116, 117, 120], "excluded_lines": [], "start_line": 76}, "": {"executed_lines": [], "summary": {"covered_lines": 0, "num_statements": 16, "percent_covered": 0.0, "percent_covered_display": "0", "missing_lines": 16, "excluded_lines": 0, "percent_statements_covered": 0.0, "percent_statements_covered_display": "0"}, "missing_lines": [3, 4, 5, 6, 7, 9, 11, 13, 16, 23, 24, 25, 27, 33, 76, 127], "excluded_lines": [], "start_line": 1}}, "classes": {"NimRateGuard": {"executed_lines": [], "summary": {"covered_lines": 0, "num_statements": 21, "percent_covered": 0.0, "percent_covered_display": "0", "missing_lines": 21, "excluded_lines": 0, "percent_statements_covered": 0.0, "percent_statements_covered_display": "0"}, "missing_lines": [29, 30, 31, 39, 40, 43, 44, 45, 46, 51, 54, 55, 56, 58, 59, 60, 65, 67, 68, 69, 73], "excluded_lines": [], "start_line": 16}, "": {"executed_lines": [], "summary": {"covered_lines": 0, "num_statements": 29, "percent_covered": 0.0, "percent_covered_display": "0", "missing_lines": 29, "excluded_lines": 0, "percent_statements_covered": 0.0, "percent_statements_covered_display": "0"}, "missing_lines": [3, 4, 5, 6, 7, 9, 11, 13, 16, 23, 24, 25, 27, 33, 76, 96, 98, 99, 100, 101, 102, 103, 108, 109, 115, 116, 117, 120, 127], "excluded_lines": [], "start_line": 1}}}, "src\\loats\\utils\\retry.py": {"executed_lines": [10, 12, 13, 14, 15, 16, 17, 19, 21, 23, 26, 27, 41, 42, 43, 44, 45, 46, 47, 48, 51, 62, 65, 68, 69, 70, 71, 73, 76, 146, 165, 167, 168, 169, 171, 172, 173, 174, 175, 178, 183, 188, 189, 192, 195, 196, 201, 204, 211, 213, 217, 226, 235], "summary": {"covered_lines": 53, "num_statements": 89, "percent_covered": 59.550561797752806, "percent_covered_display": "60", "missing_lines": 36, "excluded_lines": 0, "percent_statements_covered": 59.550561797752806, "percent_statements_covered_display": "60"}, "missing_lines": [95, 97, 98, 99, 101, 102, 103, 104, 105, 108, 109, 110, 113, 114, 115, 118, 119, 122, 125, 126, 131, 132, 134, 137, 138, 139, 141, 143, 179, 180, 184, 185, 202, 207, 208, 209], "excluded_lines": [], "functions": {"_calculate_delay": {"executed_lines": [62, 65, 68, 69, 70, 71, 73], "summary": {"covered_lines": 7, "num_statements": 7, "percent_covered": 100.0, "percent_covered_display": "100", "missing_lines": 0, "excluded_lines": 0, "percent_statements_covered": 100.0, "percent_statements_covered_display": "100"}, "missing_lines": [], "excluded_lines": [], "start_line": 51}, "retry_sync": {"executed_lines": [], "summary": {"covered_lines": 0, "num_statements": 3, "percent_covered": 0.0, "percent_covered_display": "0", "missing_lines": 3, "excluded_lines": 0, "percent_statements_covered": 0.0, "percent_statements_covered_display": "0"}, "missing_lines": [95, 97, 143], "excluded_lines": [], "start_line": 76}, "retry_sync.decorator": {"executed_lines": [], "summary": {"covered_lines": 0, "num_statements": 2, "percent_covered": 0.0, "percent_covered_display": "0", "missing_lines": 2, "excluded_lines": 0, "percent_statements_covered": 0.0, "percent_statements_covered_display": "0"}, "missing_lines": [98, 141], "excluded_lines": [], "start_line": 97}, "retry_sync.decorator.wrapper": {"executed_lines": [], "summary": {"covered_lines": 0, "num_statements": 23, "percent_covered": 0.0, "percent_covered_display": "0", "missing_lines": 23, "excluded_lines": 0, "percent_statements_covered": 0.0, "percent_statements_covered_display": "0"}, "missing_lines": [99, 101, 102, 103, 104, 105, 108, 109, 110, 113, 114, 115, 118, 119, 122, 125, 126, 131, 132, 134, 137, 138, 139], "excluded_lines": [], "start_line": 98}, "retry_async": {"executed_lines": [165, 167, 213], "summary": {"covered_lines": 3, "num_statements": 3, "percent_covered": 100.0, "percent_covered_display": "100", "missing_lines": 0, "excluded_lines": 0, "percent_statements_covered": 100.0, "percent_statements_covered_display": "100"}, "missing_lines": [], "excluded_lines": [], "start_line": 146}, "retry_async.decorator": {"executed_lines": [168, 211], "summary": {"covered_lines": 2, "num_statements": 2, "percent_covered": 100.0, "percent_covered_display": "100", "missing_lines": 0, "excluded_lines": 0, "percent_statements_covered": 100.0, "percent_statements_covered_display": "100"}, "missing_lines": [], "excluded_lines": [], "start_line": 167}, "retry_async.decorator.wrapper": {"executed_lines": [169, 171, 172, 173, 174, 175, 178, 183, 188, 189, 192, 195, 196, 201, 204], "summary": {"covered_lines": 15, "num_statements": 23, "percent_covered": 65.21739130434783, "percent_covered_display": "65", "missing_lines": 8, "excluded_lines": 0, "percent_statements_covered": 65.21739130434783, "percent_statements_covered_display": "65"}, "missing_lines": [179, 180, 184, 185, 202, 207, 208, 209], "excluded_lines": [], "start_line": 168}, "": {"executed_lines": [10, 12, 13, 14, 15, 16, 17, 19, 21, 23, 26, 27, 41, 42, 43, 44, 45, 46, 47, 48, 51, 76, 146, 217, 226, 235], "summary": {"covered_lines": 26, "num_statements": 26, "percent_covered": 100.0, "percent_covered_display": "100", "missing_lines": 0, "excluded_lines": 0, "percent_statements_covered": 100.0, "percent_statements_covered_display": "100"}, "missing_lines": [], "excluded_lines": [], "start_line": 1}}, "classes": {"RetryConfig": {"executed_lines": [], "summary": {"covered_lines": 0, "num_statements": 0, "percent_covered": 100.0, "percent_covered_display": "100", "missing_lines": 0, "excluded_lines": 0, "percent_statements_covered": 100.0, "percent_statements_covered_display": "100"}, "missing_lines": [], "excluded_lines": [], "start_line": 27}, "": {"executed_lines": [10, 12, 13, 14, 15, 16, 17, 19, 21, 23, 26, 27, 41, 42, 43, 44, 45, 46, 47, 48, 51, 62, 65, 68, 69, 70, 71, 73, 76, 146, 165, 167, 168, 169, 171, 172, 173, 174, 175, 178, 183, 188, 189, 192, 195, 196, 201, 204, 211, 213, 217, 226, 235], "summary": {"covered_lines": 53, "num_statements": 89, "percent_covered": 59.550561797752806, "percent_covered_display": "60", "missing_lines": 36, "excluded_lines": 0, "percent_statements_covered": 59.550561797752806, "percent_statements_covered_display": "60"}, "missing_lines": [95, 97, 98, 99, 101, 102, 103, 104, 105, 108, 109, 110, 113, 114, 115, 118, 119, 122, 125, 126, 131, 132, 134, 137, 138, 139, 141, 143, 179, 180, 184, 185, 202, 207, 208, 209], "excluded_lines": [], "start_line": 1}}}}, "totals": {"covered_lines": 2203, "num_statements": 2734, "percent_covered": 80.57790782735918, "percent_covered_display": "81", "missing_lines": 531, "excluded_lines": 2, "percent_statements_covered": 80.57790782735918, "percent_statements_covered_display": "81"}}