{"meta": {"format": 3, "version": "7.14.1", "timestamp": "2026-08-07T13:27:21.278529", "branch_coverage": false, "show_contexts": false}, "files": {"src\\loats\\alerts.py": {"executed_lines": [6, 7, 8, 9, 11, 12, 20, 21, 22, 23, 24, 25, 30, 32, 35, 38, 47, 53, 54, 55, 56, 57, 58, 59, 60, 62, 63, 70, 73, 75, 77, 89, 91, 92, 93, 94, 95, 96, 97, 99, 100, 102, 103, 104, 105, 106, 107, 108, 109, 110, 114, 115, 116, 117, 119, 126, 127, 128, 132, 134, 136, 138, 140, 144, 148, 149, 154, 159, 160, 161, 164, 166, 167, 169, 171, 178, 179, 184, 186, 192, 196, 200, 204, 206, 207, 212, 213, 214, 215, 216, 217, 218, 219, 221, 223, 224, 225, 228, 229, 230, 233, 234, 236, 237, 238, 244, 245, 246, 248, 253, 254, 255, 256, 257, 258, 259, 260, 262, 264, 266, 267, 268, 269, 270, 271, 272, 277, 281, 287, 298, 299, 300, 301, 303, 305, 306, 307, 308, 309, 312, 316, 317, 319, 321, 334, 335, 336, 337, 338, 339, 341, 342, 343, 344, 346, 348, 349, 350, 351, 352, 353, 354, 355, 359, 360, 361, 366, 378, 379, 380, 381, 382, 383, 384, 387, 388, 389, 390, 391, 392, 394, 395, 396, 397, 399, 401, 402, 408, 409, 410, 411, 412, 414, 416, 417, 420, 423, 424, 427, 428, 429, 431, 433, 434, 437, 440, 441, 444, 445, 446, 448, 450, 451, 452, 453, 455, 456, 458, 459, 461, 462, 463, 472, 477, 479, 480, 481, 482, 486, 487, 495, 500, 502, 503, 506, 509, 510, 513, 514, 515, 517, 519, 520, 523, 524, 532, 534, 535, 536, 538, 539, 540, 543, 544, 546, 547, 548, 550, 551, 552, 553, 554, 557, 558, 565, 571, 573, 574, 575, 577, 578, 579, 582, 583, 590, 591, 592, 593, 595, 597, 599, 604, 609, 611, 619, 622, 623, 626, 628, 629, 641, 642, 646, 648, 649, 652, 657, 658, 662, 666, 668, 680, 681, 682, 683, 685, 690, 692, 693, 694, 704, 706, 708, 709, 713, 714, 718, 720, 725, 730, 732, 733, 734, 744, 748, 749, 750, 751, 757, 759, 760, 761, 762, 763, 764, 766, 767, 769, 770, 772, 773, 774, 775, 776, 777, 778, 788, 789, 795, 799, 801, 828, 829, 830, 831, 833, 835, 836, 842, 846, 847, 848, 850, 851, 852, 853, 854, 855, 856, 857, 858, 859, 860, 861, 863, 864, 874, 877], "summary": {"covered_lines": 378, "num_statements": 490, "percent_covered": 77.14285714285714, "percent_covered_display": "77", "missing_lines": 112, "excluded_lines": 0, "percent_statements_covered": 77.14285714285714, "percent_statements_covered_display": "77"}, "missing_lines": [71, 79, 80, 81, 82, 83, 84, 86, 87, 129, 130, 146, 150, 151, 152, 162, 172, 173, 174, 175, 176, 180, 181, 182, 187, 188, 201, 249, 250, 251, 274, 275, 310, 311, 313, 314, 357, 358, 363, 364, 425, 426, 442, 443, 473, 474, 475, 496, 497, 498, 511, 512, 525, 526, 527, 528, 529, 530, 566, 567, 568, 569, 613, 617, 620, 643, 644, 659, 660, 669, 673, 674, 678, 698, 699, 700, 701, 702, 721, 722, 723, 738, 739, 740, 741, 742, 752, 753, 754, 755, 790, 791, 792, 793, 805, 806, 807, 808, 810, 812, 813, 820, 826, 827, 837, 838, 839, 840, 867, 868, 869, 870], "excluded_lines": [], "functions": {"AlertSystem.__init__": {"executed_lines": [53, 54, 55, 56, 57, 58, 59, 60], "summary": {"covered_lines": 8, "num_statements": 8, "percent_covered": 100.0, "percent_covered_display": "100", "missing_lines": 0, "excluded_lines": 0, "percent_statements_covered": 100.0, "percent_statements_covered_display": "100"}, "missing_lines": [], "excluded_lines": [], "start_line": 47}, "AlertSystem.db": {"executed_lines": [70, 73, 75], "summary": {"covered_lines": 3, "num_statements": 4, "percent_covered": 75.0, "percent_covered_display": "75", "missing_lines": 1, "excluded_lines": 0, "percent_statements_covered": 75.0, "percent_statements_covered_display": "75"}, "missing_lines": [71], "excluded_lines": [], "start_line": 63}, "AlertSystem._initialize_bot": {"executed_lines": [], "summary": {"covered_lines": 0, "num_statements": 8, "percent_covered": 0.0, "percent_covered_display": "0", "missing_lines": 8, "excluded_lines": 0, "percent_statements_covered": 0.0, "percent_statements_covered_display": "0"}, "missing_lines": [79, 80, 81, 82, 83, 84, 86, 87], "excluded_lines": [], "start_line": 77}, "AlertSystem.initialize": {"executed_lines": [91, 92, 93, 94, 95, 96, 97, 99, 100, 102, 103, 104, 105, 106, 107, 108, 109, 110, 114, 115, 116, 117], "summary": {"covered_lines": 22, "num_statements": 22, "percent_covered": 100.0, "percent_covered_display": "100", "missing_lines": 0, "excluded_lines": 0, "percent_statements_covered": 100.0, "percent_statements_covered_display": "100"}, "missing_lines": [], "excluded_lines": [], "start_line": 89}, "AlertSystem.start": {"executed_lines": [126, 127, 128, 132, 134, 136, 138, 140, 144, 148, 149], "summary": {"covered_lines": 11, "num_statements": 17, "percent_covered": 64.70588235294117, "percent_covered_display": "65", "missing_lines": 6, "excluded_lines": 0, "percent_statements_covered": 64.70588235294117, "percent_statements_covered_display": "65"}, "missing_lines": [129, 130, 146, 150, 151, 152], "excluded_lines": [], "start_line": 119}, "AlertSystem.shutdown": {"executed_lines": [159, 160, 161, 164, 166, 167, 169, 171, 178, 179], "summary": {"covered_lines": 10, "num_statements": 19, "percent_covered": 52.63157894736842, "percent_covered_display": "53", "missing_lines": 9, "excluded_lines": 0, "percent_statements_covered": 52.63157894736842, "percent_statements_covered_display": "53"}, "missing_lines": [162, 172, 173, 174, 175, 176, 180, 181, 182], "excluded_lines": [], "start_line": 154}, "AlertSystem._send_telegram_message": {"executed_lines": [186, 192], "summary": {"covered_lines": 2, "num_statements": 4, "percent_covered": 50.0, "percent_covered_display": "50", "missing_lines": 2, "excluded_lines": 0, "percent_statements_covered": 50.0, "percent_statements_covered_display": "50"}, "missing_lines": [187, 188], "excluded_lines": [], "start_line": 184}, "AlertSystem._safe_send_message": {"executed_lines": [200, 204, 206, 207, 212, 213, 214, 215, 216, 217, 218, 219], "summary": {"covered_lines": 12, "num_statements": 13, "percent_covered": 92.3076923076923, "percent_covered_display": "92", "missing_lines": 1, "excluded_lines": 0, "percent_statements_covered": 92.3076923076923, "percent_statements_covered_display": "92"}, "missing_lines": [201], "excluded_lines": [], "start_line": 196}, "AlertSystem.send_alert": {"executed_lines": [223, 224, 225, 228, 229, 230, 233, 234, 236, 237, 238, 244, 245, 246, 248], "summary": {"covered_lines": 15, "num_statements": 18, "percent_covered": 83.33333333333333, "percent_covered_display": "83", "missing_lines": 3, "excluded_lines": 0, "percent_statements_covered": 83.33333333333333, "percent_statements_covered_display": "83"}, "missing_lines": [249, 250, 251], "excluded_lines": [], "start_line": 221}, "AlertSystem._format_alert_message": {"executed_lines": [254, 255, 256, 257, 258, 259, 260, 262], "summary": {"covered_lines": 8, "num_statements": 8, "percent_covered": 100.0, "percent_covered_display": "100", "missing_lines": 0, "excluded_lines": 0, "percent_statements_covered": 100.0, "percent_statements_covered_display": "100"}, "missing_lines": [], "excluded_lines": [], "start_line": 253}, "AlertSystem.send_signal_alert": {"executed_lines": [266, 267, 268, 269, 270, 271, 272, 277, 281, 287, 298, 299, 300, 301], "summary": {"covered_lines": 14, "num_statements": 16, "percent_covered": 87.5, "percent_covered_display": "88", "missing_lines": 2, "excluded_lines": 0, "percent_statements_covered": 87.5, "percent_statements_covered_display": "88"}, "missing_lines": [274, 275], "excluded_lines": [], "start_line": 264}, "AlertSystem.send_order_alert": {"executed_lines": [305, 306, 307, 308, 309, 312, 316, 317, 319, 321, 334, 335, 336, 337, 338, 339, 341, 342, 343, 344], "summary": {"covered_lines": 20, "num_statements": 24, "percent_covered": 83.33333333333333, "percent_covered_display": "83", "missing_lines": 4, "excluded_lines": 0, "percent_statements_covered": 83.33333333333333, "percent_statements_covered_display": "83"}, "missing_lines": [310, 311, 313, 314], "excluded_lines": [], "start_line": 303}, "AlertSystem.send_trade_alert": {"executed_lines": [348, 349, 350, 351, 352, 353, 354, 355, 359, 360, 361, 366, 378, 379, 380, 381, 382, 383, 384, 387, 388, 389, 390, 391, 392, 394, 395, 396, 397], "summary": {"covered_lines": 29, "num_statements": 33, "percent_covered": 87.87878787878788, "percent_covered_display": "88", "missing_lines": 4, "excluded_lines": 0, "percent_statements_covered": 87.87878787878788, "percent_statements_covered_display": "88"}, "missing_lines": [357, 358, 363, 364], "excluded_lines": [], "start_line": 346}, "AlertSystem.send_system_alert": {"executed_lines": [401, 402, 408, 409, 410, 411, 412], "summary": {"covered_lines": 7, "num_statements": 7, "percent_covered": 100.0, "percent_covered_display": "100", "missing_lines": 0, "excluded_lines": 0, "percent_statements_covered": 100.0, "percent_statements_covered_display": "100"}, "missing_lines": [], "excluded_lines": [], "start_line": 399}, "AlertSystem._safe_get_position_book": {"executed_lines": [416, 417, 420, 423, 424, 427, 428, 429], "summary": {"covered_lines": 8, "num_statements": 10, "percent_covered": 80.0, "percent_covered_display": "80", "missing_lines": 2, "excluded_lines": 0, "percent_statements_covered": 80.0, "percent_statements_covered_display": "80"}, "missing_lines": [425, 426], "excluded_lines": [], "start_line": 414}, "AlertSystem._safe_get_funds": {"executed_lines": [433, 434, 437, 440, 441, 444, 445, 446], "summary": {"covered_lines": 8, "num_statements": 10, "percent_covered": 80.0, "percent_covered_display": "80", "missing_lines": 2, "excluded_lines": 0, "percent_statements_covered": 80.0, "percent_statements_covered_display": "80"}, "missing_lines": [442, 443], "excluded_lines": [], "start_line": 431}, "AlertSystem.send_position_alert": {"executed_lines": [450, 451, 452, 453, 455, 456, 458, 459, 461, 462, 463, 472], "summary": {"covered_lines": 12, "num_statements": 15, "percent_covered": 80.0, "percent_covered_display": "80", "missing_lines": 3, "excluded_lines": 0, "percent_statements_covered": 80.0, "percent_statements_covered_display": "80"}, "missing_lines": [473, 474, 475], "excluded_lines": [], "start_line": 448}, "AlertSystem.send_funds_alert": {"executed_lines": [479, 480, 481, 482, 486, 487, 495], "summary": {"covered_lines": 7, "num_statements": 10, "percent_covered": 70.0, "percent_covered_display": "70", "missing_lines": 3, "excluded_lines": 0, "percent_statements_covered": 70.0, "percent_statements_covered_display": "70"}, "missing_lines": [496, 497, 498], "excluded_lines": [], "start_line": 477}, "AlertSystem._safe_get_all_orders": {"executed_lines": [502, 503, 506, 509, 510, 513, 514, 515], "summary": {"covered_lines": 8, "num_statements": 10, "percent_covered": 80.0, "percent_covered_display": "80", "missing_lines": 2, "excluded_lines": 0, "percent_statements_covered": 80.0, "percent_statements_covered_display": "80"}, "missing_lines": [511, 512], "excluded_lines": [], "start_line": 500}, "AlertSystem._safe_cancel_order": {"executed_lines": [519, 520, 523, 524], "summary": {"covered_lines": 4, "num_statements": 10, "percent_covered": 40.0, "percent_covered_display": "40", "missing_lines": 6, "excluded_lines": 0, "percent_statements_covered": 40.0, "percent_statements_covered_display": "40"}, "missing_lines": [525, 526, 527, 528, 529, 530], "excluded_lines": [], "start_line": 517}, "AlertSystem.activate_kill_switch": {"executed_lines": [534, 535, 536, 538, 539, 540, 543, 544, 546, 547, 548, 550, 551, 552, 553, 554, 557, 558, 565], "summary": {"covered_lines": 19, "num_statements": 23, "percent_covered": 82.6086956521739, "percent_covered_display": "83", "missing_lines": 4, "excluded_lines": 0, "percent_statements_covered": 82.6086956521739, "percent_statements_covered_display": "83"}, "missing_lines": [566, 567, 568, 569], "excluded_lines": [], "start_line": 532}, "AlertSystem.deactivate_kill_switch": {"executed_lines": [573, 574, 575, 577, 578, 579, 582, 583, 590, 591, 592, 593], "summary": {"covered_lines": 12, "num_statements": 12, "percent_covered": 100.0, "percent_covered_display": "100", "missing_lines": 0, "excluded_lines": 0, "percent_statements_covered": 100.0, "percent_statements_covered_display": "100"}, "missing_lines": [], "excluded_lines": [], "start_line": 571}, "AlertSystem.is_kill_switch_active": {"executed_lines": [597], "summary": {"covered_lines": 1, "num_statements": 1, "percent_covered": 100.0, "percent_covered_display": "100", "missing_lines": 0, "excluded_lines": 0, "percent_statements_covered": 100.0, "percent_statements_covered_display": "100"}, "missing_lines": [], "excluded_lines": [], "start_line": 595}, "AlertSystem.get_circuit_breaker_status": {"executed_lines": [604], "summary": {"covered_lines": 1, "num_statements": 1, "percent_covered": 100.0, "percent_covered_display": "100", "missing_lines": 0, "excluded_lines": 0, "percent_statements_covered": 100.0, "percent_statements_covered_display": "100"}, "missing_lines": [], "excluded_lines": [], "start_line": 599}, "AlertSystem._is_authorized_admin": {"executed_lines": [611, 619, 622, 623], "summary": {"covered_lines": 4, "num_statements": 7, "percent_covered": 57.142857142857146, "percent_covered_display": "57", "missing_lines": 3, "excluded_lines": 0, "percent_statements_covered": 57.142857142857146, "percent_statements_covered_display": "57"}, "missing_lines": [613, 617, 620], "excluded_lines": [], "start_line": 609}, "AlertSystem._start": {"executed_lines": [628, 629, 641, 642], "summary": {"covered_lines": 4, "num_statements": 6, "percent_covered": 66.66666666666667, "percent_covered_display": "67", "missing_lines": 2, "excluded_lines": 0, "percent_statements_covered": 66.66666666666667, "percent_statements_covered_display": "67"}, "missing_lines": [643, 644], "excluded_lines": [], "start_line": 626}, "AlertSystem._status": {"executed_lines": [648, 649, 652, 657, 658], "summary": {"covered_lines": 5, "num_statements": 7, "percent_covered": 71.42857142857143, "percent_covered_display": "71", "missing_lines": 2, "excluded_lines": 0, "percent_statements_covered": 71.42857142857143, "percent_statements_covered_display": "71"}, "missing_lines": [659, 660], "excluded_lines": [], "start_line": 646}, "AlertSystem._kill_switch": {"executed_lines": [666, 668, 680, 681, 682, 683, 685, 690, 692, 693, 694], "summary": {"covered_lines": 11, "num_statements": 20, "percent_covered": 55.0, "percent_covered_display": "55", "missing_lines": 9, "excluded_lines": 0, "percent_statements_covered": 55.0, "percent_statements_covered_display": "55"}, "missing_lines": [669, 673, 674, 678, 698, 699, 700, 701, 702], "excluded_lines": [], "start_line": 662}, "AlertSystem._resume": {"executed_lines": [706, 708, 709, 713, 714, 718, 720, 725, 730, 732, 733, 734], "summary": {"covered_lines": 12, "num_statements": 20, "percent_covered": 60.0, "percent_covered_display": "60", "missing_lines": 8, "excluded_lines": 0, "percent_statements_covered": 60.0, "percent_statements_covered_display": "60"}, "missing_lines": [721, 722, 723, 738, 739, 740, 741, 742], "excluded_lines": [], "start_line": 704}, "AlertSystem._positions": {"executed_lines": [748, 749, 750, 751], "summary": {"covered_lines": 4, "num_statements": 8, "percent_covered": 50.0, "percent_covered_display": "50", "missing_lines": 4, "excluded_lines": 0, "percent_statements_covered": 50.0, "percent_statements_covered_display": "50"}, "missing_lines": [752, 753, 754, 755], "excluded_lines": [], "start_line": 744}, "AlertSystem._orders": {"executed_lines": [759, 760, 761, 762, 763, 764, 766, 767, 769, 770, 772, 773, 774, 775, 776, 777, 778, 788, 789], "summary": {"covered_lines": 19, "num_statements": 23, "percent_covered": 82.6086956521739, "percent_covered_display": "83", "missing_lines": 4, "excluded_lines": 0, "percent_statements_covered": 82.6086956521739, "percent_statements_covered_display": "83"}, "missing_lines": [790, 791, 792, 793], "excluded_lines": [], "start_line": 757}, "AlertSystem._signals": {"executed_lines": [799, 801, 828, 829, 830, 831], "summary": {"covered_lines": 6, "num_statements": 16, "percent_covered": 37.5, "percent_covered_display": "38", "missing_lines": 10, "excluded_lines": 0, "percent_statements_covered": 37.5, "percent_statements_covered_display": "38"}, "missing_lines": [805, 806, 807, 808, 810, 812, 813, 820, 826, 827], "excluded_lines": [], "start_line": 795}, "AlertSystem._help": {"executed_lines": [835, 836], "summary": {"covered_lines": 2, "num_statements": 6, "percent_covered": 33.333333333333336, "percent_covered_display": "33", "missing_lines": 4, "excluded_lines": 0, "percent_statements_covered": 33.333333333333336, "percent_statements_covered_display": "33"}, "missing_lines": [837, 838, 839, 840], "excluded_lines": [], "start_line": 833}, "AlertSystem._handle_message": {"executed_lines": [846, 847, 848, 850, 851, 852, 853, 854, 855, 856, 857, 858, 859, 860, 861, 863, 864], "summary": {"covered_lines": 17, "num_statements": 21, "percent_covered": 80.95238095238095, "percent_covered_display": "81", "missing_lines": 4, "excluded_lines": 0, "percent_statements_covered": 80.95238095238095, "percent_statements_covered_display": "81"}, "missing_lines": [867, 868, 869, 870], "excluded_lines": [], "start_line": 842}, "": {"executed_lines": [6, 7, 8, 9, 11, 12, 20, 21, 22, 23, 24, 25, 30, 32, 35, 38, 47, 62, 63, 77, 89, 119, 154, 184, 196, 221, 253, 264, 303, 346, 399, 414, 431, 448, 477, 500, 517, 532, 571, 595, 599, 609, 626, 646, 662, 704, 744, 757, 795, 833, 842, 874, 877], "summary": {"covered_lines": 53, "num_statements": 53, "percent_covered": 100.0, "percent_covered_display": "100", "missing_lines": 0, "excluded_lines": 0, "percent_statements_covered": 100.0, "percent_statements_covered_display": "100"}, "missing_lines": [], "excluded_lines": [], "start_line": 1}}, "classes": {"AlertSystem": {"executed_lines": [53, 54, 55, 56, 57, 58, 59, 60, 70, 73, 75, 91, 92, 93, 94, 95, 96, 97, 99, 100, 102, 103, 104, 105, 106, 107, 108, 109, 110, 114, 115, 116, 117, 126, 127, 128, 132, 134, 136, 138, 140, 144, 148, 149, 159, 160, 161, 164, 166, 167, 169, 171, 178, 179, 186, 192, 200, 204, 206, 207, 212, 213, 214, 215, 216, 217, 218, 219, 223, 224, 225, 228, 229, 230, 233, 234, 236, 237, 238, 244, 245, 246, 248, 254, 255, 256, 257, 258, 259, 260, 262, 266, 267, 268, 269, 270, 271, 272, 277, 281, 287, 298, 299, 300, 301, 305, 306, 307, 308, 309, 312, 316, 317, 319, 321, 334, 335, 336, 337, 338, 339, 341, 342, 343, 344, 348, 349, 350, 351, 352, 353, 354, 355, 359, 360, 361, 366, 378, 379, 380, 381, 382, 383, 384, 387, 388, 389, 390, 391, 392, 394, 395, 396, 397, 401, 402, 408, 409, 410, 411, 412, 416, 417, 420, 423, 424, 427, 428, 429, 433, 434, 437, 440, 441, 444, 445, 446, 450, 451, 452, 453, 455, 456, 458, 459, 461, 462, 463, 472, 479, 480, 481, 482, 486, 487, 495, 502, 503, 506, 509, 510, 513, 514, 515, 519, 520, 523, 524, 534, 535, 536, 538, 539, 540, 543, 544, 546, 547, 548, 550, 551, 552, 553, 554, 557, 558, 565, 573, 574, 575, 577, 578, 579, 582, 583, 590, 591, 592, 593, 597, 604, 611, 619, 622, 623, 628, 629, 641, 642, 648, 649, 652, 657, 658, 666, 668, 680, 681, 682, 683, 685, 690, 692, 693, 694, 706, 708, 709, 713, 714, 718, 720, 725, 730, 732, 733, 734, 748, 749, 750, 751, 759, 760, 761, 762, 763, 764, 766, 767, 769, 770, 772, 773, 774, 775, 776, 777, 778, 788, 789, 799, 801, 828, 829, 830, 831, 835, 836, 846, 847, 848, 850, 851, 852, 853, 854, 855, 856, 857, 858, 859, 860, 861, 863, 864], "summary": {"covered_lines": 325, "num_statements": 437, "percent_covered": 74.37070938215103, "percent_covered_display": "74", "missing_lines": 112, "excluded_lines": 0, "percent_statements_covered": 74.37070938215103, "percent_statements_covered_display": "74"}, "missing_lines": [71, 79, 80, 81, 82, 83, 84, 86, 87, 129, 130, 146, 150, 151, 152, 162, 172, 173, 174, 175, 176, 180, 181, 182, 187, 188, 201, 249, 250, 251, 274, 275, 310, 311, 313, 314, 357, 358, 363, 364, 425, 426, 442, 443, 473, 474, 475, 496, 497, 498, 511, 512, 525, 526, 527, 528, 529, 530, 566, 567, 568, 569, 613, 617, 620, 643, 644, 659, 660, 669, 673, 674, 678, 698, 699, 700, 701, 702, 721, 722, 723, 738, 739, 740, 741, 742, 752, 753, 754, 755, 790, 791, 792, 793, 805, 806, 807, 808, 810, 812, 813, 820, 826, 827, 837, 838, 839, 840, 867, 868, 869, 870], "excluded_lines": [], "start_line": 38}, "": {"executed_lines": [6, 7, 8, 9, 11, 12, 20, 21, 22, 23, 24, 25, 30, 32, 35, 38, 47, 62, 63, 77, 89, 119, 154, 184, 196, 221, 253, 264, 303, 346, 399, 414, 431, 448, 477, 500, 517, 532, 571, 595, 599, 609, 626, 646, 662, 704, 744, 757, 795, 833, 842, 874, 877], "summary": {"covered_lines": 53, "num_statements": 53, "percent_covered": 100.0, "percent_covered_display": "100", "missing_lines": 0, "excluded_lines": 0, "percent_statements_covered": 100.0, "percent_statements_covered_display": "100"}, "missing_lines": [], "excluded_lines": [], "start_line": 1}}}, "src\\loats\\config\\settings.py": {"executed_lines": [3, 4, 5, 6, 8, 9, 12, 15, 23, 26, 29, 32, 37, 40, 43, 46, 47, 48, 51, 54, 57, 60, 65, 68, 69, 74, 75, 78, 79, 80, 85, 88, 93, 97, 98, 99, 101, 103, 104, 105, 107, 111, 113, 114, 115, 117, 118, 119, 121, 124, 125, 127, 128, 129, 131, 132, 133, 135, 136, 137, 139, 140, 141, 143, 144, 145, 147, 148, 149, 151, 152, 156, 158, 160, 164, 165, 171], "summary": {"covered_lines": 77, "num_statements": 79, "percent_covered": 97.46835443037975, "percent_covered_display": "97", "missing_lines": 2, "excluded_lines": 0, "percent_statements_covered": 97.46835443037975, "percent_statements_covered_display": "97"}, "missing_lines": [108, 153], "excluded_lines": [], "functions": {"Settings.validate_decimals": {"executed_lines": [101], "summary": {"covered_lines": 1, "num_statements": 1, "percent_covered": 100.0, "percent_covered_display": "100", "missing_lines": 0, "excluded_lines": 0, "percent_statements_covered": 100.0, "percent_statements_covered_display": "100"}, "missing_lines": [], "excluded_lines": [], "start_line": 99}, "Settings.validate_environment": {"executed_lines": [107, 111], "summary": {"covered_lines": 2, "num_statements": 3, "percent_covered": 66.66666666666667, "percent_covered_display": "67", "missing_lines": 1, "excluded_lines": 0, "percent_statements_covered": 66.66666666666667, "percent_statements_covered_display": "67"}, "missing_lines": [108], "excluded_lines": [], "start_line": 105}, "Settings.validate_retention_days": {"executed_lines": [117, 118, 119], "summary": {"covered_lines": 3, "num_statements": 3, "percent_covered": 100.0, "percent_covered_display": "100", "missing_lines": 0, "excluded_lines": 0, "percent_statements_covered": 100.0, "percent_statements_covered_display": "100"}, "missing_lines": [], "excluded_lines": [], "start_line": 115}, "Settings.validate_scan_intervals": {"executed_lines": [127, 128, 129], "summary": {"covered_lines": 3, "num_statements": 3, "percent_covered": 100.0, "percent_covered_display": "100", "missing_lines": 0, "excluded_lines": 0, "percent_statements_covered": 100.0, "percent_statements_covered_display": "100"}, "missing_lines": [], "excluded_lines": [], "start_line": 125}, "Settings.validate_sentiment_threshold": {"executed_lines": [135, 136, 137], "summary": {"covered_lines": 3, "num_statements": 3, "percent_covered": 100.0, "percent_covered_display": "100", "missing_lines": 0, "excluded_lines": 0, "percent_statements_covered": 100.0, "percent_statements_covered_display": "100"}, "missing_lines": [], "excluded_lines": [], "start_line": 133}, "Settings.validate_request_timeout": {"executed_lines": [143, 144, 145], "summary": {"covered_lines": 3, "num_statements": 3, "percent_covered": 100.0, "percent_covered_display": "100", "missing_lines": 0, "excluded_lines": 0, "percent_statements_covered": 100.0, "percent_statements_covered_display": "100"}, "missing_lines": [], "excluded_lines": [], "start_line": 141}, "Settings.validate_openalgo_api_key": {"executed_lines": [151, 152, 156], "summary": {"covered_lines": 3, "num_statements": 4, "percent_covered": 75.0, "percent_covered_display": "75", "missing_lines": 1, "excluded_lines": 0, "percent_statements_covered": 75.0, "percent_statements_covered_display": "75"}, "missing_lines": [153], "excluded_lines": [], "start_line": 149}, "Settings.initialize": {"executed_lines": [160], "summary": {"covered_lines": 1, "num_statements": 1, "percent_covered": 100.0, "percent_covered_display": "100", "missing_lines": 0, "excluded_lines": 0, "percent_statements_covered": 100.0, "percent_statements_covered_display": "100"}, "missing_lines": [], "excluded_lines": [], "start_line": 158}, "get_settings": {"executed_lines": [171], "summary": {"covered_lines": 1, "num_statements": 1, "percent_covered": 100.0, "percent_covered_display": "100", "missing_lines": 0, "excluded_lines": 0, "percent_statements_covered": 100.0, "percent_statements_covered_display": "100"}, "missing_lines": [], "excluded_lines": [], "start_line": 165}, "": {"executed_lines": [3, 4, 5, 6, 8, 9, 12, 15, 23, 26, 29, 32, 37, 40, 43, 46, 47, 48, 51, 54, 57, 60, 65, 68, 69, 74, 75, 78, 79, 80, 85, 88, 93, 97, 98, 99, 103, 104, 105, 113, 114, 115, 121, 124, 125, 131, 132, 133, 139, 140, 141, 147, 148, 149, 158, 164, 165], "summary": {"covered_lines": 57, "num_statements": 57, "percent_covered": 100.0, "percent_covered_display": "100", "missing_lines": 0, "excluded_lines": 0, "percent_statements_covered": 100.0, "percent_statements_covered_display": "100"}, "missing_lines": [], "excluded_lines": [], "start_line": 1}}, "classes": {"Settings": {"executed_lines": [101, 107, 111, 117, 118, 119, 127, 128, 129, 135, 136, 137, 143, 144, 145, 151, 152, 156, 160], "summary": {"covered_lines": 19, "num_statements": 21, "percent_covered": 90.47619047619048, "percent_covered_display": "90", "missing_lines": 2, "excluded_lines": 0, "percent_statements_covered": 90.47619047619048, "percent_statements_covered_display": "90"}, "missing_lines": [108, 153], "excluded_lines": [], "start_line": 12}, "": {"executed_lines": [3, 4, 5, 6, 8, 9, 12, 15, 23, 26, 29, 32, 37, 40, 43, 46, 47, 48, 51, 54, 57, 60, 65, 68, 69, 74, 75, 78, 79, 80, 85, 88, 93, 97, 98, 99, 103, 104, 105, 113, 114, 115, 121, 124, 125, 131, 132, 133, 139, 140, 141, 147, 148, 149, 158, 164, 165, 171], "summary": {"covered_lines": 58, "num_statements": 58, "percent_covered": 100.0, "percent_covered_display": "100", "missing_lines": 0, "excluded_lines": 0, "percent_statements_covered": 100.0, "percent_statements_covered_display": "100"}, "missing_lines": [], "excluded_lines": [], "start_line": 1}}}, "src\\loats\\database.py": {"executed_lines": [6, 7, 8, 9, 10, 11, 12, 13, 14, 16, 18, 19, 20, 31, 33, 55, 63, 66, 79, 80, 81, 82, 84, 90, 91, 97, 98, 101, 102, 105, 106, 109, 111, 113, 115, 117, 119, 121, 122, 123, 125, 127, 128, 131, 157, 172, 187, 204, 223, 241, 255, 282, 283, 284, 287, 290, 293, 296, 297, 300, 302, 329, 333, 334, 337, 340, 341, 342, 343, 344, 345, 348, 349, 350, 352, 353, 355, 357, 358, 360, 362, 364, 366, 386, 388, 446, 462, 464, 465, 466, 467, 470, 471, 472, 473, 474, 475, 477, 479, 493, 494, 496, 517, 518, 530, 532, 533, 536, 543, 544, 545, 566, 569, 570, 572, 577, 578, 580, 581, 584, 588, 592, 597, 601, 604, 605, 611, 619, 620, 621, 622, 627, 633, 634, 635, 678, 679, 685, 687, 695, 696, 697, 698, 699, 700, 701, 703, 711, 712, 713, 716, 717, 719, 724, 730, 731, 732, 774, 775, 782, 784, 792, 793, 794, 795, 800, 803, 804, 806, 814, 815, 816, 817, 823, 824, 826, 828, 831, 832, 833, 834, 840, 841, 842, 843, 844, 847, 870, 878, 879, 880, 881, 883, 884, 885, 906, 907, 913, 915, 924, 925, 926, 933, 934, 936, 938, 941, 942, 943, 944, 948, 963, 971, 972, 973, 975, 976, 977, 978, 979, 1000, 1001, 1003, 1016, 1017, 1019, 1020, 1021, 1031, 1032, 1033, 1034, 1035, 1036, 1039, 1051, 1057, 1065, 1066, 1067, 1068, 1070, 1071, 1072, 1095, 1096, 1098, 1106, 1107, 1108, 1116, 1117, 1118, 1119, 1120, 1121, 1124, 1141, 1149, 1150, 1151, 1153, 1154, 1155, 1157, 1158, 1159, 1181, 1182, 1184, 1192, 1194, 1195, 1196, 1204, 1205, 1206, 1208, 1223, 1231, 1232, 1233, 1234, 1236, 1237, 1238, 1256, 1257, 1259, 1265, 1266, 1267, 1272, 1273, 1275, 1276, 1277, 1280, 1292, 1300, 1301, 1302, 1303, 1305, 1306, 1307, 1341, 1342, 1348, 1350, 1358, 1359, 1360, 1361, 1362, 1363, 1364, 1366, 1375, 1376, 1377, 1379, 1380, 1381, 1385, 1386, 1388, 1396, 1397, 1398, 1399, 1408, 1415, 1416, 1418, 1420, 1429, 1430, 1431, 1432, 1436, 1459, 1470, 1471, 1472, 1473, 1478, 1481, 1482, 1484, 1486, 1487, 1488, 1489, 1493, 1506, 1512, 1513, 1514, 1515, 1516, 1518, 1519, 1520, 1521, 1523, 1524, 1525, 1527, 1531, 1533, 1534, 1535, 1537, 1544, 1547, 1548, 1549, 1550, 1551, 1556, 1557, 1558, 1559, 1560, 1561, 1562, 1563, 1565, 1568, 1569, 1571, 1582, 1584, 1586, 1588, 1590, 1594, 1598, 1602, 1606, 1610, 1614, 1620, 1622, 1624, 1628, 1636], "summary": {"covered_lines": 408, "num_statements": 439, "percent_covered": 92.9384965831435, "percent_covered_display": "93", "missing_lines": 31, "excluded_lines": 0, "percent_statements_covered": 92.9384965831435, "percent_statements_covered_display": "93"}, "missing_lines": [359, 441, 469, 822, 835, 836, 838, 845, 946, 1038, 1123, 1274, 1279, 1434, 1491, 1517, 1526, 1528, 1529, 1552, 1553, 1576, 1592, 1596, 1600, 1604, 1608, 1612, 1618, 1626, 1630], "excluded_lines": [], "functions": {"Database.__init__": {"executed_lines": [79, 80, 81, 82, 84, 90, 91, 97, 98, 101, 102, 105, 106, 109], "summary": {"covered_lines": 14, "num_statements": 14, "percent_covered": 100.0, "percent_covered_display": "100", "missing_lines": 0, "excluded_lines": 0, "percent_statements_covered": 100.0, "percent_statements_covered_display": "100"}, "missing_lines": [], "excluded_lines": [], "start_line": 66}, "Database.initialize": {"executed_lines": [113], "summary": {"covered_lines": 1, "num_statements": 1, "percent_covered": 100.0, "percent_covered_display": "100", "missing_lines": 0, "excluded_lines": 0, "percent_statements_covered": 100.0, "percent_statements_covered_display": "100"}, "missing_lines": [], "excluded_lines": [], "start_line": 111}, "Database.cleanup": {"executed_lines": [117], "summary": {"covered_lines": 1, "num_statements": 1, "percent_covered": 100.0, "percent_covered_display": "100", "missing_lines": 0, "excluded_lines": 0, "percent_statements_covered": 100.0, "percent_statements_covered_display": "100"}, "missing_lines": [], "excluded_lines": [], "start_line": 115}, "Database.vacuum": {"executed_lines": [121, 122, 123], "summary": {"covered_lines": 3, "num_statements": 3, "percent_covered": 100.0, "percent_covered_display": "100", "missing_lines": 0, "excluded_lines": 0, "percent_statements_covered": 100.0, "percent_statements_covered_display": "100"}, "missing_lines": [], "excluded_lines": [], "start_line": 119}, "Database._initialize_database": {"executed_lines": [127, 128, 131, 157, 172, 187, 204, 223, 241, 255, 282, 283, 284, 287, 290, 293, 296, 297, 300], "summary": {"covered_lines": 19, "num_statements": 19, "percent_covered": 100.0, "percent_covered_display": "100", "missing_lines": 0, "excluded_lines": 0, "percent_statements_covered": 100.0, "percent_statements_covered_display": "100"}, "missing_lines": [], "excluded_lines": [], "start_line": 125}, "Database._get_connection": {"executed_lines": [329, 333, 334, 337, 340, 341, 342, 343, 344, 345, 348, 349, 350, 352, 353], "summary": {"covered_lines": 15, "num_statements": 15, "percent_covered": 100.0, "percent_covered_display": "100", "missing_lines": 0, "excluded_lines": 0, "percent_statements_covered": 100.0, "percent_statements_covered_display": "100"}, "missing_lines": [], "excluded_lines": [], "start_line": 302}, "Database._model_to_dict": {"executed_lines": [357, 358, 360], "summary": {"covered_lines": 3, "num_statements": 4, "percent_covered": 75.0, "percent_covered_display": "75", "missing_lines": 1, "excluded_lines": 0, "percent_statements_covered": 75.0, "percent_statements_covered_display": "75"}, "missing_lines": [359], "excluded_lines": [], "start_line": 355}, "Database._dict_to_model": {"executed_lines": [364], "summary": {"covered_lines": 1, "num_statements": 1, "percent_covered": 100.0, "percent_covered_display": "100", "missing_lines": 0, "excluded_lines": 0, "percent_statements_covered": 100.0, "percent_statements_covered_display": "100"}, "missing_lines": [], "excluded_lines": [], "start_line": 362}, "Database._canonical_serialize": {"executed_lines": [386], "summary": {"covered_lines": 1, "num_statements": 1, "percent_covered": 100.0, "percent_covered_display": "100", "missing_lines": 0, "excluded_lines": 0, "percent_statements_covered": 100.0, "percent_statements_covered_display": "100"}, "missing_lines": [], "excluded_lines": [], "start_line": 366}, "Database._get_canonical_format_documentation": {"executed_lines": [], "summary": {"covered_lines": 0, "num_statements": 1, "percent_covered": 0.0, "percent_covered_display": "0", "missing_lines": 1, "excluded_lines": 0, "percent_statements_covered": 0.0, "percent_statements_covered_display": "0"}, "missing_lines": [441], "excluded_lines": [], "start_line": 388}, "Database._canonical_normalize": {"executed_lines": [462, 464, 465, 466, 467, 470, 471, 472, 473, 474, 475, 477], "summary": {"covered_lines": 12, "num_statements": 13, "percent_covered": 92.3076923076923, "percent_covered_display": "92", "missing_lines": 1, "excluded_lines": 0, "percent_statements_covered": 92.3076923076923, "percent_statements_covered_display": "92"}, "missing_lines": [469], "excluded_lines": [], "start_line": 446}, "Database._calculate_sha256": {"executed_lines": [493, 494], "summary": {"covered_lines": 2, "num_statements": 2, "percent_covered": 100.0, "percent_covered_display": "100", "missing_lines": 0, "excluded_lines": 0, "percent_statements_covered": 100.0, "percent_statements_covered_display": "100"}, "missing_lines": [], "excluded_lines": [], "start_line": 479}, "Database._log_audit": {"executed_lines": [517, 518, 530, 532, 533, 536, 543, 544, 545, 566, 569, 570], "summary": {"covered_lines": 12, "num_statements": 12, "percent_covered": 100.0, "percent_covered_display": "100", "missing_lines": 0, "excluded_lines": 0, "percent_statements_covered": 100.0, "percent_statements_covered_display": "100"}, "missing_lines": [], "excluded_lines": [], "start_line": 496}, "Database._cleanup_old_data": {"executed_lines": [577, 578, 580, 581, 584, 588, 592, 597, 601, 604, 605], "summary": {"covered_lines": 11, "num_statements": 11, "percent_covered": 100.0, "percent_covered_display": "100", "missing_lines": 0, "excluded_lines": 0, "percent_statements_covered": 100.0, "percent_statements_covered_display": "100"}, "missing_lines": [], "excluded_lines": [], "start_line": 572}, "Database.create_trade": {"executed_lines": [619, 620, 621, 622, 627, 633, 634, 635, 678, 679, 685], "summary": {"covered_lines": 11, "num_statements": 11, "percent_covered": 100.0, "percent_covered_display": "100", "missing_lines": 0, "excluded_lines": 0, "percent_statements_covered": 100.0, "percent_statements_covered_display": "100"}, "missing_lines": [], "excluded_lines": [], "start_line": 611}, "Database.get_trade": {"executed_lines": [695, 696, 697, 698, 699, 700, 701], "summary": {"covered_lines": 7, "num_statements": 7, "percent_covered": 100.0, "percent_covered_display": "100", "missing_lines": 0, "excluded_lines": 0, "percent_statements_covered": 100.0, "percent_statements_covered_display": "100"}, "missing_lines": [], "excluded_lines": [], "start_line": 687}, "Database.update_trade": {"executed_lines": [711, 712, 713, 716, 717, 719, 724, 730, 731, 732, 774, 775, 782], "summary": {"covered_lines": 13, "num_statements": 13, "percent_covered": 100.0, "percent_covered_display": "100", "missing_lines": 0, "excluded_lines": 0, "percent_statements_covered": 100.0, "percent_statements_covered_display": "100"}, "missing_lines": [], "excluded_lines": [], "start_line": 703}, "Database.get_open_trades": {"executed_lines": [792, 793, 794, 795, 800, 803, 804], "summary": {"covered_lines": 7, "num_statements": 7, "percent_covered": 100.0, "percent_covered_display": "100", "missing_lines": 0, "excluded_lines": 0, "percent_statements_covered": 100.0, "percent_statements_covered_display": "100"}, "missing_lines": [], "excluded_lines": [], "start_line": 784}, "Database.get_trades": {"executed_lines": [814, 815, 816, 817, 823, 824], "summary": {"covered_lines": 6, "num_statements": 7, "percent_covered": 85.71428571428571, "percent_covered_display": "86", "missing_lines": 1, "excluded_lines": 0, "percent_statements_covered": 85.71428571428571, "percent_statements_covered_display": "86"}, "missing_lines": [822], "excluded_lines": [], "start_line": 806}, "Database._row_to_trade": {"executed_lines": [828, 831, 832, 833, 834, 840, 841, 842, 843, 844, 847], "summary": {"covered_lines": 11, "num_statements": 15, "percent_covered": 73.33333333333333, "percent_covered_display": "73", "missing_lines": 4, "excluded_lines": 0, "percent_statements_covered": 73.33333333333333, "percent_statements_covered_display": "73"}, "missing_lines": [835, 836, 838, 845], "excluded_lines": [], "start_line": 826}, "Database.create_signal": {"executed_lines": [878, 879, 880, 881, 883, 884, 885, 906, 907, 913], "summary": {"covered_lines": 10, "num_statements": 10, "percent_covered": 100.0, "percent_covered_display": "100", "missing_lines": 0, "excluded_lines": 0, "percent_statements_covered": 100.0, "percent_statements_covered_display": "100"}, "missing_lines": [], "excluded_lines": [], "start_line": 870}, "Database.get_latest_signals": {"executed_lines": [924, 925, 926, 933, 934], "summary": {"covered_lines": 5, "num_statements": 5, "percent_covered": 100.0, "percent_covered_display": "100", "missing_lines": 0, "excluded_lines": 0, "percent_statements_covered": 100.0, "percent_statements_covered_display": "100"}, "missing_lines": [], "excluded_lines": [], "start_line": 915}, "Database._row_to_signal": {"executed_lines": [938, 941, 942, 943, 944, 948], "summary": {"covered_lines": 6, "num_statements": 7, "percent_covered": 85.71428571428571, "percent_covered_display": "86", "missing_lines": 1, "excluded_lines": 0, "percent_statements_covered": 85.71428571428571, "percent_statements_covered_display": "86"}, "missing_lines": [946], "excluded_lines": [], "start_line": 936}, "Database.store_historical_data": {"executed_lines": [971, 972, 973, 975, 976, 977, 978, 979, 1000, 1001], "summary": {"covered_lines": 10, "num_statements": 10, "percent_covered": 100.0, "percent_covered_display": "100", "missing_lines": 0, "excluded_lines": 0, "percent_statements_covered": 100.0, "percent_statements_covered_display": "100"}, "missing_lines": [], "excluded_lines": [], "start_line": 963}, "Database.get_historical_data": {"executed_lines": [1016, 1017, 1019, 1020, 1021, 1031, 1032, 1033, 1034, 1035, 1036, 1039, 1051], "summary": {"covered_lines": 13, "num_statements": 14, "percent_covered": 92.85714285714286, "percent_covered_display": "93", "missing_lines": 1, "excluded_lines": 0, "percent_statements_covered": 92.85714285714286, "percent_statements_covered_display": "93"}, "missing_lines": [1038], "excluded_lines": [], "start_line": 1003}, "Database.store_quote": {"executed_lines": [1065, 1066, 1067, 1068, 1070, 1071, 1072, 1095, 1096], "summary": {"covered_lines": 9, "num_statements": 9, "percent_covered": 100.0, "percent_covered_display": "100", "missing_lines": 0, "excluded_lines": 0, "percent_statements_covered": 100.0, "percent_statements_covered_display": "100"}, "missing_lines": [], "excluded_lines": [], "start_line": 1057}, "Database.get_latest_quote": {"executed_lines": [1106, 1107, 1108, 1116, 1117, 1118, 1119, 1120, 1121, 1124], "summary": {"covered_lines": 10, "num_statements": 11, "percent_covered": 90.9090909090909, "percent_covered_display": "91", "missing_lines": 1, "excluded_lines": 0, "percent_statements_covered": 90.9090909090909, "percent_statements_covered_display": "91"}, "missing_lines": [1123], "excluded_lines": [], "start_line": 1098}, "Database.store_position": {"executed_lines": [1149, 1150, 1151, 1153, 1154, 1155, 1157, 1158, 1159, 1181, 1182], "summary": {"covered_lines": 11, "num_statements": 11, "percent_covered": 100.0, "percent_covered_display": "100", "missing_lines": 0, "excluded_lines": 0, "percent_statements_covered": 100.0, "percent_statements_covered_display": "100"}, "missing_lines": [], "excluded_lines": [], "start_line": 1141}, "Database.get_position": {"executed_lines": [1192, 1194, 1195, 1196, 1204, 1205, 1206, 1208], "summary": {"covered_lines": 8, "num_statements": 8, "percent_covered": 100.0, "percent_covered_display": "100", "missing_lines": 0, "excluded_lines": 0, "percent_statements_covered": 100.0, "percent_statements_covered_display": "100"}, "missing_lines": [], "excluded_lines": [], "start_line": 1184}, "Database.store_funds": {"executed_lines": [1231, 1232, 1233, 1234, 1236, 1237, 1238, 1256, 1257], "summary": {"covered_lines": 9, "num_statements": 9, "percent_covered": 100.0, "percent_covered_display": "100", "missing_lines": 0, "excluded_lines": 0, "percent_statements_covered": 100.0, "percent_statements_covered_display": "100"}, "missing_lines": [], "excluded_lines": [], "start_line": 1223}, "Database.get_latest_funds": {"executed_lines": [1265, 1266, 1267, 1272, 1273, 1275, 1276, 1277, 1280], "summary": {"covered_lines": 9, "num_statements": 11, "percent_covered": 81.81818181818181, "percent_covered_display": "82", "missing_lines": 2, "excluded_lines": 0, "percent_statements_covered": 81.81818181818181, "percent_statements_covered_display": "82"}, "missing_lines": [1274, 1279], "excluded_lines": [], "start_line": 1259}, "Database.store_order": {"executed_lines": [1300, 1301, 1302, 1303, 1305, 1306, 1307, 1341, 1342, 1348], "summary": {"covered_lines": 10, "num_statements": 10, "percent_covered": 100.0, "percent_covered_display": "100", "missing_lines": 0, "excluded_lines": 0, "percent_statements_covered": 100.0, "percent_statements_covered_display": "100"}, "missing_lines": [], "excluded_lines": [], "start_line": 1292}, "Database.get_order": {"executed_lines": [1358, 1359, 1360, 1361, 1362, 1363, 1364], "summary": {"covered_lines": 7, "num_statements": 7, "percent_covered": 100.0, "percent_covered_display": "100", "missing_lines": 0, "excluded_lines": 0, "percent_statements_covered": 100.0, "percent_statements_covered_display": "100"}, "missing_lines": [], "excluded_lines": [], "start_line": 1350}, "Database.update_order_status": {"executed_lines": [1375, 1376, 1377, 1379, 1380, 1381, 1385, 1386], "summary": {"covered_lines": 8, "num_statements": 8, "percent_covered": 100.0, "percent_covered_display": "100", "missing_lines": 0, "excluded_lines": 0, "percent_statements_covered": 100.0, "percent_statements_covered_display": "100"}, "missing_lines": [], "excluded_lines": [], "start_line": 1366}, "Database.get_open_orders": {"executed_lines": [1396, 1397, 1398, 1399, 1408, 1415, 1416], "summary": {"covered_lines": 7, "num_statements": 7, "percent_covered": 100.0, "percent_covered_display": "100", "missing_lines": 0, "excluded_lines": 0, "percent_statements_covered": 100.0, "percent_statements_covered_display": "100"}, "missing_lines": [], "excluded_lines": [], "start_line": 1388}, "Database._row_to_order": {"executed_lines": [1420, 1429, 1430, 1431, 1432, 1436], "summary": {"covered_lines": 6, "num_statements": 7, "percent_covered": 85.71428571428571, "percent_covered_display": "86", "missing_lines": 1, "excluded_lines": 0, "percent_statements_covered": 85.71428571428571, "percent_statements_covered_display": "86"}, "missing_lines": [1434], "excluded_lines": [], "start_line": 1418}, "Database.get_audit_log": {"executed_lines": [1470, 1471, 1472, 1473, 1478, 1481, 1482], "summary": {"covered_lines": 7, "num_statements": 7, "percent_covered": 100.0, "percent_covered_display": "100", "missing_lines": 0, "excluded_lines": 0, "percent_statements_covered": 100.0, "percent_statements_covered_display": "100"}, "missing_lines": [], "excluded_lines": [], "start_line": 1459}, "Database._row_to_audit_entry": {"executed_lines": [1486, 1487, 1488, 1489, 1493], "summary": {"covered_lines": 5, "num_statements": 6, "percent_covered": 83.33333333333333, "percent_covered_display": "83", "missing_lines": 1, "excluded_lines": 0, "percent_statements_covered": 83.33333333333333, "percent_statements_covered_display": "83"}, "missing_lines": [1491], "excluded_lines": [], "start_line": 1484}, "Database.verify_audit_log_integrity": {"executed_lines": [1512, 1513, 1514, 1515, 1516, 1518, 1519, 1520, 1521, 1523, 1524, 1525, 1527], "summary": {"covered_lines": 13, "num_statements": 17, "percent_covered": 76.47058823529412, "percent_covered_display": "76", "missing_lines": 4, "excluded_lines": 0, "percent_statements_covered": 76.47058823529412, "percent_statements_covered_display": "76"}, "missing_lines": [1517, 1526, 1528, 1529], "excluded_lines": [], "start_line": 1506}, "Database.close": {"executed_lines": [1533, 1534, 1535], "summary": {"covered_lines": 3, "num_statements": 3, "percent_covered": 100.0, "percent_covered_display": "100", "missing_lines": 0, "excluded_lines": 0, "percent_statements_covered": 100.0, "percent_statements_covered_display": "100"}, "missing_lines": [], "excluded_lines": [], "start_line": 1531}, "Database.close_all": {"executed_lines": [1544, 1547, 1548, 1549, 1550, 1551, 1556, 1557, 1558, 1559, 1560, 1561, 1562, 1563, 1565, 1568, 1569], "summary": {"covered_lines": 17, "num_statements": 19, "percent_covered": 89.47368421052632, "percent_covered_display": "89", "missing_lines": 2, "excluded_lines": 0, "percent_statements_covered": 89.47368421052632, "percent_statements_covered_display": "89"}, "missing_lines": [1552, 1553], "excluded_lines": [], "start_line": 1537}, "Database.async_close_all": {"executed_lines": [], "summary": {"covered_lines": 0, "num_statements": 1, "percent_covered": 0.0, "percent_covered_display": "0", "missing_lines": 1, "excluded_lines": 0, "percent_statements_covered": 0.0, "percent_statements_covered_display": "0"}, "missing_lines": [1576], "excluded_lines": [], "start_line": 1571}, "Database.async_initialize": {"executed_lines": [1584], "summary": {"covered_lines": 1, "num_statements": 1, "percent_covered": 100.0, "percent_covered_display": "100", "missing_lines": 0, "excluded_lines": 0, "percent_statements_covered": 100.0, "percent_statements_covered_display": "100"}, "missing_lines": [], "excluded_lines": [], "start_line": 1582}, "Database.async_cleanup": {"executed_lines": [1588], "summary": {"covered_lines": 1, "num_statements": 1, "percent_covered": 100.0, "percent_covered_display": "100", "missing_lines": 0, "excluded_lines": 0, "percent_statements_covered": 100.0, "percent_statements_covered_display": "100"}, "missing_lines": [], "excluded_lines": [], "start_line": 1586}, "Database.async_vacuum": {"executed_lines": [], "summary": {"covered_lines": 0, "num_statements": 1, "percent_covered": 0.0, "percent_covered_display": "0", "missing_lines": 1, "excluded_lines": 0, "percent_statements_covered": 0.0, "percent_statements_covered_display": "0"}, "missing_lines": [1592], "excluded_lines": [], "start_line": 1590}, "Database.async_create_signal": {"executed_lines": [], "summary": {"covered_lines": 0, "num_statements": 1, "percent_covered": 0.0, "percent_covered_display": "0", "missing_lines": 1, "excluded_lines": 0, "percent_statements_covered": 0.0, "percent_statements_covered_display": "0"}, "missing_lines": [1596], "excluded_lines": [], "start_line": 1594}, "Database.async_store_historical_data": {"executed_lines": [], "summary": {"covered_lines": 0, "num_statements": 1, "percent_covered": 0.0, "percent_covered_display": "0", "missing_lines": 1, "excluded_lines": 0, "percent_statements_covered": 0.0, "percent_statements_covered_display": "0"}, "missing_lines": [1600], "excluded_lines": [], "start_line": 1598}, "Database.async_store_quote": {"executed_lines": [], "summary": {"covered_lines": 0, "num_statements": 1, "percent_covered": 0.0, "percent_covered_display": "0", "missing_lines": 1, "excluded_lines": 0, "percent_statements_covered": 0.0, "percent_statements_covered_display": "0"}, "missing_lines": [1604], "excluded_lines": [], "start_line": 1602}, "Database.async_store_position": {"executed_lines": [], "summary": {"covered_lines": 0, "num_statements": 1, "percent_covered": 0.0, "percent_covered_display": "0", "missing_lines": 1, "excluded_lines": 0, "percent_statements_covered": 0.0, "percent_statements_covered_display": "0"}, "missing_lines": [1608], "excluded_lines": [], "start_line": 1606}, "Database.async_store_funds": {"executed_lines": [], "summary": {"covered_lines": 0, "num_statements": 1, "percent_covered": 0.0, "percent_covered_display": "0", "missing_lines": 1, "excluded_lines": 0, "percent_statements_covered": 0.0, "percent_statements_covered_display": "0"}, "missing_lines": [1612], "excluded_lines": [], "start_line": 1610}, "Database.async_get_latest_signals": {"executed_lines": [], "summary": {"covered_lines": 0, "num_statements": 1, "percent_covered": 0.0, "percent_covered_display": "0", "missing_lines": 1, "excluded_lines": 0, "percent_statements_covered": 0.0, "percent_statements_covered_display": "0"}, "missing_lines": [1618], "excluded_lines": [], "start_line": 1614}, "Database.async_verify_audit_log_integrity": {"executed_lines": [1622], "summary": {"covered_lines": 1, "num_statements": 1, "percent_covered": 100.0, "percent_covered_display": "100", "missing_lines": 0, "excluded_lines": 0, "percent_statements_covered": 100.0, "percent_statements_covered_display": "100"}, "missing_lines": [], "excluded_lines": [], "start_line": 1620}, "Database.async_update_trade": {"executed_lines": [], "summary": {"covered_lines": 0, "num_statements": 1, "percent_covered": 0.0, "percent_covered_display": "0", "missing_lines": 1, "excluded_lines": 0, "percent_statements_covered": 0.0, "percent_statements_covered_display": "0"}, "missing_lines": [1626], "excluded_lines": [], "start_line": 1624}, "Database.async_update_order_status": {"executed_lines": [], "summary": {"covered_lines": 0, "num_statements": 1, "percent_covered": 0.0, "percent_covered_display": "0", "missing_lines": 1, "excluded_lines": 0, "percent_statements_covered": 0.0, "percent_statements_covered_display": "0"}, "missing_lines": [1630], "excluded_lines": [], "start_line": 1628}, "": {"executed_lines": [6, 7, 8, 9, 10, 11, 12, 13, 14, 16, 18, 19, 20, 31, 33, 55, 63, 66, 111, 115, 119, 125, 302, 355, 362, 366, 388, 446, 479, 496, 572, 611, 687, 703, 784, 806, 826, 870, 915, 936, 963, 1003, 1057, 1098, 1141, 1184, 1223, 1259, 1292, 1350, 1366, 1388, 1418, 1459, 1484, 1506, 1531, 1537, 1571, 1582, 1586, 1590, 1594, 1598, 1602, 1606, 1610, 1614, 1620, 1624, 1628, 1636], "summary": {"covered_lines": 72, "num_statements": 72, "percent_covered": 100.0, "percent_covered_display": "100", "missing_lines": 0, "excluded_lines": 0, "percent_statements_covered": 100.0, "percent_statements_covered_display": "100"}, "missing_lines": [], "excluded_lines": [], "start_line": 1}}, "classes": {"Database": {"executed_lines": [79, 80, 81, 82, 84, 90, 91, 97, 98, 101, 102, 105, 106, 109, 113, 117, 121, 122, 123, 127, 128, 131, 157, 172, 187, 204, 223, 241, 255, 282, 283, 284, 287, 290, 293, 296, 297, 300, 329, 333, 334, 337, 340, 341, 342, 343, 344, 345, 348, 349, 350, 352, 353, 357, 358, 360, 364, 386, 462, 464, 465, 466, 467, 470, 471, 472, 473, 474, 475, 477, 493, 494, 517, 518, 530, 532, 533, 536, 543, 544, 545, 566, 569, 570, 577, 578, 580, 581, 584, 588, 592, 597, 601, 604, 605, 619, 620, 621, 622, 627, 633, 634, 635, 678, 679, 685, 695, 696, 697, 698, 699, 700, 701, 711, 712, 713, 716, 717, 719, 724, 730, 731, 732, 774, 775, 782, 792, 793, 794, 795, 800, 803, 804, 814, 815, 816, 817, 823, 824, 828, 831, 832, 833, 834, 840, 841, 842, 843, 844, 847, 878, 879, 880, 881, 883, 884, 885, 906, 907, 913, 924, 925, 926, 933, 934, 938, 941, 942, 943, 944, 948, 971, 972, 973, 975, 976, 977, 978, 979, 1000, 1001, 1016, 1017, 1019, 1020, 1021, 1031, 1032, 1033, 1034, 1035, 1036, 1039, 1051, 1065, 1066, 1067, 1068, 1070, 1071, 1072, 1095, 1096, 1106, 1107, 1108, 1116, 1117, 1118, 1119, 1120, 1121, 1124, 1149, 1150, 1151, 1153, 1154, 1155, 1157, 1158, 1159, 1181, 1182, 1192, 1194, 1195, 1196, 1204, 1205, 1206, 1208, 1231, 1232, 1233, 1234, 1236, 1237, 1238, 1256, 1257, 1265, 1266, 1267, 1272, 1273, 1275, 1276, 1277, 1280, 1300, 1301, 1302, 1303, 1305, 1306, 1307, 1341, 1342, 1348, 1358, 1359, 1360, 1361, 1362, 1363, 1364, 1375, 1376, 1377, 1379, 1380, 1381, 1385, 1386, 1396, 1397, 1398, 1399, 1408, 1415, 1416, 1420, 1429, 1430, 1431, 1432, 1436, 1470, 1471, 1472, 1473, 1478, 1481, 1482, 1486, 1487, 1488, 1489, 1493, 1512, 1513, 1514, 1515, 1516, 1518, 1519, 1520, 1521, 1523, 1524, 1525, 1527, 1533, 1534, 1535, 1544, 1547, 1548, 1549, 1550, 1551, 1556, 1557, 1558, 1559, 1560, 1561, 1562, 1563, 1565, 1568, 1569, 1584, 1588, 1622], "summary": {"covered_lines": 336, "num_statements": 367, "percent_covered": 91.55313351498637, "percent_covered_display": "92", "missing_lines": 31, "excluded_lines": 0, "percent_statements_covered": 91.55313351498637, "percent_statements_covered_display": "92"}, "missing_lines": [359, 441, 469, 822, 835, 836, 838, 845, 946, 1038, 1123, 1274, 1279, 1434, 1491, 1517, 1526, 1528, 1529, 1552, 1553, 1576, 1592, 1596, 1600, 1604, 1608, 1612, 1618, 1626, 1630], "excluded_lines": [], "start_line": 63}, "": {"executed_lines": [6, 7, 8, 9, 10, 11, 12, 13, 14, 16, 18, 19, 20, 31, 33, 55, 63, 66, 111, 115, 119, 125, 302, 355, 362, 366, 388, 446, 479, 496, 572, 611, 687, 703, 784, 806, 826, 870, 915, 936, 963, 1003, 1057, 1098, 1141, 1184, 1223, 1259, 1292, 1350, 1366, 1388, 1418, 1459, 1484, 1506, 1531, 1537, 1571, 1582, 1586, 1590, 1594, 1598, 1602, 1606, 1610, 1614, 1620, 1624, 1628, 1636], "summary": {"covered_lines": 72, "num_statements": 72, "percent_covered": 100.0, "percent_covered_display": "100", "missing_lines": 0, "excluded_lines": 0, "percent_statements_covered": 100.0, "percent_statements_covered_display": "100"}, "missing_lines": [], "excluded_lines": [], "start_line": 1}}}, "src\\loats\\initialization.py": {"executed_lines": [5, 7, 10, 19, 22], "summary": {"covered_lines": 5, "num_statements": 6, "percent_covered": 83.33333333333333, "percent_covered_display": "83", "missing_lines": 1, "excluded_lines": 0, "percent_statements_covered": 83.33333333333333, "percent_statements_covered_display": "83"}, "missing_lines": [20], "excluded_lines": [], "functions": {"initialize_system": {"executed_lines": [19, 22], "summary": {"covered_lines": 2, "num_statements": 3, "percent_covered": 66.66666666666667, "percent_covered_display": "67", "missing_lines": 1, "excluded_lines": 0, "percent_statements_covered": 66.66666666666667, "percent_statements_covered_display": "67"}, "missing_lines": [20], "excluded_lines": [], "start_line": 10}, "": {"executed_lines": [5, 7, 10], "summary": {"covered_lines": 3, "num_statements": 3, "percent_covered": 100.0, "percent_covered_display": "100", "missing_lines": 0, "excluded_lines": 0, "percent_statements_covered": 100.0, "percent_statements_covered_display": "100"}, "missing_lines": [], "excluded_lines": [], "start_line": 1}}, "classes": {"": {"executed_lines": [5, 7, 10, 19, 22], "summary": {"covered_lines": 5, "num_statements": 6, "percent_covered": 83.33333333333333, "percent_covered_display": "83", "missing_lines": 1, "excluded_lines": 0, "percent_statements_covered": 83.33333333333333, "percent_statements_covered_display": "83"}, "missing_lines": [20], "excluded_lines": [], "start_line": 1}}}, "src\\loats\\loats_logging.py": {"executed_lines": [5, 6, 7, 8, 10, 11, 14, 21, 22, 23, 26, 40, 52, 61, 62, 71, 107, 110, 112, 116], "summary": {"covered_lines": 20, "num_statements": 20, "percent_covered": 100.0, "percent_covered_display": "100", "missing_lines": 0, "excluded_lines": 0, "percent_statements_covered": 100.0, "percent_statements_covered_display": "100"}, "missing_lines": [], "excluded_lines": [], "functions": {"configure_logging": {"executed_lines": [21, 22, 23, 26, 40, 52, 61, 62, 71, 107], "summary": {"covered_lines": 10, "num_statements": 10, "percent_covered": 100.0, "percent_covered_display": "100", "missing_lines": 0, "excluded_lines": 0, "percent_statements_covered": 100.0, "percent_statements_covered_display": "100"}, "missing_lines": [], "excluded_lines": [], "start_line": 14}, "get_logger": {"executed_lines": [112], "summary": {"covered_lines": 1, "num_statements": 1, "percent_covered": 100.0, "percent_covered_display": "100", "missing_lines": 0, "excluded_lines": 0, "percent_statements_covered": 100.0, "percent_statements_covered_display": "100"}, "missing_lines": [], "excluded_lines": [], "start_line": 110}, "": {"executed_lines": [5, 6, 7, 8, 10, 11, 14, 110, 116], "summary": {"covered_lines": 9, "num_statements": 9, "percent_covered": 100.0, "percent_covered_display": "100", "missing_lines": 0, "excluded_lines": 0, "percent_statements_covered": 100.0, "percent_statements_covered_display": "100"}, "missing_lines": [], "excluded_lines": [], "start_line": 1}}, "classes": {"": {"executed_lines": [5, 6, 7, 8, 10, 11, 14, 21, 22, 23, 26, 40, 52, 61, 62, 71, 107, 110, 112, 116], "summary": {"covered_lines": 20, "num_statements": 20, "percent_covered": 100.0, "percent_covered_display": "100", "missing_lines": 0, "excluded_lines": 0, "percent_statements_covered": 100.0, "percent_statements_covered_display": "100"}, "missing_lines": [], "excluded_lines": [], "start_line": 1}}}, "src\\loats\\main.py": {"executed_lines": [3, 4, 5, 6, 8, 9, 10, 11, 12, 13, 16, 17, 24, 27, 29, 30, 31, 33, 35, 36, 37, 38, 39, 41, 42, 43, 44, 45, 46, 48, 50, 51, 52, 53, 54, 55, 56, 57, 60, 61, 62, 63, 64, 65, 67, 87, 89, 90, 92, 94, 95, 96, 97, 98, 99, 102, 103, 104, 105, 106, 107, 108, 113, 115, 116, 117, 118, 119, 120, 121, 122, 123, 126, 128, 129, 130, 131, 132, 133, 134, 135, 137, 148], "summary": {"covered_lines": 83, "num_statements": 111, "percent_covered": 74.77477477477477, "percent_covered_display": "75", "missing_lines": 28, "excluded_lines": 0, "percent_statements_covered": 74.77477477477477, "percent_statements_covered_display": "75"}, "missing_lines": [40, 69, 71, 72, 73, 75, 76, 77, 79, 80, 85, 109, 110, 111, 139, 140, 141, 142, 143, 144, 145, 149, 150, 151, 152, 153, 154, 155], "excluded_lines": [], "functions": {"TradingSystem.__init__": {"executed_lines": [29, 30, 31], "summary": {"covered_lines": 3, "num_statements": 3, "percent_covered": 100.0, "percent_covered_display": "100", "missing_lines": 0, "excluded_lines": 0, "percent_statements_covered": 100.0, "percent_statements_covered_display": "100"}, "missing_lines": [], "excluded_lines": [], "start_line": 27}, "TradingSystem.initialize": {"executed_lines": [35, 36, 37, 38, 39, 41, 42, 43, 44, 45, 46], "summary": {"covered_lines": 11, "num_statements": 12, "percent_covered": 91.66666666666667, "percent_covered_display": "92", "missing_lines": 1, "excluded_lines": 0, "percent_statements_covered": 91.66666666666667, "percent_statements_covered_display": "92"}, "missing_lines": [40], "excluded_lines": [], "start_line": 33}, "TradingSystem.start": {"executed_lines": [50, 51, 52, 53, 54, 55, 56, 57, 60, 61, 62, 63, 64, 65], "summary": {"covered_lines": 14, "num_statements": 14, "percent_covered": 100.0, "percent_covered_display": "100", "missing_lines": 0, "excluded_lines": 0, "percent_statements_covered": 100.0, "percent_statements_covered_display": "100"}, "missing_lines": [], "excluded_lines": [], "start_line": 48}, "TradingSystem._wait_for_shutdown": {"executed_lines": [], "summary": {"covered_lines": 0, "num_statements": 8, "percent_covered": 0.0, "percent_covered_display": "0", "missing_lines": 8, "excluded_lines": 0, "percent_statements_covered": 0.0, "percent_statements_covered_display": "0"}, "missing_lines": [69, 71, 75, 76, 77, 79, 80, 85], "excluded_lines": [], "start_line": 67}, "TradingSystem._wait_for_shutdown.signal_handler": {"executed_lines": [], "summary": {"covered_lines": 0, "num_statements": 2, "percent_covered": 0.0, "percent_covered_display": "0", "missing_lines": 2, "excluded_lines": 0, "percent_statements_covered": 0.0, "percent_statements_covered_display": "0"}, "missing_lines": [72, 73], "excluded_lines": [], "start_line": 71}, "TradingSystem._handle_shutdown_signal": {"executed_lines": [89, 90], "summary": {"covered_lines": 2, "num_statements": 2, "percent_covered": 100.0, "percent_covered_display": "100", "missing_lines": 0, "excluded_lines": 0, "percent_statements_covered": 100.0, "percent_statements_covered_display": "100"}, "missing_lines": [], "excluded_lines": [], "start_line": 87}, "TradingSystem.shutdown": {"executed_lines": [94, 95, 96, 97, 98, 99, 102, 103, 104, 105, 106, 107, 108], "summary": {"covered_lines": 13, "num_statements": 16, "percent_covered": 81.25, "percent_covered_display": "81", "missing_lines": 3, "excluded_lines": 0, "percent_statements_covered": 81.25, "percent_statements_covered_display": "81"}, "missing_lines": [109, 110, 111], "excluded_lines": [], "start_line": 92}, "TradingSystem.run_once": {"executed_lines": [115, 116, 117, 118, 119, 120, 121, 122, 123], "summary": {"covered_lines": 9, "num_statements": 9, "percent_covered": 100.0, "percent_covered_display": "100", "missing_lines": 0, "excluded_lines": 0, "percent_statements_covered": 100.0, "percent_statements_covered_display": "100"}, "missing_lines": [], "excluded_lines": [], "start_line": 113}, "main": {"executed_lines": [128, 129, 130, 131, 132, 133, 134, 135], "summary": {"covered_lines": 8, "num_statements": 8, "percent_covered": 100.0, "percent_covered_display": "100", "missing_lines": 0, "excluded_lines": 0, "percent_statements_covered": 100.0, "percent_statements_covered_display": "100"}, "missing_lines": [], "excluded_lines": [], "start_line": 126}, "cli_main": {"executed_lines": [], "summary": {"covered_lines": 0, "num_statements": 7, "percent_covered": 0.0, "percent_covered_display": "0", "missing_lines": 7, "excluded_lines": 0, "percent_statements_covered": 0.0, "percent_statements_covered_display": "0"}, "missing_lines": [139, 140, 141, 142, 143, 144, 145], "excluded_lines": [], "start_line": 137}, "": {"executed_lines": [3, 4, 5, 6, 8, 9, 10, 11, 12, 13, 16, 17, 24, 27, 33, 48, 67, 87, 92, 113, 126, 137, 148], "summary": {"covered_lines": 23, "num_statements": 30, "percent_covered": 76.66666666666667, "percent_covered_display": "77", "missing_lines": 7, "excluded_lines": 0, "percent_statements_covered": 76.66666666666667, "percent_statements_covered_display": "77"}, "missing_lines": [149, 150, 151, 152, 153, 154, 155], "excluded_lines": [], "start_line": 1}}, "classes": {"TradingSystem": {"executed_lines": [29, 30, 31, 35, 36, 37, 38, 39, 41, 42, 43, 44, 45, 46, 50, 51, 52, 53, 54, 55, 56, 57, 60, 61, 62, 63, 64, 65, 89, 90, 94, 95, 96, 97, 98, 99, 102, 103, 104, 105, 106, 107, 108, 115, 116, 117, 118, 119, 120, 121, 122, 123], "summary": {"covered_lines": 52, "num_statements": 66, "percent_covered": 78.78787878787878, "percent_covered_display": "79", "missing_lines": 14, "excluded_lines": 0, "percent_statements_covered": 78.78787878787878, "percent_statements_covered_display": "79"}, "missing_lines": [40, 69, 71, 72, 73, 75, 76, 77, 79, 80, 85, 109, 110, 111], "excluded_lines": [], "start_line": 24}, "": {"executed_lines": [3, 4, 5, 6, 8, 9, 10, 11, 12, 13, 16, 17, 24, 27, 33, 48, 67, 87, 92, 113, 126, 128, 129, 130, 131, 132, 133, 134, 135, 137, 148], "summary": {"covered_lines": 31, "num_statements": 45, "percent_covered": 68.88888888888889, "percent_covered_display": "69", "missing_lines": 14, "excluded_lines": 0, "percent_statements_covered": 68.88888888888889, "percent_statements_covered_display": "69"}, "missing_lines": [139, 140, 141, 142, 143, 144, 145, 149, 150, 151, 152, 153, 154, 155], "excluded_lines": [], "start_line": 1}}}, "src\\loats\\metrics.py": {"executed_lines": [6, 7, 8, 10, 12, 14, 19, 20, 22, 23, 24, 25, 26, 28, 29, 30, 33, 38, 44, 49, 56, 57, 58, 59, 60, 63, 65, 66, 67, 69, 73, 74, 75, 76, 78, 81, 86, 89, 90, 91, 92, 94, 97, 100, 105, 107, 109, 110, 111, 112, 118, 132, 134, 135, 138, 139, 140, 143, 144, 145, 149, 156, 163, 165, 166, 168, 169, 175, 180, 185, 187, 209, 227, 234, 241, 279, 281, 282, 283, 285, 289, 290, 291, 292, 293, 294, 297, 299, 302, 303, 304, 305, 306, 307, 308, 309, 310, 311, 313, 314, 316, 317, 318, 320, 322, 324, 326, 328, 329, 330, 332, 334, 336, 337, 338, 340, 342, 344, 345, 350, 354, 356, 357, 360], "summary": {"covered_lines": 124, "num_statements": 189, "percent_covered": 65.60846560846561, "percent_covered_display": "66", "missing_lines": 65, "excluded_lines": 0, "percent_statements_covered": 65.60846560846561, "percent_statements_covered_display": "66"}, "missing_lines": [82, 83, 84, 101, 102, 103, 114, 115, 116, 120, 121, 122, 123, 126, 129, 130, 146, 147, 151, 152, 153, 154, 158, 159, 160, 161, 189, 190, 191, 192, 194, 197, 198, 199, 202, 206, 207, 211, 212, 215, 216, 217, 220, 221, 222, 224, 225, 229, 230, 231, 232, 236, 237, 238, 239, 243, 244, 250, 275, 276, 277, 346, 348, 352, 362], "excluded_lines": [], "functions": {"MetricsManager.__new__": {"executed_lines": [23, 24, 25, 26], "summary": {"covered_lines": 4, "num_statements": 4, "percent_covered": 100.0, "percent_covered_display": "100", "missing_lines": 0, "excluded_lines": 0, "percent_statements_covered": 100.0, "percent_statements_covered_display": "100"}, "missing_lines": [], "excluded_lines": [], "start_line": 22}, "MetricsManager.__init__": {"executed_lines": [29, 30, 33, 38, 44, 49, 56, 57, 58, 59, 60, 63, 65, 66, 67], "summary": {"covered_lines": 15, "num_statements": 15, "percent_covered": 100.0, "percent_covered_display": "100", "missing_lines": 0, "excluded_lines": 0, "percent_statements_covered": 100.0, "percent_statements_covered_display": "100"}, "missing_lines": [], "excluded_lines": [], "start_line": 28}, "MetricsManager._setup_mock_metrics": {"executed_lines": [73, 78, 81, 86, 89, 94, 97, 100, 105], "summary": {"covered_lines": 9, "num_statements": 9, "percent_covered": 100.0, "percent_covered_display": "100", "missing_lines": 0, "excluded_lines": 0, "percent_statements_covered": 100.0, "percent_statements_covered_display": "100"}, "missing_lines": [], "excluded_lines": [], "start_line": 69}, "MetricsManager._setup_mock_metrics.job_execution_labels": {"executed_lines": [74, 75, 76], "summary": {"covered_lines": 3, "num_statements": 3, "percent_covered": 100.0, "percent_covered_display": "100", "missing_lines": 0, "excluded_lines": 0, "percent_statements_covered": 100.0, "percent_statements_covered_display": "100"}, "missing_lines": [], "excluded_lines": [], "start_line": 73}, "MetricsManager._setup_mock_metrics.job_latency_labels": {"executed_lines": [], "summary": {"covered_lines": 0, "num_statements": 3, "percent_covered": 0.0, "percent_covered_display": "0", "missing_lines": 3, "excluded_lines": 0, "percent_statements_covered": 0.0, "percent_statements_covered_display": "0"}, "missing_lines": [82, 83, 84], "excluded_lines": [], "start_line": 81}, "MetricsManager._setup_mock_metrics.signals_generated_labels": {"executed_lines": [90, 91, 92], "summary": {"covered_lines": 3, "num_statements": 3, "percent_covered": 100.0, "percent_covered_display": "100", "missing_lines": 0, "excluded_lines": 0, "percent_statements_covered": 100.0, "percent_statements_covered_display": "100"}, "missing_lines": [], "excluded_lines": [], "start_line": 89}, "MetricsManager._setup_mock_metrics.circuit_breaker_labels": {"executed_lines": [], "summary": {"covered_lines": 0, "num_statements": 3, "percent_covered": 0.0, "percent_covered_display": "0", "missing_lines": 3, "excluded_lines": 0, "percent_statements_covered": 0.0, "percent_statements_covered_display": "0"}, "missing_lines": [101, 102, 103], "excluded_lines": [], "start_line": 100}, "MetricsManager._track_job_via_mock": {"executed_lines": [109, 110, 111, 112], "summary": {"covered_lines": 4, "num_statements": 7, "percent_covered": 57.142857142857146, "percent_covered_display": "57", "missing_lines": 3, "excluded_lines": 0, "percent_statements_covered": 57.142857142857146, "percent_statements_covered_display": "57"}, "missing_lines": [114, 115, 116], "excluded_lines": [], "start_line": 107}, "MetricsManager._track_latency_via_mock": {"executed_lines": [], "summary": {"covered_lines": 0, "num_statements": 7, "percent_covered": 0.0, "percent_covered_display": "0", "missing_lines": 7, "excluded_lines": 0, "percent_statements_covered": 0.0, "percent_statements_covered_display": "0"}, "missing_lines": [120, 121, 122, 123, 126, 129, 130], "excluded_lines": [], "start_line": 118}, "MetricsManager._record_signal_via_mock": {"executed_lines": [134, 135, 138, 139, 140, 143, 144, 145], "summary": {"covered_lines": 8, "num_statements": 10, "percent_covered": 80.0, "percent_covered_display": "80", "missing_lines": 2, "excluded_lines": 0, "percent_statements_covered": 80.0, "percent_statements_covered_display": "80"}, "missing_lines": [146, 147], "excluded_lines": [], "start_line": 132}, "MetricsManager._set_kill_switch_via_mock": {"executed_lines": [], "summary": {"covered_lines": 0, "num_statements": 4, "percent_covered": 0.0, "percent_covered_display": "0", "missing_lines": 4, "excluded_lines": 0, "percent_statements_covered": 0.0, "percent_statements_covered_display": "0"}, "missing_lines": [151, 152, 153, 154], "excluded_lines": [], "start_line": 149}, "MetricsManager._set_circuit_breaker_via_mock": {"executed_lines": [], "summary": {"covered_lines": 0, "num_statements": 4, "percent_covered": 0.0, "percent_covered_display": "0", "missing_lines": 4, "excluded_lines": 0, "percent_statements_covered": 0.0, "percent_statements_covered_display": "0"}, "missing_lines": [158, 159, 160, 161], "excluded_lines": [], "start_line": 156}, "MetricsManager.reset_for_testing": {"executed_lines": [165, 166, 168, 169, 175, 180, 185], "summary": {"covered_lines": 7, "num_statements": 7, "percent_covered": 100.0, "percent_covered_display": "100", "missing_lines": 0, "excluded_lines": 0, "percent_statements_covered": 100.0, "percent_statements_covered_display": "100"}, "missing_lines": [], "excluded_lines": [], "start_line": 163}, "MetricsManager.track_job_execution": {"executed_lines": [], "summary": {"covered_lines": 0, "num_statements": 11, "percent_covered": 0.0, "percent_covered_display": "0", "missing_lines": 11, "excluded_lines": 0, "percent_statements_covered": 0.0, "percent_statements_covered_display": "0"}, "missing_lines": [189, 190, 191, 192, 194, 197, 198, 199, 202, 206, 207], "excluded_lines": [], "start_line": 187}, "MetricsManager.record_signal": {"executed_lines": [], "summary": {"covered_lines": 0, "num_statements": 10, "percent_covered": 0.0, "percent_covered_display": "0", "missing_lines": 10, "excluded_lines": 0, "percent_statements_covered": 0.0, "percent_statements_covered_display": "0"}, "missing_lines": [211, 212, 215, 216, 217, 220, 221, 222, 224, 225], "excluded_lines": [], "start_line": 209}, "MetricsManager.set_kill_switch_status": {"executed_lines": [], "summary": {"covered_lines": 0, "num_statements": 4, "percent_covered": 0.0, "percent_covered_display": "0", "missing_lines": 4, "excluded_lines": 0, "percent_statements_covered": 0.0, "percent_statements_covered_display": "0"}, "missing_lines": [229, 230, 231, 232], "excluded_lines": [], "start_line": 227}, "MetricsManager.set_circuit_breaker_status": {"executed_lines": [], "summary": {"covered_lines": 0, "num_statements": 4, "percent_covered": 0.0, "percent_covered_display": "0", "missing_lines": 4, "excluded_lines": 0, "percent_statements_covered": 0.0, "percent_statements_covered_display": "0"}, "missing_lines": [236, 237, 238, 239], "excluded_lines": [], "start_line": 234}, "MetricsManager.get_metrics_summary": {"executed_lines": [], "summary": {"covered_lines": 0, "num_statements": 6, "percent_covered": 0.0, "percent_covered_display": "0", "missing_lines": 6, "excluded_lines": 0, "percent_statements_covered": 0.0, "percent_statements_covered_display": "0"}, "missing_lines": [243, 244, 250, 275, 276, 277], "excluded_lines": [], "start_line": 241}, "MetricsManager.start_server": {"executed_lines": [281, 282, 283, 285, 289, 290, 291, 292, 293, 294], "summary": {"covered_lines": 10, "num_statements": 10, "percent_covered": 100.0, "percent_covered_display": "100", "missing_lines": 0, "excluded_lines": 0, "percent_statements_covered": 100.0, "percent_statements_covered_display": "100"}, "missing_lines": [], "excluded_lines": [], "start_line": 279}, "track_job": {"executed_lines": [302, 324], "summary": {"covered_lines": 2, "num_statements": 2, "percent_covered": 100.0, "percent_covered_display": "100", "missing_lines": 0, "excluded_lines": 0, "percent_statements_covered": 100.0, "percent_statements_covered_display": "100"}, "missing_lines": [], "excluded_lines": [], "start_line": 299}, "track_job.decorator": {"executed_lines": [303, 322], "summary": {"covered_lines": 2, "num_statements": 2, "percent_covered": 100.0, "percent_covered_display": "100", "missing_lines": 0, "excluded_lines": 0, "percent_statements_covered": 100.0, "percent_statements_covered_display": "100"}, "missing_lines": [], "excluded_lines": [], "start_line": 302}, "track_job.decorator.wrapper": {"executed_lines": [304, 305, 306, 307, 308, 309, 310, 311, 313, 314, 316, 317, 318, 320], "summary": {"covered_lines": 14, "num_statements": 14, "percent_covered": 100.0, "percent_covered_display": "100", "missing_lines": 0, "excluded_lines": 0, "percent_statements_covered": 100.0, "percent_statements_covered_display": "100"}, "missing_lines": [], "excluded_lines": [], "start_line": 303}, "record_signal": {"executed_lines": [328, 329, 330, 332], "summary": {"covered_lines": 4, "num_statements": 4, "percent_covered": 100.0, "percent_covered_display": "100", "missing_lines": 0, "excluded_lines": 0, "percent_statements_covered": 100.0, "percent_statements_covered_display": "100"}, "missing_lines": [], "excluded_lines": [], "start_line": 326}, "set_kill_switch_status": {"executed_lines": [336, 337, 338, 340], "summary": {"covered_lines": 4, "num_statements": 4, "percent_covered": 100.0, "percent_covered_display": "100", "missing_lines": 0, "excluded_lines": 0, "percent_statements_covered": 100.0, "percent_statements_covered_display": "100"}, "missing_lines": [], "excluded_lines": [], "start_line": 334}, "set_circuit_breaker_status": {"executed_lines": [344, 345], "summary": {"covered_lines": 2, "num_statements": 4, "percent_covered": 50.0, "percent_covered_display": "50", "missing_lines": 2, "excluded_lines": 0, "percent_statements_covered": 50.0, "percent_statements_covered_display": "50"}, "missing_lines": [346, 348], "excluded_lines": [], "start_line": 342}, "get_metrics_summary": {"executed_lines": [], "summary": {"covered_lines": 0, "num_statements": 1, "percent_covered": 0.0, "percent_covered_display": "0", "missing_lines": 1, "excluded_lines": 0, "percent_statements_covered": 0.0, "percent_statements_covered_display": "0"}, "missing_lines": [352], "excluded_lines": [], "start_line": 350}, "start_metrics_server": {"executed_lines": [356, 357], "summary": {"covered_lines": 2, "num_statements": 2, "percent_covered": 100.0, "percent_covered_display": "100", "missing_lines": 0, "excluded_lines": 0, "percent_statements_covered": 100.0, "percent_statements_covered_display": "100"}, "missing_lines": [], "excluded_lines": [], "start_line": 354}, "start_http_server": {"executed_lines": [], "summary": {"covered_lines": 0, "num_statements": 1, "percent_covered": 0.0, "percent_covered_display": "0", "missing_lines": 1, "excluded_lines": 0, "percent_statements_covered": 0.0, "percent_statements_covered_display": "0"}, "missing_lines": [362], "excluded_lines": [], "start_line": 360}, "": {"executed_lines": [6, 7, 8, 10, 12, 14, 19, 20, 22, 28, 69, 107, 118, 132, 149, 156, 163, 187, 209, 227, 234, 241, 279, 297, 299, 326, 334, 342, 350, 354, 360], "summary": {"covered_lines": 31, "num_statements": 31, "percent_covered": 100.0, "percent_covered_display": "100", "missing_lines": 0, "excluded_lines": 0, "percent_statements_covered": 100.0, "percent_statements_covered_display": "100"}, "missing_lines": [], "excluded_lines": [], "start_line": 1}}, "classes": {"MetricsManager": {"executed_lines": [23, 24, 25, 26, 29, 30, 33, 38, 44, 49, 56, 57, 58, 59, 60, 63, 65, 66, 67, 73, 74, 75, 76, 78, 81, 86, 89, 90, 91, 92, 94, 97, 100, 105, 109, 110, 111, 112, 134, 135, 138, 139, 140, 143, 144, 145, 165, 166, 168, 169, 175, 180, 185, 281, 282, 283, 285, 289, 290, 291, 292, 293, 294], "summary": {"covered_lines": 63, "num_statements": 124, "percent_covered": 50.806451612903224, "percent_covered_display": "51", "missing_lines": 61, "excluded_lines": 0, "percent_statements_covered": 50.806451612903224, "percent_statements_covered_display": "51"}, "missing_lines": [82, 83, 84, 101, 102, 103, 114, 115, 116, 120, 121, 122, 123, 126, 129, 130, 146, 147, 151, 152, 153, 154, 158, 159, 160, 161, 189, 190, 191, 192, 194, 197, 198, 199, 202, 206, 207, 211, 212, 215, 216, 217, 220, 221, 222, 224, 225, 229, 230, 231, 232, 236, 237, 238, 239, 243, 244, 250, 275, 276, 277], "excluded_lines": [], "start_line": 14}, "": {"executed_lines": [6, 7, 8, 10, 12, 14, 19, 20, 22, 28, 69, 107, 118, 132, 149, 156, 163, 187, 209, 227, 234, 241, 279, 297, 299, 302, 303, 304, 305, 306, 307, 308, 309, 310, 311, 313, 314, 316, 317, 318, 320, 322, 324, 326, 328, 329, 330, 332, 334, 336, 337, 338, 340, 342, 344, 345, 350, 354, 356, 357, 360], "summary": {"covered_lines": 61, "num_statements": 65, "percent_covered": 93.84615384615384, "percent_covered_display": "94", "missing_lines": 4, "excluded_lines": 0, "percent_statements_covered": 93.84615384615384, "percent_statements_covered_display": "94"}, "missing_lines": [346, 348, 352, 362], "excluded_lines": [], "start_line": 1}}}, "src\\loats\\models.py": {"executed_lines": [3, 4, 5, 6, 8, 11, 14, 15, 16, 17, 20, 23, 24, 27, 30, 31, 32, 35, 38, 39, 42, 45, 46, 47, 48, 49, 52, 55, 56, 57, 58, 59, 60, 61, 62, 63, 64, 66, 68, 69, 70, 71, 72, 73, 75, 76, 77, 78, 80, 81, 86, 87, 88, 89, 95, 96, 99, 102, 103, 104, 105, 106, 107, 108, 109, 112, 115, 116, 119, 122, 123, 124, 125, 126, 127, 128, 129, 130, 131, 132, 133, 134, 135, 137, 138, 139, 140, 142, 143, 144, 145, 146, 147, 148, 151, 154, 155, 156, 157, 158, 159, 162, 165, 166, 167, 168, 169, 170, 171, 172, 173, 176, 179, 180, 181, 182, 183, 186, 189, 190, 191, 192, 193, 194, 195, 196, 197, 198, 199, 200, 201, 202, 203, 204, 207, 210, 216, 217, 218, 219, 220, 221, 222, 223, 224, 225, 226, 227, 228, 229, 230, 232, 233, 235, 236, 237, 238, 239, 241, 243, 245, 250, 251, 253, 256, 259, 260, 261, 262, 265, 268, 274, 275, 276, 277, 278, 279, 280, 283, 286, 287, 288, 289, 290, 291, 292, 295, 298, 304, 305, 306, 307, 308, 309, 310, 311, 312, 315, 318, 319, 320, 321, 324, 327, 328, 329, 330, 331, 332, 335, 338, 339, 340, 341, 342, 343, 344, 347, 350, 351, 352, 353, 354, 355, 356, 357, 358], "summary": {"covered_lines": 227, "num_statements": 230, "percent_covered": 98.69565217391305, "percent_covered_display": "99", "missing_lines": 3, "excluded_lines": 0, "percent_statements_covered": 98.69565217391305, "percent_statements_covered_display": "99"}, "missing_lines": [79, 141, 244], "excluded_lines": [], "functions": {"QuoteData.validate_symbol": {"executed_lines": [71, 72, 73], "summary": {"covered_lines": 3, "num_statements": 3, "percent_covered": 100.0, "percent_covered_display": "100", "missing_lines": 0, "excluded_lines": 0, "percent_statements_covered": 100.0, "percent_statements_covered_display": "100"}, "missing_lines": [], "excluded_lines": [], "start_line": 70}, "QuoteData._compute_change_percent": {"executed_lines": [78, 80, 81, 86, 87, 88, 89, 95, 96], "summary": {"covered_lines": 9, "num_statements": 10, "percent_covered": 90.0, "percent_covered_display": "90", "missing_lines": 1, "excluded_lines": 0, "percent_statements_covered": 90.0, "percent_statements_covered_
[...]
": [3, 4, 5, 7, 8, 10, 13, 20, 33, 34, 35, 37, 38, 40, 41, 42, 44, 53, 54, 58, 61, 65, 66, 67, 69, 71, 102, 108, 109, 110, 112, 113, 114, 115, 120, 123, 124, 127, 130, 137, 144, 145, 146, 147, 148, 149, 151, 160, 161, 165, 168, 172, 173, 174, 176, 178, 185, 186, 190, 196, 200, 201, 202, 205, 209, 215, 216, 217, 219, 220, 221, 222, 227, 230, 233, 240, 253, 254, 256, 257, 258, 260, 261, 263, 264, 265, 267, 276, 277, 281, 284, 288, 289, 290, 292, 294, 300, 302, 303, 305, 306, 307, 308, 310, 313, 316, 317, 318, 327, 346, 347, 348, 351, 370, 371, 372], "summary": {"covered_lines": 116, "num_statements": 133, "percent_covered": 87.21804511278195, "percent_covered_display": "87", "missing_lines": 17, "excluded_lines": 0, "percent_statements_covered": 87.21804511278195, "percent_statements_covered_display": "87"}, "missing_lines": [78, 79, 83, 86, 89, 90, 93, 94, 95, 98, 100, 126, 193, 197, 207, 229, 309], "excluded_lines": [], "functions": {"RateLimiter.__init__": {"executed_lines": [33, 34, 35, 37, 38, 40, 41, 42], "summary": {"covered_lines": 8, "num_statements": 8, "percent_covered": 100.0, "percent_covered_display": "100", "missing_lines": 0, "excluded_lines": 0, "percent_statements_covered": 100.0, "percent_statements_covered_display": "100"}, "missing_lines": [], "excluded_lines": [], "start_line": 20}, "RateLimiter.acquire": {"executed_lines": [53, 54, 58, 61, 65, 66, 67, 69], "summary": {"covered_lines": 8, "num_statements": 8, "percent_covered": 100.0, "percent_covered_display": "100", "missing_lines": 0, "excluded_lines": 0, "percent_statements_covered": 100.0, "percent_statements_covered_display": "100"}, "missing_lines": [], "excluded_lines": [], "start_line": 44}, "RateLimiter.get_wait_time": {"executed_lines": [], "summary": {"covered_lines": 0, "num_statements": 11, "percent_covered": 0.0, "percent_covered_display": "0", "missing_lines": 11, "excluded_lines": 0, "percent_statements_covered": 0.0, "percent_statements_covered_display": "0"}, "missing_lines": [78, 79, 83, 86, 89, 90, 93, 94, 95, 98, 100], "excluded_lines": [], "start_line": 71}, "RateLimiter.wait_for_token": {"executed_lines": [108, 109, 110, 112, 113, 114, 115, 120, 123, 124, 127], "summary": {"covered_lines": 11, "num_statements": 12, "percent_covered": 91.66666666666667, "percent_covered_display": "92", "missing_lines": 1, "excluded_lines": 0, "percent_statements_covered": 91.66666666666667, "percent_statements_covered_display": "92"}, "missing_lines": [126], "excluded_lines": [], "start_line": 102}, "AsyncRateLimiter.__init__": {"executed_lines": [144, 145, 146, 147, 148, 149], "summary": {"covered_lines": 6, "num_statements": 6, "percent_covered": 100.0, "percent_covered_display": "100", "missing_lines": 0, "excluded_lines": 0, "percent_statements_covered": 100.0, "percent_statements_covered_display": "100"}, "missing_lines": [], "excluded_lines": [], "start_line": 137}, "AsyncRateLimiter.acquire": {"executed_lines": [160, 161, 165, 168, 172, 173, 174, 176], "summary": {"covered_lines": 8, "num_statements": 8, "percent_covered": 100.0, "percent_covered_display": "100", "missing_lines": 0, "excluded_lines": 0, "percent_statements_covered": 100.0, "percent_statements_covered_display": "100"}, "missing_lines": [], "excluded_lines": [], "start_line": 151}, "AsyncRateLimiter._get_wait_time": {"executed_lines": [185, 186, 190, 196, 200, 201, 202, 205], "summary": {"covered_lines": 8, "num_statements": 11, "percent_covered": 72.72727272727273, "percent_covered_display": "73", "missing_lines": 3, "excluded_lines": 0, "percent_statements_covered": 72.72727272727273, "percent_statements_covered_display": "73"}, "missing_lines": [193, 197, 207], "excluded_lines": [], "start_line": 178}, "AsyncRateLimiter.wait_for_token": {"executed_lines": [215, 216, 217, 219, 220, 221, 222, 227, 230], "summary": {"covered_lines": 9, "num_statements": 10, "percent_covered": 90.0, "percent_covered_display": "90", "missing_lines": 1, "excluded_lines": 0, "percent_statements_covered": 90.0, "percent_statements_covered_display": "90"}, "missing_lines": [229], "excluded_lines": [], "start_line": 209}, "SyncRateLimiter.__init__": {"executed_lines": [253, 254, 256, 257, 258, 260, 261, 263, 264, 265], "summary": {"covered_lines": 10, "num_statements": 10, "percent_covered": 100.0, "percent_covered_display": "100", "missing_lines": 0, "excluded_lines": 0, "percent_statements_covered": 100.0, "percent_statements_covered_display": "100"}, "missing_lines": [], "excluded_lines": [], "start_line": 240}, "SyncRateLimiter.acquire": {"executed_lines": [276, 277, 281, 284, 288, 289, 290, 292], "summary": {"covered_lines": 8, "num_statements": 8, "percent_covered": 100.0, "percent_covered_display": "100", "missing_lines": 0, "excluded_lines": 0, "percent_statements_covered": 100.0, "percent_statements_covered_display": "100"}, "missing_lines": [], "excluded_lines": [], "start_line": 267}, "SyncRateLimiter.wait_for_token": {"executed_lines": [300, 302, 303, 305, 306, 307, 308, 310], "summary": {"covered_lines": 8, "num_statements": 9, "percent_covered": 88.88888888888889, "percent_covered_display": "89", "missing_lines": 1, "excluded_lines": 0, "percent_statements_covered": 88.88888888888889, "percent_statements_covered_display": "89"}, "missing_lines": [309], "excluded_lines": [], "start_line": 294}, "RateLimitExceededError.__init__": {"executed_lines": [317, 318], "summary": {"covered_lines": 2, "num_statements": 2, "percent_covered": 100.0, "percent_covered_display": "100", "missing_lines": 0, "excluded_lines": 0, "percent_statements_covered": 100.0, "percent_statements_covered_display": "100"}, "missing_lines": [], "excluded_lines": [], "start_line": 316}, "get_order_rate_limiter": {"executed_lines": [346, 347, 348], "summary": {"covered_lines": 3, "num_statements": 3, "percent_covered": 100.0, "percent_covered_display": "100", "missing_lines": 0, "excluded_lines": 0, "percent_statements_covered": 100.0, "percent_statements_covered_display": "100"}, "missing_lines": [], "excluded_lines": [], "start_line": 327}, "get_smart_order_rate_limiter": {"executed_lines": [370, 371, 372], "summary": {"covered_lines": 3, "num_statements": 3, "percent_covered": 100.0, "percent_covered_display": "100", "missing_lines": 0, "excluded_lines": 0, "percent_statements_covered": 100.0, "percent_statements_covered_display": "100"}, "missing_lines": [], "excluded_lines": [], "start_line": 351}, "": {"executed_lines": [3, 4, 5, 7, 8, 10, 13, 20, 44, 71, 102, 130, 137, 151, 178, 209, 233, 240, 267, 294, 313, 316, 327, 351], "summary": {"covered_lines": 24, "num_statements": 24, "percent_covered": 100.0, "percent_covered_display": "100", "missing_lines": 0, "excluded_lines": 0, "percent_statements_covered": 100.0, "percent_statements_covered_display": "100"}, "missing_lines": [], "excluded_lines": [], "start_line": 1}}, "classes": {"RateLimiter": {"executed_lines": [33, 34, 35, 37, 38, 40, 41, 42, 53, 54, 58, 61, 65, 66, 67, 69, 108, 109, 110, 112, 113, 114, 115, 120, 123, 124, 127], "summary": {"covered_lines": 27, "num_statements": 39, "percent_covered": 69.23076923076923, "percent_covered_display": "69", "missing_lines": 12, "excluded_lines": 0, "percent_statements_covered": 69.23076923076923, "percent_statements_covered_display": "69"}, "missing_lines": [78, 79, 83, 86, 89, 90, 93, 94, 95, 98, 100, 126], "excluded_lines": [], "start_line": 13}, "AsyncRateLimiter": {"executed_lines": [144, 145, 146, 147, 148, 149, 160, 161, 165, 168, 172, 173, 174, 176, 185, 186, 190, 196, 200, 201, 202, 205, 215, 216, 217, 219, 220, 221, 222, 227, 230], "summary": {"covered_lines": 31, "num_statements": 35, "percent_covered": 88.57142857142857, "percent_covered_display": "89", "missing_lines": 4, "excluded_lines": 0, "percent_statements_covered": 88.57142857142857, "percent_statements_covered_display": "89"}, "missing_lines": [193, 197, 207, 229], "excluded_lines": [], "start_line": 130}, "SyncRateLimiter": {"executed_lines": [253, 254, 256, 257, 258, 260, 261, 263, 264, 265, 276, 277, 281, 284, 288, 289, 290, 292, 300, 302, 303, 305, 306, 307, 308, 310], "summary": {"covered_lines": 26, "num_statements": 27, "percent_covered": 96.29629629629629, "percent_covered_display": "96", "missing_lines": 1, "excluded_lines": 0, "percent_statements_covered": 96.29629629629629, "percent_statements_covered_display": "96"}, "missing_lines": [309], "excluded_lines": [], "start_line": 233}, "RateLimitExceededError": {"executed_lines": [317, 318], "summary": {"covered_lines": 2, "num_statements": 2, "percent_covered": 100.0, "percent_covered_display": "100", "missing_lines": 0, "excluded_lines": 0, "percent_statements_covered": 100.0, "percent_statements_covered_display": "100"}, "missing_lines": [], "excluded_lines": [], "start_line": 313}, "": {"executed_lines": [3, 4, 5, 7, 8, 10, 13, 20, 44, 71, 102, 130, 137, 151, 178, 209, 233, 240, 267, 294, 313, 316, 327, 346, 347, 348, 351, 370, 371, 372], "summary": {"covered_lines": 30, "num_statements": 30, "percent_covered": 100.0, "percent_covered_display": "100", "missing_lines": 0, "excluded_lines": 0, "percent_statements_covered": 100.0, "percent_statements_covered_display": "100"}, "missing_lines": [], "excluded_lines": [], "start_line": 1}}}, "src\\loats\\utils\\resilience.py": {"executed_lines": [7, 9, 10, 11, 12, 14, 15, 22, 29, 31, 32, 35, 38, 39, 40, 41, 46, 75, 76, 78, 80, 81, 82, 83, 88, 91, 92, 94, 95, 96, 97, 100, 101, 104, 105, 108, 111, 118, 119, 122, 125, 126, 131, 134, 140, 142, 144, 146, 149, 180, 183, 185, 187, 188, 189, 190, 195, 198, 199, 201, 202, 203, 206, 209, 210, 213, 214, 217, 220, 227, 228, 231, 234, 235, 240, 243, 250, 252, 253, 256, 260, 262, 268, 271, 276, 279, 283], "summary": {"covered_lines": 87, "num_statements": 101, "percent_covered": 86.13861386138613, "percent_covered_display": "86", "missing_lines": 14, "excluded_lines": 0, "percent_statements_covered": 86.13861386138613, "percent_statements_covered_display": "86"}, "missing_lines": [99, 112, 115, 132, 137, 138, 139, 208, 221, 224, 241, 246, 247, 248], "excluded_lines": [], "functions": {"CircuitBreakerRetryCompositionError.__init__": {"executed_lines": [39, 40, 41], "summary": {"covered_lines": 3, "num_statements": 3, "percent_covered": 100.0, "percent_covered_display": "100", "missing_lines": 0, "excluded_lines": 0, "percent_statements_covered": 100.0, "percent_statements_covered_display": "100"}, "missing_lines": [], "excluded_lines": [], "start_line": 38}, "circuit_breaker_retry_sync": {"executed_lines": [75, 146], "summary": {"covered_lines": 2, "num_statements": 2, "percent_covered": 100.0, "percent_covered_display": "100", "missing_lines": 0, "excluded_lines": 0, "percent_statements_covered": 100.0, "percent_statements_covered_display": "100"}, "missing_lines": [], "excluded_lines": [], "start_line": 46}, "circuit_breaker_retry_sync.decorator": {"executed_lines": [76, 144], "summary": {"covered_lines": 2, "num_statements": 2, "percent_covered": 100.0, "percent_covered_display": "100", "missing_lines": 0, "excluded_lines": 0, "percent_statements_covered": 100.0, "percent_statements_covered_display": "100"}, "missing_lines": [], "excluded_lines": [], "start_line": 75}, "circuit_breaker_retry_sync.decorator.wrapper": {"executed_lines": [78, 80, 81, 82, 83, 88, 91, 92, 94, 95, 96, 97, 100, 101, 104, 105, 108, 111, 118, 119, 122, 125, 126, 131, 134, 140, 142], "summary": {"covered_lines": 27, "num_statements": 34, "percent_covered": 79.41176470588235, "percent_covered_display": "79", "missing_lines": 7, "excluded_lines": 0, "percent_statements_covered": 79.41176470588235, "percent_statements_covered_display": "79"}, "missing_lines": [99, 112, 115, 132, 137, 138, 139], "excluded_lines": [], "start_line": 76}, "circuit_breaker_retry_async": {"executed_lines": [180, 262], "summary": {"covered_lines": 2, "num_statements": 2, "percent_covered": 100.0, "percent_covered_display": "100", "missing_lines": 0, "excluded_lines": 0, "percent_statements_covered": 100.0, "percent_statements_covered_display": "100"}, "missing_lines": [], "excluded_lines": [], "start_line": 149}, "circuit_breaker_retry_async.decorator": {"executed_lines": [183, 260], "summary": {"covered_lines": 2, "num_statements": 2, "percent_covered": 100.0, "percent_covered_display": "100", "missing_lines": 0, "excluded_lines": 0, "percent_statements_covered": 100.0, "percent_statements_covered_display": "100"}, "missing_lines": [], "excluded_lines": [], "start_line": 180}, "circuit_breaker_retry_async.decorator.wrapper": {"executed_lines": [185, 187, 188, 189, 190, 195, 198, 199, 201, 202, 203, 206, 209, 210, 213, 214, 217, 220, 227, 228, 231, 234, 235, 240, 243, 250, 252, 253, 256], "summary": {"covered_lines": 29, "num_statements": 36, "percent_covered": 80.55555555555556, "percent_covered_display": "81", "missing_lines": 7, "excluded_lines": 0, "percent_statements_covered": 80.55555555555556, "percent_statements_covered_display": "81"}, "missing_lines": [208, 221, 224, 241, 246, 247, 248], "excluded_lines": [], "start_line": 183}, "": {"executed_lines": [7, 9, 10, 11, 12, 14, 15, 22, 29, 31, 32, 35, 38, 46, 149, 268, 271, 276, 279, 283], "summary": {"covered_lines": 20, "num_statements": 20, "percent_covered": 100.0, "percent_covered_display": "100", "missing_lines": 0, "excluded_lines": 0, "percent_statements_covered": 100.0, "percent_statements_covered_display": "100"}, "missing_lines": [], "excluded_lines": [], "start_line": 1}}, "classes": {"CircuitBreakerRetryCompositionError": {"executed_lines": [39, 40, 41], "summary": {"covered_lines": 3, "num_statements": 3, "percent_covered": 100.0, "percent_covered_display": "100", "missing_lines": 0, "excluded_lines": 0, "percent_statements_covered": 100.0, "percent_statements_covered_display": "100"}, "missing_lines": [], "excluded_lines": [], "start_line": 35}, "": {"executed_lines": [7, 9, 10, 11, 12, 14, 15, 22, 29, 31, 32, 35, 38, 46, 75, 76, 78, 80, 81, 82, 83, 88, 91, 92, 94, 95, 96, 97, 100, 101, 104, 105, 108, 111, 118, 119, 122, 125, 126, 131, 134, 140, 142, 144, 146, 149, 180, 183, 185, 187, 188, 189, 190, 195, 198, 199, 201, 202, 203, 206, 209, 210, 213, 214, 217, 220, 227, 228, 231, 234, 235, 240, 243, 250, 252, 253, 256, 260, 262, 268, 271, 276, 279, 283], "summary": {"covered_lines": 84, "num_statements": 98, "percent_covered": 85.71428571428571, "percent_covered_display": "86", "missing_lines": 14, "excluded_lines": 0, "percent_statements_covered": 85.71428571428571, "percent_statements_covered_display": "86"}, "missing_lines": [99, 112, 115, 132, 137, 138, 139, 208, 221, 224, 241, 246, 247, 248], "excluded_lines": [], "start_line": 1}}}, "src\\loats\\utils\\retry.py": {"executed_lines": [10, 12, 13, 14, 15, 16, 17, 19, 21, 23, 26, 27, 41, 42, 43, 44, 45, 46, 47, 48, 51, 62, 65, 68, 69, 70, 71, 73, 76, 95, 97, 98, 99, 101, 102, 103, 104, 105, 108, 109, 110, 113, 114, 115, 118, 119, 122, 125, 126, 131, 132, 134, 141, 143, 146, 165, 167, 168, 169, 171, 172, 173, 174, 175, 178, 179, 180, 183, 188, 189, 192, 195, 196, 201, 202, 204, 211, 213, 217, 226, 235], "summary": {"covered_lines": 81, "num_statements": 89, "percent_covered": 91.01123595505618, "percent_covered_display": "91", "missing_lines": 8, "excluded_lines": 0, "percent_statements_covered": 91.01123595505618, "percent_statements_covered_display": "91"}, "missing_lines": [137, 138, 139, 184, 185, 207, 208, 209], "excluded_lines": [], "functions": {"_calculate_delay": {"executed_lines": [62, 65, 68, 69, 70, 71, 73], "summary": {"covered_lines": 7, "num_statements": 7, "percent_covered": 100.0, "percent_covered_display": "100", "missing_lines": 0, "excluded_lines": 0, "percent_statements_covered": 100.0, "percent_statements_covered_display": "100"}, "missing_lines": [], "excluded_lines": [], "start_line": 51}, "retry_sync": {"executed_lines": [95, 97, 143], "summary": {"covered_lines": 3, "num_statements": 3, "percent_covered": 100.0, "percent_covered_display": "100", "missing_lines": 0, "excluded_lines": 0, "percent_statements_covered": 100.0, "percent_statements_covered_display": "100"}, "missing_lines": [], "excluded_lines": [], "start_line": 76}, "retry_sync.decorator": {"executed_lines": [98, 141], "summary": {"covered_lines": 2, "num_statements": 2, "percent_covered": 100.0, "percent_covered_display": "100", "missing_lines": 0, "excluded_lines": 0, "percent_statements_covered": 100.0, "percent_statements_covered_display": "100"}, "missing_lines": [], "excluded_lines": [], "start_line": 97}, "retry_sync.decorator.wrapper": {"executed_lines": [99, 101, 102, 103, 104, 105, 108, 109, 110, 113, 114, 115, 118, 119, 122, 125, 126, 131, 132, 134], "summary": {"covered_lines": 20, "num_statements": 23, "percent_covered": 86.95652173913044, "percent_covered_display": "87", "missing_lines": 3, "excluded_lines": 0, "percent_statements_covered": 86.95652173913044, "percent_statements_covered_display": "87"}, "missing_lines": [137, 138, 139], "excluded_lines": [], "start_line": 98}, "retry_async": {"executed_lines": [165, 167, 213], "summary": {"covered_lines": 3, "num_statements": 3, "percent_covered": 100.0, "percent_covered_display": "100", "missing_lines": 0, "excluded_lines": 0, "percent_statements_covered": 100.0, "percent_statements_covered_display": "100"}, "missing_lines": [], "excluded_lines": [], "start_line": 146}, "retry_async.decorator": {"executed_lines": [168, 211], "summary": {"covered_lines": 2, "num_statements": 2, "percent_covered": 100.0, "percent_covered_display": "100", "missing_lines": 0, "excluded_lines": 0, "percent_statements_covered": 100.0, "percent_statements_covered_display": "100"}, "missing_lines": [], "excluded_lines": [], "start_line": 167}, "retry_async.decorator.wrapper": {"executed_lines": [169, 171, 172, 173, 174, 175, 178, 179, 180, 183, 188, 189, 192, 195, 196, 201, 202, 204], "summary": {"covered_lines": 18, "num_statements": 23, "percent_covered": 78.26086956521739, "percent_covered_display": "78", "missing_lines": 5, "excluded_lines": 0, "percent_statements_covered": 78.26086956521739, "percent_statements_covered_display": "78"}, "missing_lines": [184, 185, 207, 208, 209], "excluded_lines": [], "start_line": 168}, "": {"executed_lines": [10, 12, 13, 14, 15, 16, 17, 19, 21, 23, 26, 27, 41, 42, 43, 44, 45, 46, 47, 48, 51, 76, 146, 217, 226, 235], "summary": {"covered_lines": 26, "num_statements": 26, "percent_covered": 100.0, "percent_covered_display": "100", "missing_lines": 0, "excluded_lines": 0, "percent_statements_covered": 100.0, "percent_statements_covered_display": "100"}, "missing_lines": [], "excluded_lines": [], "start_line": 1}}, "classes": {"RetryConfig": {"executed_lines": [], "summary": {"covered_lines": 0, "num_statements": 0, "percent_covered": 100.0, "percent_covered_display": "100", "missing_lines": 0, "excluded_lines": 0, "percent_statements_covered": 100.0, "percent_statements_covered_display": "100"}, "missing_lines": [], "excluded_lines": [], "start_line": 27}, "": {"executed_lines": [10, 12, 13, 14, 15, 16, 17, 19, 21, 23, 26, 27, 41, 42, 43, 44, 45, 46, 47, 48, 51, 62, 65, 68, 69, 70, 71, 73, 76, 95, 97, 98, 99, 101, 102, 103, 104, 105, 108, 109, 110, 113, 114, 115, 118, 119, 122, 125, 126, 131, 132, 134, 141, 143, 146, 165, 167, 168, 169, 171, 172, 173, 174, 175, 178, 179, 180, 183, 188, 189, 192, 195, 196, 201, 202, 204, 211, 213, 217, 226, 235], "summary": {"covered_lines": 81, "num_statements": 89, "percent_covered": 91.01123595505618, "percent_covered_display": "91", "missing_lines": 8, "excluded_lines": 0, "percent_statements_covered": 91.01123595505618, "percent_statements_covered_display": "91"}, "missing_lines": [137, 138, 139, 184, 185, 207, 208, 209], "excluded_lines": [], "start_line": 1}}}}, "totals": {"covered_lines": 3070, "num_statements": 3840, "percent_covered": 79.94791666666667, "percent_covered_display": "80", "missing_lines": 770, "excluded_lines": 4, "percent_statements_covered": 79.94791666666667, "percent_statements_covered_display": "80"}}