============================= test session starts =============================
platform win32 -- Python 3.12.7, pytest-9.1.0, pluggy-1.6.0
benchmark: 5.2.3 (defaults: timer=time.perf_counter disable_gc=False min_rounds=5 min_time=0.000005 max_time=1.0 calibration_precision=10 warmup=False warmup_iterations=100000)
Using --randomly-seed=1181948684
rootdir: g:\.OA\LOATS-13July2026\LOATS13July2026
configfile: pyproject.toml
plugins: faker-2.0.0, anyio-4.14.2, Faker-37.12.0, hydra-core-1.3.2, hypothesis-6.155.3, langsmith-0.8.18, locust-2.44.1, asyncio-1.4.0, benchmark-5.2.3, cov-7.1.0, html-4.2.0, metadata-3.1.1, mock-3.15.1, randomly-4.1.0, timeout-2.4.0, xdist-3.8.0, typeguard-4.5.2
asyncio: mode=Mode.AUTO, debug=False, asyncio_default_fixture_loop_scope=None, asyncio_default_test_loop_scope=function
collected 640 items

tests\test_utils.py ..................................                   [  5%]
tests\test_audit_hash_mutation.py ....                                   [  5%]
tests\test_kill_switch_simple.py .                                       [  6%]
tests\test_alerts.py ................................................... [ 14%]
...............                                                          [ 16%]
tests\test_performance_benchmarks.py .........                           [ 17%]
tests\test_models.py .........................                           [ 21%]
tests\test_cache.py .............................                        [ 26%]
tests\test_scheduler_full.py ......                                      [ 27%]
tests\test_alerts_coverage.py .......                                    [ 28%]
tests\test_openalgo_integration.py ....................                  [ 31%]
tests\test_config.py .......                                             [ 32%]
tests\test_cache_redis_coverage.py ..............                        [ 34%]
tests\test_sentiment_coverage.py ......                                  [ 35%]
tests\test_portfolio_greeks.py ......                                    [ 36%]
tests\test_options.py ..............                                     [ 38%]
tests\test_openalgo_comprehensive_fixed.py ............................. [ 43%]
.......                                                                  [ 44%]
tests\test_final_logging_verification.py .                               [ 44%]
tests\test_ta_advanced_coverage.py ..........                            [ 46%]
tests\test_logging.py .....                                              [ 46%]
tests\test_resilience_patterns.py ..................                     [ 49%]
tests\test_vacuum_cleanup.py ...                                         [ 50%]
tests\test_minimal_logging.py .                                          [ 50%]
tests\test_ta.py ...................                                     [ 53%]
tests\test_simple_logging.py ..                                          [ 53%]
tests\test_openalgo.py ......                                            [ 54%]
tests\test_database.py .....................                             [ 57%]
tests\test_coverage_booster.py ..............                            [ 60%]
tests\test_main.py ....                                                  [ 60%]
tests\test_sentiment.py ...                                              [ 61%]
tests\test_scheduler.py ...                                              [ 61%]
tests\test_ta_additional.py .................                            [ 64%]
tests\test_openalgo_integration_fixed.py ............................... [ 69%]
.                                                                        [ 69%]
tests\test_cache_additional.py ..................                        [ 72%]
tests\test_scheduler_extended.py ....                                    [ 72%]
tests\test_main_extended.py ........                                     [ 73%]
tests\test_logging_implementation.py .                                   [ 74%]
tests\test_rate_limiter.py ..........................                    [ 78%]
tests\test_metrics.py ...........................                        [ 82%]
tests\test_rate_limiter_additional.py ....................               [ 85%]
tests\test_openalgo_comprehensive_fixed2.py ............................ [ 89%]
........                                                                 [ 91%]
tests\test_failure_paths.py ...................                          [ 94%]
tests\test_kill_switch_fixed.py ..                                       [ 94%]
tests\test_openalgo_comprehensive.py ................................... [ 99%]
.                                                                        [100%]

=============================== tests coverage ================================
_______________ coverage: platform win32, python 3.12.7-final-0 _______________

Name                                 Stmts   Miss Branch BrPart  Cover   Missing
--------------------------------------------------------------------------------
src\loats\alerts.py                    489    112    178     38    73%   74, 82-90, 132-133, 149, 153-155, 165, 169->172, 175-179, 183-185, 190-191, 204, 235->241, 249->253, 254-256, 279-280, 315-316, 318-319, 339->341, 341->343, 343->346, 362-363, 368-369, 392->394, 394->396, 425-426, 437-438, 468-470, 491-493, 501-502, 513-518, 554-557, 601-605, 608, 629->exit, 631-632, 645->exit, 647-648, 657-666, 669->671, 680->exit, 686-690, 701->706, 709-711, 720->exit, 726-730, 740-743, 750->752, 758->757, 776->exit, 778-781, 793-815, 818->exit, 825-828, 835->exit, 851->exit, 855-858
src\loats\config\settings.py            79      2     12      2    96%   108, 153
src\loats\database.py                  441     31     82     17    90%   342->348, 359, 441, 469, 822, 835-838, 845, 960, 1052, 1137, 1288, 1293, 1448, 1505, 1531, 1540, 1542-1543, 1561->1570, 1566-1567, 1582->exit, 1590, 1606, 1610, 1614, 1618, 1622, 1626, 1632, 1642, 1646
src\loats\initialization.py              6      1      2      1    75%   20
src\loats\loats_logging.py              20      0      4      0   100%
src\loats\main.py                      115     26     12      2    75%   41, 70-83, 128-130, 159-165, 169-175
src\loats\metrics.py                   201     63     20      3    67%   126-127, 140-141, 149->151, 154->156, 157-158, 164-165, 171-172, 176->exit, 198-216, 220-234, 238-241, 245-248, 252-288, 368-370, 375, 390-411
src\loats\models.py                    230      3     20      4    97%   79, 87->89, 141, 244
src\loats\openalgo.py                  335     16    126     12    94%   111->exit, 131, 151, 157, 173-179, 191, 203-209, 274->276, 320->322, 366->368, 370->372, 418->exit, 440, 460, 476-477, 483-484, 533->535, 583->585, 629->631, 633->635
src\loats\options.py                   238     69     64     11    68%   63, 107, 125, 137-149, 191-196, 200-234, 256, 280-312, 320-326, 340-342, 372, 383-393, 416, 426-428, 450, 470, 520->514, 608
src\loats\scheduler.py                 349     86     66     21    72%   52-54, 75-77, 124->exit, 133-135, 139->exit, 144-145, 148, 154-156, 165-168, 182-183, 194-195, 211-212, 242->263, 275, 277-278, 294-297, 325-328, 331, 349-353, 367-370, 379-384, 391-396, 415-416, 425-436, 438->449, 458-461, 464->466, 466->475, 520, 522-523, 541-544, 555->554, 558-559, 563->570, 570->577, 577->exit, 584-585, 594-597, 620, 636-638, 659-660
src\loats\sentiment.py                 109     25     26      4    76%   57-83, 94-95, 116-120, 141-144, 153, 178-179
src\loats\ta.py                        298    100    114     12    63%   25, 29-31, 37, 41-51, 60-73, 97, 165-231, 252, 289-340, 370, 440->446, 449, 474, 516->526, 530, 539, 549->570
src\loats\utils\cache.py               157     26     36      4    84%   87-89, 94-95, 117-119, 130-135, 156-158, 202->205, 206-208, 223-225, 250->249, 257-259, 282-284
src\loats\utils\circuit_breaker.py     136      1     24      4    97%   137, 170->exit, 202->206, 244->248
src\loats\utils\rate_limiter.py        133     17     44      6    84%   78-100, 126, 193, 197, 207, 229, 309
src\loats\utils\resilience.py           83     15     24      6    77%   39-41, 97-98, 115, 120-124, 188-189, 206, 211-215
src\loats\utils\retry.py                89      8     26      3    87%   137-139, 184-185, 207-209
--------------------------------------------------------------------------------
TOTAL                                 3508    601    880    150    80%
Required test coverage of 80.0% reached. Total coverage: 80.10%
======================= 640 passed in 100.52s (0:01:40) =======================
