============================= test session starts =============================
collected 615 items

tests\test_metrics.py ......................                             [  3%]
tests\test_cache.py .............................                        [  8%]
tests\test_kill_switch_simple.py .                                       [  8%]
tests\test_utils.py ...F..............................                   [ 13%]
tests\test_ta_additional.py .................                            [ 16%]
tests\test_sentiment_coverage.py ......                                  [ 17%]
tests\test_rate_limiter_additional.py ......................             [ 21%]
tests\test_database.py ....................                              [ 24%]
tests\test_openalgo.py ......                                            [ 25%]
tests\test_cache_additional.py ..................                        [ 28%]
tests\test_openalgo_integration_fixed.py ............................... [ 33%]
.                                                                        [ 33%]
tests\test_openalgo_comprehensive_fixed.py ............................. [ 38%]
.......                                                                  [ 39%]
tests\test_alerts_coverage.py .......                                    [ 40%]
tests\test_alerts.py ................................................... [ 48%]
...............                                                          [ 51%]
tests\test_openalgo_fixed.py .........................                   [ 55%]
tests\test_openalgo_comprehensive_fixed2.py ............................ [ 60%]
........                                                                 [ 61%]
tests\test_models.py .........................                           [ 65%]
tests\test_simple_logging.py ..                                          [ 65%]
tests\test_ta.py ...................                                     [ 68%]
tests\test_openalgo_integration.py ................................      [ 73%]
tests\test_main_extended.py ........                                     [ 75%]
tests\test_config.py .......                                             [ 76%]
tests\test_cache_redis_coverage.py ..............                        [ 78%]
tests\test_coverage_booster.py ....                                      [ 79%]
tests\test_vacuum_cleanup.py ...                                         [ 79%]
tests\test_scheduler_extended.py ....                                    [ 80%]
tests\test_ta_advanced_coverage.py ..........                            [ 82%]
tests\test_audit_hash_mutation.py ....                                   [ 82%]
tests\test_rate_limiter.py ..........................                    [ 86%]
tests\test_scheduler.py ..                                               [ 87%]
tests\test_minimal_logging.py .                                          [ 87%]
tests\test_openalgo_comprehensive.py ................................... [ 93%]
.                                                                        [ 93%]
tests\test_main.py ...                                                   [ 93%]
tests\test_sentiment.py ...                                              [ 94%]
tests\test_final_logging_verification.py .                               [ 94%]
tests\test_portfolio_greeks.py ......                                    [ 95%]
tests\test_logging.py .....                                              [ 96%]
tests\test_logging_implementation.py .                                   [ 96%]
tests\test_scheduler_full.py ......                                      [ 97%]
tests\test_options.py ..............                                     [ 99%]
tests\test_kill_switch_fixed.py ..                                       [100%]

================================== FAILURES ===================================
_______________ TestCircuitBreaker.test_half_open_after_timeout _______________

self = <tests.test_utils.TestCircuitBreaker object at 0x0000024D9D1B2FF0>

    def test_half_open_after_timeout(self) -> None:
        """Test circuit transitions to HALF_OPEN after timeout."""
        config = CircuitBreakerConfig(
            failure_threshold=1,
            timeout=0.1,  # 100ms timeout
        )
        cb = CircuitBreaker("test", config=config)
    
        def fail() -> None:
            raise RuntimeError("Test error")
    
        # Open the circuit
        with pytest.raises(RuntimeError):
            cb.call(fail)
>       assert cb.state == CircuitState.OPEN
E       AssertionError: assert <CircuitState.HALF_OPEN: 'half_open'> == <CircuitState.OPEN: 'open'>
E        +  where <CircuitState.HALF_OPEN: 'half_open'> = <src.loats.utils.circuit_breaker.CircuitBreaker object at 0x0000024D9D2E2C00>.state
E        +  and   <CircuitState.OPEN: 'open'> = CircuitState.OPEN

tests\test_utils.py:179: AssertionError
---------------------------- Captured stderr call -----------------------------
2026-08-03T14:51:34.374189Z [warning  ] 2026-08-03T14:51:34.228687Z [warning  ] Circuit breaker 'test' OPENED after 1 consecutive failures [src.loats.utils.circuit_breaker] [src.loats.utils.circuit_breaker]
2026-08-03T14:51:34.375189Z [info     ] 2026-08-03T14:51:34.375189Z [info     ] Circuit breaker 'test' transitioning to HALF_OPEN [src.loats.utils.circuit_breaker] [src.loats.utils.circuit_breaker]
------------------------------ Captured log call ------------------------------
WARNING  src.loats.utils.circuit_breaker:circuit_breaker.py:171 2026-08-03T14:51:34.228687Z [warning  ] Circuit breaker 'test' OPENED after 1 consecutive failures [src.loats.utils.circuit_breaker]
INFO     src.loats.utils.circuit_breaker:circuit_breaker.py:116 2026-08-03T14:51:34.375189Z [info     ] Circuit breaker 'test' transitioning to HALF_OPEN [src.loats.utils.circuit_breaker]
============================== warnings summary ===============================
tests/test_kill_switch_fixed.py::test_kill_switch_check
  C:\Program Files\Python312\Lib\site-packages\_pytest\python.py:171: PytestReturnNotNoneWarning: Test functions should return None, but tests/test_kill_switch_fixed.py::test_kill_switch_check returned <class 'bool'>.
  Did you mean to use `assert` instead of `return`?
  See https://docs.pytest.org/en/stable/how-to/assert.html#return-not-none for more information.
    warnings.warn(

tests/test_kill_switch_fixed.py::test_async_kill_switch_check
  C:\Program Files\Python312\Lib\site-packages\_pytest\python.py:171: PytestReturnNotNoneWarning: Test functions should return None, but tests/test_kill_switch_fixed.py::test_async_kill_switch_check returned <class 'bool'>.
  Did you mean to use `assert` instead of `return`?
  See https://docs.pytest.org/en/stable/how-to/assert.html#return-not-none for more information.
    warnings.warn(

-- Docs: https://docs.pytest.org/en/stable/how-to/capture-warnings.html
=========================== short test summary info ===========================
FAILED tests/test_utils.py::TestCircuitBreaker::test_half_open_after_timeout
============ 1 failed, 614 passed, 2 warnings in 598.87s (0:09:58) ============
