============================= test session starts =============================
collected 151 items

tests\test_alerts.py ................................................... [ 33%]
...............                                                          [ 43%]
tests\test_cache.py .............................                        [ 62%]
tests\test_utils.py ..................................                   [ 85%]
tests\test_metrics.py ......................                             [100%]

============================ 151 passed in 26.00s =============================
